2019-05-13 05:31:37,630 [cuckoo.core.scheduler] INFO: Task #1075900: acquired machine win7x6423 (label=win7x6423)
2019-05-13 05:31:37,633 [cuckoo.core.plugins] DEBUG: Started auxiliary module: Replay
2019-05-13 05:31:37,944 [cuckoo.auxiliary.sniffer] INFO: Started sniffer with PID 50390 (interface=vboxnet0, host=192.168.168.223)
2019-05-13 05:31:37,947 [cuckoo.core.plugins] DEBUG: Started auxiliary module: Sniffer
2019-05-13 05:31:37,987 [cuckoo.machinery.virtualbox] DEBUG: Starting vm win7x6423
2019-05-13 05:31:38,484 [cuckoo.machinery.virtualbox] DEBUG: Restoring virtual machine win7x6423 to vmcloak
2019-05-13 05:31:47,265 [cuckoo.core.guest] INFO: Starting analysis on guest (id=win7x6423, ip=192.168.168.223)
2019-05-13 05:31:48,270 [cuckoo.core.guest] DEBUG: win7x6423: not ready yet
2019-05-13 05:31:49,284 [cuckoo.core.guest] DEBUG: win7x6423: not ready yet
2019-05-13 05:31:49,412 [cuckoo.core.guest] INFO: Guest is running Cuckoo Agent 0.8 (id=win7x6423, ip=192.168.168.223)
2019-05-13 05:31:49,458 [cuckoo.core.guest] DEBUG: Uploading analyzer to guest (id=win7x6423, ip=192.168.168.223, monitor=latest, size=4122890)
2019-05-13 05:31:49,988 [cuckoo.core.guest] DEBUG: win7x6423: analysis still processing
2019-05-13 05:31:50,606 [cuckoo.core.resultserver] DEBUG: LogHandler for live analysis.log initialized.
2019-05-13 05:31:51,016 [cuckoo.core.guest] DEBUG: win7x6423: analysis still processing
2019-05-13 05:31:52,103 [cuckoo.core.guest] DEBUG: win7x6423: analysis still processing
2019-05-13 05:31:53,030 [cuckoo.core.resultserver] DEBUG: New process (pid=2328, ppid=2272, name=1ece78360c517a9f67aef4742d2f55f722118290bf9be493f1a3bfa44fc87543.exe)
2019-05-13 05:31:53,115 [cuckoo.core.guest] DEBUG: win7x6423: analysis still processing
2019-05-13 05:31:53,757 [cuckoo.core.resultserver] DEBUG: File upload request for shots/0001.jpg
2019-05-13 05:31:53,761 [cuckoo.core.resultserver] DEBUG: Uploaded file length: 69467
2019-05-13 05:31:54,130 [cuckoo.core.guest] DEBUG: win7x6423: analysis still processing
2019-05-13 05:31:55,143 [cuckoo.core.guest] DEBUG: win7x6423: analysis still processing
2019-05-13 05:31:56,159 [cuckoo.core.guest] DEBUG: win7x6423: analysis still processing
2019-05-13 05:31:56,198 [cuckoo.core.resultserver] DEBUG: New process (pid=2440, ppid=2328, name=dw20.exe)
2019-05-13 05:31:57,170 [cuckoo.core.guest] DEBUG: win7x6423: analysis still processing
2019-05-13 05:31:57,262 [cuckoo.core.resultserver] DEBUG: File upload request for curtain/1557721879.62.curtain.log
2019-05-13 05:31:57,287 [cuckoo.core.resultserver] DEBUG: Uploaded file length: 36
2019-05-13 05:31:57,964 [cuckoo.core.resultserver] DEBUG: File upload request for sysmon/1557721880.33.sysmon.xml
2019-05-13 05:31:57,969 [cuckoo.core.resultserver] DEBUG: Uploaded file length: 21
2019-05-13 05:31:58,142 [cuckoo.core.resultserver] DEBUG: File upload request for shots/0002.jpg
2019-05-13 05:31:58,153 [cuckoo.core.resultserver] DEBUG: Uploaded file length: 84281
2019-05-13 05:31:58,183 [cuckoo.core.guest] DEBUG: win7x6423: analysis still processing
2019-05-13 05:31:59,195 [cuckoo.core.guest] DEBUG: win7x6423: analysis still processing
2019-05-13 05:31:59,271 [cuckoo.core.resultserver] DEBUG: File upload request for shots/0003.jpg
2019-05-13 05:31:59,278 [cuckoo.core.resultserver] DEBUG: Uploaded file length: 82280
2019-05-13 05:31:59,491 [cuckoo.core.resultserver] DEBUG: File upload request for files/e3b0c44298fc1c14_WER925C.tmp
2019-05-13 05:32:00,204 [cuckoo.core.guest] DEBUG: win7x6423: analysis still processing
2019-05-13 05:32:00,356 [cuckoo.core.resultserver] DEBUG: File upload request for shots/0004.jpg
2019-05-13 05:32:00,370 [cuckoo.core.resultserver] DEBUG: Uploaded file length: 77094
2019-05-13 05:32:01,225 [cuckoo.core.guest] DEBUG: win7x6423: analysis still processing
2019-05-13 05:32:01,498 [cuckoo.core.resultserver] DEBUG: File upload request for shots/0005.jpg
2019-05-13 05:32:01,509 [cuckoo.core.resultserver] DEBUG: Uploaded file length: 76171
2019-05-13 05:32:02,236 [cuckoo.core.guest] DEBUG: win7x6423: analysis still processing
2019-05-13 05:32:03,250 [cuckoo.core.guest] DEBUG: win7x6423: analysis still processing
2019-05-13 05:32:04,273 [cuckoo.core.guest] DEBUG: win7x6423: analysis still processing
2019-05-13 05:32:04,628 [cuckoo.core.resultserver] DEBUG: File upload request for shots/0006.jpg
2019-05-13 05:32:04,636 [cuckoo.core.resultserver] DEBUG: Uploaded file length: 77161
2019-05-13 05:32:05,306 [cuckoo.core.guest] DEBUG: win7x6423: analysis still processing
2019-05-13 05:32:05,724 [cuckoo.core.resultserver] DEBUG: File upload request for shots/0007.jpg
2019-05-13 05:32:05,734 [cuckoo.core.resultserver] DEBUG: Uploaded file length: 78379
2019-05-13 05:32:06,330 [cuckoo.core.guest] DEBUG: win7x6423: analysis still processing
2019-05-13 05:32:06,836 [cuckoo.core.resultserver] DEBUG: File upload request for shots/0008.jpg
2019-05-13 05:32:06,842 [cuckoo.core.resultserver] DEBUG: Uploaded file length: 76098
2019-05-13 05:32:07,351 [cuckoo.core.guest] DEBUG: win7x6423: analysis still processing
2019-05-13 05:32:07,951 [cuckoo.core.resultserver] DEBUG: File upload request for shots/0009.jpg
2019-05-13 05:32:07,959 [cuckoo.core.resultserver] DEBUG: Uploaded file length: 78443
2019-05-13 05:32:08,365 [cuckoo.core.guest] DEBUG: win7x6423: analysis still processing
2019-05-13 05:32:09,057 [cuckoo.core.resultserver] DEBUG: File upload request for shots/0010.jpg
2019-05-13 05:32:09,076 [cuckoo.core.resultserver] DEBUG: Uploaded file length: 76363
2019-05-13 05:32:09,380 [cuckoo.core.guest] DEBUG: win7x6423: analysis still processing
2019-05-13 05:32:10,416 [cuckoo.core.guest] DEBUG: win7x6423: analysis still processing
2019-05-13 05:32:10,417 [cuckoo.core.resultserver] DEBUG: File upload request for shots/0011.jpg
2019-05-13 05:32:10,425 [cuckoo.core.resultserver] DEBUG: Uploaded file length: 75752
2019-05-13 05:32:11,433 [cuckoo.core.guest] DEBUG: win7x6423: analysis still processing
2019-05-13 05:32:12,453 [cuckoo.core.guest] DEBUG: win7x6423: analysis still processing
2019-05-13 05:32:12,525 [cuckoo.core.resultserver] DEBUG: File upload request for shots/0012.jpg
2019-05-13 05:32:12,540 [cuckoo.core.resultserver] DEBUG: Uploaded file length: 78412
2019-05-13 05:32:13,474 [cuckoo.core.guest] DEBUG: win7x6423: analysis still processing
2019-05-13 05:32:13,633 [cuckoo.core.resultserver] DEBUG: File upload request for shots/0013.jpg
2019-05-13 05:32:13,641 [cuckoo.core.resultserver] DEBUG: Uploaded file length: 77032
2019-05-13 05:32:14,557 [cuckoo.core.guest] DEBUG: win7x6423: analysis still processing
2019-05-13 05:32:14,749 [cuckoo.core.resultserver] DEBUG: File upload request for shots/0014.jpg
2019-05-13 05:32:14,761 [cuckoo.core.resultserver] DEBUG: Uploaded file length: 76149
2019-05-13 05:32:15,577 [cuckoo.core.guest] DEBUG: win7x6423: analysis still processing
2019-05-13 05:32:16,596 [cuckoo.core.guest] DEBUG: win7x6423: analysis still processing
2019-05-13 05:32:17,663 [cuckoo.core.guest] DEBUG: win7x6423: analysis still processing
2019-05-13 05:32:17,701 [cuckoo.core.resultserver] DEBUG: File upload request for curtain/1557721900.05.curtain.log
2019-05-13 05:32:17,706 [cuckoo.core.resultserver] DEBUG: Uploaded file length: 36
2019-05-13 05:32:18,385 [cuckoo.core.resultserver] DEBUG: File upload request for sysmon/1557721900.72.sysmon.xml
2019-05-13 05:32:18,396 [cuckoo.core.resultserver] DEBUG: Uploaded file length: 286794
2019-05-13 05:32:20,560 [cuckoo.core.resultserver] DEBUG: File upload request for shots/0015.jpg
2019-05-13 05:32:20,565 [cuckoo.core.resultserver] DEBUG: Uploaded file length: 78519
2019-05-13 05:32:21,403 [cuckoo.core.resultserver] DEBUG: File upload request for shots/0016.jpg
2019-05-13 05:32:21,416 [cuckoo.core.resultserver] DEBUG: Uploaded file length: 77803
2019-05-13 05:32:22,596 [cuckoo.core.resultserver] DEBUG: File upload request for shots/0017.jpg
2019-05-13 05:32:22,612 [cuckoo.core.resultserver] DEBUG: Uploaded file length: 76207
2019-05-13 05:32:23,871 [cuckoo.core.guest] INFO: Virtual Machine /status failed (CuckooGuestError('Cuckoo Agent failed without error status, please try upgrading to the latest version of agent.py (>= 0.8) and notify us if the issue persists.',))
2019-05-13 05:32:23,883 [cuckoo.core.guest] DEBUG: win7x6423: analysis still processing
2019-05-13 05:32:24,731 [cuckoo.core.resultserver] DEBUG: File upload request for shots/0018.jpg
2019-05-13 05:32:24,742 [cuckoo.core.resultserver] DEBUG: Uploaded file length: 78412
2019-05-13 05:32:25,930 [cuckoo.core.resultserver] DEBUG: File upload request for shots/0019.jpg
2019-05-13 05:32:25,956 [cuckoo.core.resultserver] DEBUG: Uploaded file length: 76130
2019-05-13 05:32:29,281 [cuckoo.core.resultserver] DEBUG: File upload request for shots/0020.jpg
2019-05-13 05:32:29,327 [cuckoo.core.resultserver] DEBUG: Uploaded file length: 77130
2019-05-13 05:32:29,903 [cuckoo.core.guest] INFO: Virtual Machine /status failed (CuckooGuestError('Cuckoo Agent failed without error status, please try upgrading to the latest version of agent.py (>= 0.8) and notify us if the issue persists.',))
2019-05-13 05:32:29,919 [cuckoo.core.guest] DEBUG: win7x6423: analysis still processing
2019-05-13 05:32:30,459 [cuckoo.core.resultserver] DEBUG: File upload request for shots/0021.jpg
2019-05-13 05:32:30,469 [cuckoo.core.resultserver] DEBUG: Uploaded file length: 76945
2019-05-13 05:32:33,697 [cuckoo.core.resultserver] DEBUG: File upload request for shots/0022.jpg
2019-05-13 05:32:33,715 [cuckoo.core.resultserver] DEBUG: Uploaded file length: 78475
2019-05-13 05:32:34,799 [cuckoo.core.resultserver] DEBUG: File upload request for shots/0023.jpg
2019-05-13 05:32:34,802 [cuckoo.core.resultserver] DEBUG: Uploaded file length: 77174
2019-05-13 05:32:35,905 [cuckoo.core.resultserver] DEBUG: File upload request for shots/0024.jpg
2019-05-13 05:32:35,916 [cuckoo.core.resultserver] DEBUG: Uploaded file length: 76102
2019-05-13 05:32:35,934 [cuckoo.core.guest] INFO: Virtual Machine /status failed (CuckooGuestError('Cuckoo Agent failed without error status, please try upgrading to the latest version of agent.py (>= 0.8) and notify us if the issue persists.',))
2019-05-13 05:32:35,950 [cuckoo.core.guest] DEBUG: win7x6423: analysis still processing
2019-05-13 05:32:38,209 [cuckoo.core.resultserver] DEBUG: File upload request for shots/0025.jpg
2019-05-13 05:32:38,211 [cuckoo.core.resultserver] DEBUG: File upload request for curtain/1557721920.45.curtain.log
2019-05-13 05:32:38,216 [cuckoo.core.resultserver] DEBUG: Uploaded file length: 36
2019-05-13 05:32:38,247 [cuckoo.core.resultserver] DEBUG: Uploaded file length: 78449
2019-05-13 05:32:38,922 [cuckoo.core.resultserver] DEBUG: File upload request for sysmon/1557721921.28.sysmon.xml
2019-05-13 05:32:38,938 [cuckoo.core.resultserver] DEBUG: Uploaded file length: 473028
2019-05-13 05:32:39,391 [cuckoo.core.resultserver] DEBUG: File upload request for shots/0026.jpg
2019-05-13 05:32:39,398 [cuckoo.core.resultserver] DEBUG: Uploaded file length: 76244
2019-05-13 05:32:40,701 [cuckoo.core.resultserver] DEBUG: File upload request for shots/0027.jpg
2019-05-13 05:32:40,707 [cuckoo.core.resultserver] DEBUG: Uploaded file length: 77036
2019-05-13 05:32:41,930 [cuckoo.core.resultserver] DEBUG: File upload request for shots/0028.jpg
2019-05-13 05:32:41,940 [cuckoo.core.resultserver] DEBUG: Uploaded file length: 79019
2019-05-13 05:32:41,966 [cuckoo.core.guest] INFO: Virtual Machine /status failed (CuckooGuestError('Cuckoo Agent failed without error status, please try upgrading to the latest version of agent.py (>= 0.8) and notify us if the issue persists.',))
2019-05-13 05:32:41,978 [cuckoo.core.guest] DEBUG: win7x6423: analysis still processing
2019-05-13 05:32:43,243 [cuckoo.core.resultserver] DEBUG: File upload request for shots/0029.jpg
2019-05-13 05:32:43,247 [cuckoo.core.resultserver] DEBUG: Uploaded file length: 76251
2019-05-13 05:32:44,463 [cuckoo.core.resultserver] DEBUG: File upload request for shots/0030.jpg
2019-05-13 05:32:44,492 [cuckoo.core.resultserver] DEBUG: Uploaded file length: 76945
2019-05-13 05:32:45,957 [cuckoo.core.resultserver] DEBUG: File upload request for shots/0031.jpg
2019-05-13 05:32:45,960 [cuckoo.core.resultserver] DEBUG: Uploaded file length: 78586
2019-05-13 05:32:47,421 [cuckoo.core.resultserver] DEBUG: File upload request for shots/0032.jpg
2019-05-13 05:32:47,431 [cuckoo.core.resultserver] DEBUG: Uploaded file length: 78549
2019-05-13 05:32:48,002 [cuckoo.core.guest] INFO: Virtual Machine /status failed (CuckooGuestError('Cuckoo Agent failed without error status, please try upgrading to the latest version of agent.py (>= 0.8) and notify us if the issue persists.',))
2019-05-13 05:32:48,015 [cuckoo.core.guest] DEBUG: win7x6423: analysis still processing
2019-05-13 05:32:48,480 [cuckoo.core.resultserver] DEBUG: File upload request for shots/0033.jpg
2019-05-13 05:32:48,491 [cuckoo.core.resultserver] DEBUG: Uploaded file length: 77667
2019-05-13 05:32:49,605 [cuckoo.core.resultserver] DEBUG: File upload request for shots/0034.jpg
2019-05-13 05:32:49,611 [cuckoo.core.resultserver] DEBUG: Uploaded file length: 76136
2019-05-13 05:32:50,719 [cuckoo.core.resultserver] DEBUG: File upload request for shots/0035.jpg
2019-05-13 05:32:50,726 [cuckoo.core.resultserver] DEBUG: Uploaded file length: 77161
2019-05-13 05:32:51,899 [cuckoo.core.resultserver] DEBUG: File upload request for shots/0036.jpg
2019-05-13 05:32:51,909 [cuckoo.core.resultserver] DEBUG: Uploaded file length: 78856
2019-05-13 05:32:53,018 [cuckoo.core.resultserver] DEBUG: File upload request for shots/0037.jpg
2019-05-13 05:32:53,027 [cuckoo.core.resultserver] DEBUG: Uploaded file length: 76307
2019-05-13 05:32:54,035 [cuckoo.core.guest] INFO: Virtual Machine /status failed (CuckooGuestError('Cuckoo Agent failed without error status, please try upgrading to the latest version of agent.py (>= 0.8) and notify us if the issue persists.',))
2019-05-13 05:32:54,039 [cuckoo.core.guest] DEBUG: win7x6423: analysis still processing
2019-05-13 05:32:54,266 [cuckoo.core.resultserver] DEBUG: File upload request for shots/0038.jpg
2019-05-13 05:32:54,284 [cuckoo.core.resultserver] DEBUG: Uploaded file length: 76740
2019-05-13 05:32:55,571 [cuckoo.core.resultserver] DEBUG: File upload request for shots/0039.jpg
2019-05-13 05:32:55,580 [cuckoo.core.resultserver] DEBUG: Uploaded file length: 75736
2019-05-13 05:32:56,608 [cuckoo.core.resultserver] DEBUG: File upload request for shots/0040.jpg
2019-05-13 05:32:56,636 [cuckoo.core.resultserver] DEBUG: Uploaded file length: 78494
2019-05-13 05:32:57,895 [cuckoo.core.resultserver] DEBUG: File upload request for shots/0041.jpg
2019-05-13 05:32:57,913 [cuckoo.core.resultserver] DEBUG: Uploaded file length: 76261
2019-05-13 05:32:58,615 [cuckoo.core.resultserver] DEBUG: File upload request for curtain/1557721940.95.curtain.log
2019-05-13 05:32:58,619 [cuckoo.core.resultserver] DEBUG: Uploaded file length: 36
2019-05-13 05:32:59,074 [cuckoo.core.resultserver] DEBUG: File upload request for shots/0042.jpg
2019-05-13 05:32:59,099 [cuckoo.core.resultserver] DEBUG: Uploaded file length: 77025
2019-05-13 05:32:59,581 [cuckoo.core.resultserver] DEBUG: File upload request for sysmon/1557721941.94.sysmon.xml
2019-05-13 05:32:59,601 [cuckoo.core.resultserver] DEBUG: Uploaded file length: 783746
2019-05-13 05:33:00,074 [cuckoo.core.guest] INFO: Virtual Machine /status failed (CuckooGuestError('Cuckoo Agent failed without error status, please try upgrading to the latest version of agent.py (>= 0.8) and notify us if the issue persists.',))
2019-05-13 05:33:00,107 [cuckoo.core.guest] DEBUG: win7x6423: analysis still processing
2019-05-13 05:33:00,195 [cuckoo.core.resultserver] DEBUG: File upload request for shots/0043.jpg
2019-05-13 05:33:00,205 [cuckoo.core.resultserver] DEBUG: Uploaded file length: 76136
2019-05-13 05:33:06,133 [cuckoo.core.guest] INFO: Virtual Machine /status failed (CuckooGuestError('Cuckoo Agent failed without error status, please try upgrading to the latest version of agent.py (>= 0.8) and notify us if the issue persists.',))
2019-05-13 05:33:06,147 [cuckoo.core.guest] DEBUG: win7x6423: analysis still processing
2019-05-13 05:33:07,008 [cuckoo.core.resultserver] DEBUG: File upload request for shots/0044.jpg
2019-05-13 05:33:07,030 [cuckoo.core.resultserver] DEBUG: Uploaded file length: 78477
2019-05-13 05:33:08,219 [cuckoo.core.resultserver] DEBUG: File upload request for shots/0045.jpg
2019-05-13 05:33:08,313 [cuckoo.core.resultserver] DEBUG: Uploaded file length: 76654
2019-05-13 05:33:12,177 [cuckoo.core.guest] INFO: Virtual Machine /status failed (CuckooGuestError('Cuckoo Agent failed without error status, please try upgrading to the latest version of agent.py (>= 0.8) and notify us if the issue persists.',))
2019-05-13 05:33:12,189 [cuckoo.core.guest] DEBUG: win7x6423: analysis still processing
2019-05-13 05:33:14,062 [cuckoo.core.resultserver] DEBUG: File upload request for shots/0046.jpg
2019-05-13 05:33:14,080 [cuckoo.core.resultserver] DEBUG: Uploaded file length: 76501
2019-05-13 05:33:15,218 [cuckoo.core.resultserver] DEBUG: File upload request for shots/0047.jpg
2019-05-13 05:33:15,228 [cuckoo.core.resultserver] DEBUG: Uploaded file length: 69148
2019-05-13 05:33:16,428 [cuckoo.core.resultserver] DEBUG: File upload request for shots/0048.jpg
2019-05-13 05:33:16,437 [cuckoo.core.resultserver] DEBUG: Uploaded file length: 76243
2019-05-13 05:33:17,695 [cuckoo.core.resultserver] DEBUG: File upload request for shots/0049.jpg
2019-05-13 05:33:17,702 [cuckoo.core.resultserver] DEBUG: Uploaded file length: 78478
2019-05-13 05:33:18,205 [cuckoo.core.guest] INFO: Virtual Machine /status failed (CuckooGuestError('Cuckoo Agent failed without error status, please try upgrading to the latest version of agent.py (>= 0.8) and notify us if the issue persists.',))
2019-05-13 05:33:18,216 [cuckoo.core.guest] DEBUG: win7x6423: analysis still processing
2019-05-13 05:33:18,895 [cuckoo.core.resultserver] DEBUG: File upload request for shots/0050.jpg
2019-05-13 05:33:18,907 [cuckoo.core.resultserver] DEBUG: Uploaded file length: 76282
2019-05-13 05:33:19,631 [cuckoo.core.resultserver] DEBUG: File upload request for curtain/1557721961.98.curtain.log
2019-05-13 05:33:19,635 [cuckoo.core.resultserver] DEBUG: Uploaded file length: 36
2019-05-13 05:33:20,748 [cuckoo.core.resultserver] DEBUG: File upload request for sysmon/1557721963.08.sysmon.xml
2019-05-13 05:33:20,762 [cuckoo.core.resultserver] DEBUG: Uploaded file length: 1092856
2019-05-13 05:33:24,238 [cuckoo.core.guest] INFO: Virtual Machine /status failed (CuckooGuestError('Cuckoo Agent failed without error status, please try upgrading to the latest version of agent.py (>= 0.8) and notify us if the issue persists.',))
2019-05-13 05:33:24,248 [cuckoo.core.guest] DEBUG: win7x6423: analysis still processing
2019-05-13 05:33:26,779 [cuckoo.core.resultserver] DEBUG: File upload request for shots/0051.jpg
2019-05-13 05:33:26,790 [cuckoo.core.resultserver] DEBUG: Uploaded file length: 78486
2019-05-13 05:33:27,926 [cuckoo.core.resultserver] DEBUG: File upload request for shots/0052.jpg
2019-05-13 05:33:27,934 [cuckoo.core.resultserver] DEBUG: Uploaded file length: 76256
2019-05-13 05:33:30,278 [cuckoo.core.guest] INFO: Virtual Machine /status failed (CuckooGuestError('Cuckoo Agent failed without error status, please try upgrading to the latest version of agent.py (>= 0.8) and notify us if the issue persists.',))
2019-05-13 05:33:30,291 [cuckoo.core.guest] DEBUG: win7x6423: analysis still processing
2019-05-13 05:33:36,328 [cuckoo.core.guest] INFO: Virtual Machine /status failed (CuckooGuestError('Cuckoo Agent failed without error status, please try upgrading to the latest version of agent.py (>= 0.8) and notify us if the issue persists.',))
2019-05-13 05:33:36,347 [cuckoo.core.guest] DEBUG: win7x6423: analysis still processing
2019-05-13 05:33:36,969 [cuckoo.core.resultserver] DEBUG: File upload request for shots/0053.jpg
2019-05-13 05:33:36,981 [cuckoo.core.resultserver] DEBUG: Uploaded file length: 70137
2019-05-13 05:33:38,150 [cuckoo.core.resultserver] DEBUG: File upload request for shots/0054.jpg
2019-05-13 05:33:38,163 [cuckoo.core.resultserver] DEBUG: Uploaded file length: 76116
2019-05-13 05:33:39,337 [cuckoo.core.resultserver] DEBUG: File upload request for shots/0055.jpg
2019-05-13 05:33:39,357 [cuckoo.core.resultserver] DEBUG: Uploaded file length: 77094
2019-05-13 05:33:40,156 [cuckoo.core.resultserver] DEBUG: File upload request for curtain/1557721982.5.curtain.log
2019-05-13 05:33:40,166 [cuckoo.core.resultserver] DEBUG: Uploaded file length: 36
2019-05-13 05:33:40,514 [cuckoo.core.resultserver] DEBUG: File upload request for shots/0056.jpg
2019-05-13 05:33:40,521 [cuckoo.core.resultserver] DEBUG: Uploaded file length: 76843
2019-05-13 05:33:42,295 [cuckoo.core.resultserver] DEBUG: File upload request for sysmon/1557721984.64.sysmon.xml
2019-05-13 05:33:42,384 [cuckoo.core.guest] INFO: Virtual Machine /status failed (CuckooGuestError('Cuckoo Agent failed without error status, please try upgrading to the latest version of agent.py (>= 0.8) and notify us if the issue persists.',))
2019-05-13 05:33:42,393 [cuckoo.core.guest] DEBUG: win7x6423: analysis still processing
2019-05-13 05:33:42,394 [cuckoo.core.resultserver] DEBUG: Uploaded file length: 1408674
2019-05-13 05:33:43,867 [cuckoo.core.resultserver] DEBUG: File upload request for shots/0057.jpg
2019-05-13 05:33:43,876 [cuckoo.core.resultserver] DEBUG: Uploaded file length: 78498
2019-05-13 05:33:45,057 [cuckoo.core.resultserver] DEBUG: File upload request for shots/0058.jpg
2019-05-13 05:33:45,070 [cuckoo.core.resultserver] DEBUG: Uploaded file length: 76239
2019-05-13 05:33:46,570 [cuckoo.core.resultserver] DEBUG: File upload request for shots/0059.jpg
2019-05-13 05:33:46,583 [cuckoo.core.resultserver] DEBUG: Uploaded file length: 77012
2019-05-13 05:33:47,602 [cuckoo.core.resultserver] DEBUG: File upload request for shots/0060.jpg
2019-05-13 05:33:47,617 [cuckoo.core.resultserver] DEBUG: Uploaded file length: 78405
2019-05-13 05:33:48,418 [cuckoo.core.guest] INFO: Virtual Machine /status failed (CuckooGuestError('Cuckoo Agent failed without error status, please try upgrading to the latest version of agent.py (>= 0.8) and notify us if the issue persists.',))
2019-05-13 05:33:48,433 [cuckoo.core.guest] DEBUG: win7x6423: analysis still processing
2019-05-13 05:33:48,925 [cuckoo.core.resultserver] DEBUG: File upload request for shots/0061.jpg
2019-05-13 05:33:48,935 [cuckoo.core.resultserver] DEBUG: Uploaded file length: 76202
2019-05-13 05:33:51,171 [cuckoo.core.resultserver] DEBUG: File upload request for shots/0062.jpg
2019-05-13 05:33:51,191 [cuckoo.core.resultserver] DEBUG: Uploaded file length: 78493
2019-05-13 05:33:52,352 [cuckoo.core.resultserver] DEBUG: File upload request for shots/0063.jpg
2019-05-13 05:33:52,364 [cuckoo.core.resultserver] DEBUG: Uploaded file length: 76331
2019-05-13 05:33:54,495 [cuckoo.core.resultserver] DEBUG: File upload request for shots/0064.jpg
2019-05-13 05:33:54,503 [cuckoo.core.resultserver] DEBUG: Uploaded file length: 77128
2019-05-13 05:33:54,565 [cuckoo.core.guest] INFO: Virtual Machine /status failed (CuckooGuestError('Cuckoo Agent failed without error status, please try upgrading to the latest version of agent.py (>= 0.8) and notify us if the issue persists.',))
2019-05-13 05:33:54,579 [cuckoo.core.guest] DEBUG: win7x6423: analysis still processing
2019-05-13 05:33:55,700 [cuckoo.core.resultserver] DEBUG: File upload request for shots/0065.jpg
2019-05-13 05:33:55,730 [cuckoo.core.resultserver] DEBUG: Uploaded file length: 76104
2019-05-13 05:33:56,881 [cuckoo.core.resultserver] DEBUG: File upload request for shots/0066.jpg
2019-05-13 05:33:56,902 [cuckoo.core.resultserver] DEBUG: Uploaded file length: 77516
2019-05-13 05:33:58,107 [cuckoo.core.resultserver] DEBUG: File upload request for shots/0067.jpg
2019-05-13 05:33:58,117 [cuckoo.core.resultserver] DEBUG: Uploaded file length: 78930
2019-05-13 05:33:59,372 [cuckoo.core.resultserver] DEBUG: File upload request for shots/0068.jpg
2019-05-13 05:34:00,062 [cuckoo.core.resultserver] DEBUG: Uploaded file length: 77073
2019-05-13 05:34:00,458 [cuckoo.core.resultserver] DEBUG: File upload request for shots/0069.jpg
2019-05-13 05:34:00,468 [cuckoo.core.resultserver] DEBUG: Uploaded file length: 80492
2019-05-13 05:34:00,623 [cuckoo.core.guest] INFO: Virtual Machine /status failed (CuckooGuestError('Cuckoo Agent failed without error status, please try upgrading to the latest version of agent.py (>= 0.8) and notify us if the issue persists.',))
2019-05-13 05:34:00,639 [cuckoo.core.guest] DEBUG: win7x6423: analysis still processing
2019-05-13 05:34:01,449 [cuckoo.core.resultserver] DEBUG: File upload request for curtain/1557722003.78.curtain.log
2019-05-13 05:34:01,455 [cuckoo.core.resultserver] DEBUG: Uploaded file length: 36
2019-05-13 05:34:01,671 [cuckoo.core.resultserver] DEBUG: File upload request for shots/0070.jpg
2019-05-13 05:34:01,683 [cuckoo.core.resultserver] DEBUG: Uploaded file length: 79677
2019-05-13 05:34:03,685 [cuckoo.core.resultserver] DEBUG: File upload request for sysmon/1557722006.0.sysmon.xml
2019-05-13 05:34:03,719 [cuckoo.core.resultserver] DEBUG: Uploaded file length: 1864511
2019-05-13 05:34:03,874 [cuckoo.core.resultserver] DEBUG: File upload request for shots/0071.jpg
2019-05-13 05:34:03,887 [cuckoo.core.resultserver] DEBUG: Uploaded file length: 81171
2019-05-13 05:34:04,993 [cuckoo.core.resultserver] DEBUG: File upload request for shots/0072.jpg
2019-05-13 05:34:05,001 [cuckoo.core.resultserver] DEBUG: Uploaded file length: 78971
2019-05-13 05:34:06,191 [cuckoo.core.resultserver] DEBUG: File upload request for shots/0073.jpg
2019-05-13 05:34:06,196 [cuckoo.core.resultserver] DEBUG: Uploaded file length: 79775
2019-05-13 05:34:06,670 [cuckoo.core.guest] INFO: Virtual Machine /status failed (CuckooGuestError('Cuckoo Agent failed without error status, please try upgrading to the latest version of agent.py (>= 0.8) and notify us if the issue persists.',))
2019-05-13 05:34:06,684 [cuckoo.core.guest] DEBUG: win7x6423: analysis still processing
2019-05-13 05:34:07,330 [cuckoo.core.resultserver] DEBUG: File upload request for shots/0074.jpg
2019-05-13 05:34:07,354 [cuckoo.core.resultserver] DEBUG: Uploaded file length: 81320
2019-05-13 05:34:08,463 [cuckoo.core.resultserver] DEBUG: File upload request for shots/0075.jpg
2019-05-13 05:34:08,474 [cuckoo.core.resultserver] DEBUG: Uploaded file length: 79009
2019-05-13 05:34:10,643 [cuckoo.core.resultserver] DEBUG: File upload request for shots/0076.jpg
2019-05-13 05:34:10,657 [cuckoo.core.resultserver] DEBUG: Uploaded file length: 81986
2019-05-13 05:34:12,085 [cuckoo.core.resultserver] DEBUG: File upload request for shots/0077.jpg
2019-05-13 05:34:12,110 [cuckoo.core.resultserver] DEBUG: Uploaded file length: 79257
2019-05-13 05:34:12,710 [cuckoo.core.guest] INFO: Virtual Machine /status failed (CuckooGuestError('Cuckoo Agent failed without error status, please try upgrading to the latest version of agent.py (>= 0.8) and notify us if the issue persists.',))
2019-05-13 05:34:12,742 [cuckoo.core.guest] DEBUG: win7x6423: analysis still processing
2019-05-13 05:34:15,033 [cuckoo.core.resultserver] DEBUG: File upload request for shots/0078.jpg
2019-05-13 05:34:15,049 [cuckoo.core.resultserver] DEBUG: Uploaded file length: 81634
2019-05-13 05:34:17,248 [cuckoo.core.resultserver] DEBUG: File upload request for shots/0079.jpg
2019-05-13 05:34:17,259 [cuckoo.core.resultserver] DEBUG: Uploaded file length: 69869
2019-05-13 05:34:18,435 [cuckoo.core.resultserver] DEBUG: File upload request for shots/0080.jpg
2019-05-13 05:34:18,446 [cuckoo.core.resultserver] DEBUG: Uploaded file length: 78964
2019-05-13 05:34:19,057 [cuckoo.core.guest] INFO: Virtual Machine /status failed (CuckooGuestError('Cuckoo Agent failed without error status, please try upgrading to the latest version of agent.py (>= 0.8) and notify us if the issue persists.',))
2019-05-13 05:34:19,065 [cuckoo.core.guest] DEBUG: win7x6423: analysis still processing
2019-05-13 05:34:19,608 [cuckoo.core.resultserver] DEBUG: File upload request for shots/0081.jpg
2019-05-13 05:34:19,630 [cuckoo.core.resultserver] DEBUG: Uploaded file length: 68701
2019-05-13 05:34:20,787 [cuckoo.core.resultserver] DEBUG: File upload request for shots/0082.jpg
2019-05-13 05:34:20,800 [cuckoo.core.resultserver] DEBUG: Uploaded file length: 78973
2019-05-13 05:34:22,019 [cuckoo.core.resultserver] DEBUG: File upload request for shots/0083.jpg
2019-05-13 05:34:22,033 [cuckoo.core.resultserver] DEBUG: Uploaded file length: 79900
2019-05-13 05:34:22,270 [cuckoo.core.resultserver] DEBUG: File upload request for curtain/1557722024.58.curtain.log
2019-05-13 05:34:22,281 [cuckoo.core.resultserver] DEBUG: Uploaded file length: 36
2019-05-13 05:34:23,282 [cuckoo.core.resultserver] DEBUG: File upload request for shots/0084.jpg
2019-05-13 05:34:23,294 [cuckoo.core.resultserver] DEBUG: Uploaded file length: 78982
2019-05-13 05:34:24,896 [cuckoo.core.resultserver] DEBUG: File upload request for sysmon/1557722026.94.sysmon.xml
2019-05-13 05:34:24,936 [cuckoo.core.resultserver] DEBUG: Uploaded file length: 2254601
2019-05-13 05:34:25,082 [cuckoo.core.guest] INFO: Virtual Machine /status failed (CuckooGuestError('Cuckoo Agent failed without error status, please try upgrading to the latest version of agent.py (>= 0.8) and notify us if the issue persists.',))
2019-05-13 05:34:25,096 [cuckoo.core.guest] DEBUG: win7x6423: analysis still processing
2019-05-13 05:34:25,646 [cuckoo.core.resultserver] DEBUG: File upload request for shots/0085.jpg
2019-05-13 05:34:25,714 [cuckoo.core.resultserver] DEBUG: Uploaded file length: 79815
2019-05-13 05:34:26,936 [cuckoo.core.resultserver] DEBUG: File upload request for shots/0086.jpg
2019-05-13 05:34:26,952 [cuckoo.core.resultserver] DEBUG: Uploaded file length: 79350
2019-05-13 05:34:29,282 [cuckoo.core.resultserver] DEBUG: File upload request for shots/0087.jpg
2019-05-13 05:34:29,300 [cuckoo.core.resultserver] DEBUG: Uploaded file length: 81233
2019-05-13 05:34:31,129 [cuckoo.core.guest] INFO: Virtual Machine /status failed (CuckooGuestError('Cuckoo Agent failed without error status, please try upgrading to the latest version of agent.py (>= 0.8) and notify us if the issue persists.',))
2019-05-13 05:34:31,162 [cuckoo.core.guest] DEBUG: win7x6423: analysis still processing
2019-05-13 05:34:31,401 [cuckoo.core.resultserver] DEBUG: File upload request for shots/0088.jpg
2019-05-13 05:34:31,413 [cuckoo.core.resultserver] DEBUG: Uploaded file length: 79822
2019-05-13 05:34:32,563 [cuckoo.core.resultserver] DEBUG: File upload request for shots/0089.jpg
2019-05-13 05:34:32,569 [cuckoo.core.resultserver] DEBUG: Uploaded file length: 81195
2019-05-13 05:34:33,756 [cuckoo.core.resultserver] DEBUG: File upload request for shots/0090.jpg
2019-05-13 05:34:33,766 [cuckoo.core.resultserver] DEBUG: Uploaded file length: 79088
2019-05-13 05:34:37,003 [cuckoo.core.resultserver] DEBUG: File upload request for shots/0091.jpg
2019-05-13 05:34:37,017 [cuckoo.core.resultserver] DEBUG: Uploaded file length: 81244
2019-05-13 05:34:37,208 [cuckoo.core.guest] INFO: Virtual Machine /status failed (CuckooGuestError('Cuckoo Agent failed without error status, please try upgrading to the latest version of agent.py (>= 0.8) and notify us if the issue persists.',))
2019-05-13 05:34:37,213 [cuckoo.core.guest] DEBUG: win7x6423: analysis still processing
2019-05-13 05:34:38,241 [cuckoo.core.resultserver] DEBUG: File upload request for shots/0092.jpg
2019-05-13 05:34:38,268 [cuckoo.core.resultserver] DEBUG: Uploaded file length: 80236
2019-05-13 05:34:39,394 [cuckoo.core.resultserver] DEBUG: File upload request for shots/0093.jpg
2019-05-13 05:34:39,405 [cuckoo.core.resultserver] DEBUG: Uploaded file length: 79142
2019-05-13 05:34:40,694 [cuckoo.core.resultserver] DEBUG: File upload request for shots/0094.jpg
2019-05-13 05:34:40,714 [cuckoo.core.resultserver] DEBUG: Uploaded file length: 71466
2019-05-13 05:34:41,914 [cuckoo.core.resultserver] DEBUG: File upload request for shots/0095.jpg
2019-05-13 05:34:41,927 [cuckoo.core.resultserver] DEBUG: Uploaded file length: 79770
2019-05-13 05:34:42,875 [cuckoo.core.resultserver] DEBUG: File upload request for curtain/1557722045.17.curtain.log
2019-05-13 05:34:42,886 [cuckoo.core.resultserver] DEBUG: Uploaded file length: 36
2019-05-13 05:34:43,139 [cuckoo.core.resultserver] DEBUG: File upload request for shots/0096.jpg
2019-05-13 05:34:43,154 [cuckoo.core.resultserver] DEBUG: Uploaded file length: 80114
2019-05-13 05:34:43,251 [cuckoo.core.guest] INFO: Virtual Machine /status failed (CuckooGuestError('Cuckoo Agent failed without error status, please try upgrading to the latest version of agent.py (>= 0.8) and notify us if the issue persists.',))
2019-05-13 05:34:43,267 [cuckoo.core.guest] DEBUG: win7x6423: analysis still processing
2019-05-13 05:34:44,569 [cuckoo.core.resultserver] DEBUG: File upload request for shots/0097.jpg
2019-05-13 05:34:44,614 [cuckoo.core.resultserver] DEBUG: Uploaded file length: 81454
2019-05-13 05:34:45,891 [cuckoo.core.resultserver] DEBUG: File upload request for shots/0098.jpg
2019-05-13 05:34:45,903 [cuckoo.core.resultserver] DEBUG: Uploaded file length: 80072
2019-05-13 05:34:46,741 [cuckoo.core.resultserver] DEBUG: File upload request for sysmon/1557722049.02.sysmon.xml
2019-05-13 05:34:46,802 [cuckoo.core.resultserver] DEBUG: Uploaded file length: 2891114
2019-05-13 05:34:47,168 [cuckoo.core.resultserver] DEBUG: File upload request for shots/0099.jpg
2019-05-13 05:34:47,176 [cuckoo.core.resultserver] DEBUG: Uploaded file length: 79138
2019-05-13 05:34:49,284 [cuckoo.core.guest] INFO: Virtual Machine /status failed (CuckooGuestError('Cuckoo Agent failed without error status, please try upgrading to the latest version of agent.py (>= 0.8) and notify us if the issue persists.',))
2019-05-13 05:34:50,210 [cuckoo.core.guest] DEBUG: win7x6423: analysis still processing
2019-05-13 05:34:53,757 [cuckoo.core.resultserver] DEBUG: File upload request for shots/0100.jpg
2019-05-13 05:34:53,770 [cuckoo.core.resultserver] DEBUG: Uploaded file length: 80111
2019-05-13 05:34:55,150 [cuckoo.core.resultserver] DEBUG: File upload request for shots/0101.jpg
2019-05-13 05:34:55,176 [cuckoo.core.resultserver] DEBUG: Uploaded file length: 79204
2019-05-13 05:34:56,277 [cuckoo.core.guest] INFO: Virtual Machine /status failed (CuckooGuestError('Cuckoo Agent failed without error status, please try upgrading to the latest version of agent.py (>= 0.8) and notify us if the issue persists.',))
2019-05-13 05:34:56,289 [cuckoo.core.guest] DEBUG: win7x6423: analysis still processing
2019-05-13 05:34:58,395 [cuckoo.core.resultserver] DEBUG: File upload request for shots/0102.jpg
2019-05-13 05:34:58,419 [cuckoo.core.resultserver] DEBUG: Uploaded file length: 70513
2019-05-13 05:34:58,955 [cuckoo.core.resultserver] DEBUG: File upload request for memory/2328-1.dmp
2019-05-13 05:34:59,725 [cuckoo.core.resultserver] DEBUG: File upload request for shots/0103.jpg
2019-05-13 05:34:59,749 [cuckoo.core.resultserver] DEBUG: Uploaded file length: 81490
2019-05-13 05:35:01,020 [cuckoo.core.resultserver] DEBUG: File upload request for shots/0104.jpg
2019-05-13 05:35:01,047 [cuckoo.core.resultserver] DEBUG: Uploaded file length: 79615
2019-05-13 05:35:01,188 [cuckoo.core.resultserver] DEBUG: Uploaded file length: 82473816
2019-05-13 05:35:02,257 [cuckoo.core.resultserver] DEBUG: File upload request for shots/0105.jpg
2019-05-13 05:35:02,270 [cuckoo.core.resultserver] DEBUG: Uploaded file length: 73947
2019-05-13 05:35:02,317 [cuckoo.core.guest] INFO: Virtual Machine /status failed (CuckooGuestError('Cuckoo Agent failed without error status, please try upgrading to the latest version of agent.py (>= 0.8) and notify us if the issue persists.',))
2019-05-13 05:35:02,341 [cuckoo.core.guest] DEBUG: win7x6423: analysis still processing
2019-05-13 05:35:02,714 [cuckoo.core.resultserver] DEBUG: File upload request for memory/2440-1.dmp
2019-05-13 05:35:03,264 [cuckoo.core.resultserver] DEBUG: File upload request for curtain/1557722065.52.curtain.log
2019-05-13 05:35:03,275 [cuckoo.core.resultserver] DEBUG: Uploaded file length: 36
2019-05-13 05:35:03,423 [cuckoo.core.resultserver] DEBUG: File upload request for shots/0106.jpg
2019-05-13 05:35:03,435 [cuckoo.core.resultserver] DEBUG: Uploaded file length: 74373
2019-05-13 05:35:03,507 [cuckoo.core.resultserver] DEBUG: Uploaded file length: 86902800
2019-05-13 05:35:04,742 [cuckoo.core.resultserver] DEBUG: File upload request for shots/0107.jpg
2019-05-13 05:35:04,755 [cuckoo.core.resultserver] DEBUG: Uploaded file length: 79199
2019-05-13 05:35:06,048 [cuckoo.core.resultserver] DEBUG: File upload request for shots/0108.jpg
2019-05-13 05:35:06,081 [cuckoo.core.resultserver] DEBUG: Uploaded file length: 80067
2019-05-13 05:35:07,465 [cuckoo.core.resultserver] DEBUG: File upload request for shots/0109.jpg
2019-05-13 05:35:07,489 [cuckoo.core.resultserver] DEBUG: Uploaded file length: 79161
2019-05-13 05:35:08,449 [cuckoo.core.guest] INFO: Virtual Machine /status failed (CuckooGuestError('Cuckoo Agent failed without error status, please try upgrading to the latest version of agent.py (>= 0.8) and notify us if the issue persists.',))
2019-05-13 05:35:08,462 [cuckoo.core.guest] DEBUG: win7x6423: analysis still processing
2019-05-13 05:35:08,822 [cuckoo.core.resultserver] DEBUG: File upload request for curtain/1557722071.09.curtain.log
2019-05-13 05:35:08,838 [cuckoo.core.resultserver] DEBUG: Uploaded file length: 36
2019-05-13 05:35:08,932 [cuckoo.core.resultserver] DEBUG: File upload request for sysmon/1557722071.2.sysmon.xml
2019-05-13 05:35:09,495 [cuckoo.core.resultserver] DEBUG: Uploaded file length: 2097152
2019-05-13 05:35:09,567 [cuckoo.core.resultserver] DEBUG: File upload request for shots/0110.jpg
2019-05-13 05:35:09,600 [cuckoo.core.resultserver] DEBUG: Uploaded file length: 81876
2019-05-13 05:35:14,540 [cuckoo.core.guest] INFO: Virtual Machine /status failed (CuckooGuestError('Cuckoo Agent failed without error status, please try upgrading to the latest version of agent.py (>= 0.8) and notify us if the issue persists.',))
2019-05-13 05:35:14,554 [cuckoo.core.guest] DEBUG: win7x6423: analysis still processing
2019-05-13 05:35:15,640 [cuckoo.core.resultserver] DEBUG: File upload request for sysmon/1557722077.92.sysmon.xml
2019-05-13 05:35:15,697 [cuckoo.core.resultserver] DEBUG: Uploaded file length: 3344897
2019-05-13 05:35:15,851 [cuckoo.core.resultserver] DEBUG: File upload request for files/98f5df4378bb90f0_wer925c.tmp.werinternalmetadata.xml
2019-05-13 05:35:15,863 [cuckoo.core.resultserver] DEBUG: Uploaded file length: 2662
2019-05-13 05:35:20,738 [cuckoo.core.guest] INFO: Virtual Machine /status failed (CuckooGuestError('Cuckoo Agent failed without error status, please try upgrading to the latest version of agent.py (>= 0.8) and notify us if the issue persists.',))
2019-05-13 05:35:20,807 [cuckoo.core.guest] DEBUG: win7x6423: analysis still processing
2019-05-13 05:35:23,800 [cuckoo.core.resultserver] DEBUG: File upload request for curtain/1557722086.03.curtain.log
2019-05-13 05:35:23,818 [cuckoo.core.resultserver] DEBUG: Uploaded file length: 36
2019-05-13 05:35:27,014 [cuckoo.core.guest] INFO: Virtual Machine /status failed (CuckooGuestError('Cuckoo Agent failed without error status, please try upgrading to the latest version of agent.py (>= 0.8) and notify us if the issue persists.',))
2019-05-13 05:35:27,039 [cuckoo.core.guest] DEBUG: win7x6423: analysis still processing
2019-05-13 05:35:33,063 [cuckoo.core.guest] INFO: Virtual Machine /status failed (CuckooGuestError('Cuckoo Agent failed without error status, please try upgrading to the latest version of agent.py (>= 0.8) and notify us if the issue persists.',))
2019-05-13 05:35:33,081 [cuckoo.core.guest] DEBUG: win7x6423: analysis still processing
2019-05-13 05:35:39,883 [cuckoo.core.guest] INFO: Virtual Machine /status failed (CuckooGuestError('Cuckoo Agent failed without error status, please try upgrading to the latest version of agent.py (>= 0.8) and notify us if the issue persists.',))
2019-05-13 05:35:39,920 [cuckoo.core.guest] DEBUG: win7x6423: analysis still processing
2019-05-13 05:35:44,139 [cuckoo.core.resultserver] DEBUG: File upload request for curtain/1557722106.27.curtain.log
2019-05-13 05:35:44,174 [cuckoo.core.resultserver] DEBUG: Uploaded file length: 36
2019-05-13 05:35:45,947 [cuckoo.core.guest] INFO: Virtual Machine /status failed (CuckooGuestError('Cuckoo Agent failed without error status, please try upgrading to the latest version of agent.py (>= 0.8) and notify us if the issue persists.',))
2019-05-13 05:35:45,969 [cuckoo.core.guest] DEBUG: win7x6423: analysis still processing
2019-05-13 05:35:52,233 [cuckoo.core.guest] INFO: Virtual Machine /status failed (CuckooGuestError('Cuckoo Agent failed without error status, please try upgrading to the latest version of agent.py (>= 0.8) and notify us if the issue persists.',))
2019-05-13 05:35:52,246 [cuckoo.core.guest] DEBUG: win7x6423: analysis still processing
2019-05-13 05:35:58,285 [cuckoo.core.guest] INFO: Virtual Machine /status failed (CuckooGuestError('Cuckoo Agent failed without error status, please try upgrading to the latest version of agent.py (>= 0.8) and notify us if the issue persists.',))
2019-05-13 05:35:58,304 [cuckoo.core.guest] DEBUG: win7x6423: analysis still processing
2019-05-13 05:36:04,331 [cuckoo.core.guest] INFO: Virtual Machine /status failed (CuckooGuestError('Cuckoo Agent failed without error status, please try upgrading to the latest version of agent.py (>= 0.8) and notify us if the issue persists.',))
2019-05-13 05:36:04,426 [cuckoo.core.resultserver] DEBUG: File upload request for curtain/1557722126.52.curtain.log
2019-05-13 05:36:04,448 [cuckoo.core.guest] DEBUG: win7x6423: analysis still processing
2019-05-13 05:36:04,467 [cuckoo.core.resultserver] DEBUG: Uploaded file length: 36
2019-05-13 05:36:10,490 [cuckoo.core.guest] INFO: Virtual Machine /status failed (CuckooGuestError('Cuckoo Agent failed without error status, please try upgrading to the latest version of agent.py (>= 0.8) and notify us if the issue persists.',))
2019-05-13 05:36:10,501 [cuckoo.core.guest] DEBUG: win7x6423: analysis still processing
2019-05-13 05:36:16,537 [cuckoo.core.guest] INFO: Virtual Machine /status failed (CuckooGuestError('Cuckoo Agent failed without error status, please try upgrading to the latest version of agent.py (>= 0.8) and notify us if the issue persists.',))
2019-05-13 05:36:16,548 [cuckoo.core.guest] DEBUG: win7x6423: analysis still processing
2019-05-13 05:36:22,561 [cuckoo.core.guest] INFO: Virtual Machine /status failed (CuckooGuestError('Cuckoo Agent failed without error status, please try upgrading to the latest version of agent.py (>= 0.8) and notify us if the issue persists.',))
2019-05-13 05:36:22,574 [cuckoo.core.guest] DEBUG: win7x6423: analysis still processing
2019-05-13 05:36:23,587 [cuckoo.core.guest] INFO: win7x6423: end of analysis reached!
2019-05-13 05:36:23,610 [cuckoo.core.plugins] DEBUG: Stopped auxiliary module: Replay
2019-05-13 05:36:23,854 [cuckoo.core.plugins] DEBUG: Stopped auxiliary module: Sniffer
2019-05-13 05:36:23,858 [cuckoo.machinery.virtualbox] DEBUG: Stopping vm win7x6423
2019-05-13 05:36:24,824 [cuckoo.core.resultserver] DEBUG: File upload request for curtain/1557722146.83.curtain.log
2019-05-13 05:36:24,840 [cuckoo.core.resultserver] DEBUG: Uploaded file length: 36
2019-05-13 05:36:31,500 [cuckoo.core.scheduler] DEBUG: Released database task #1075900
2019-05-13 05:36:31,826 [cuckoo.core.scheduler] INFO: Task #1075900: analysis procedure completed
