2019-05-13 05:32:57,158 [cuckoo.core.scheduler] INFO: Task #1075906: acquired machine win7x6430 (label=win7x6430)
2019-05-13 05:32:57,165 [cuckoo.core.plugins] DEBUG: Started auxiliary module: Replay
2019-05-13 05:32:57,586 [cuckoo.auxiliary.sniffer] INFO: Started sniffer with PID 52429 (interface=vboxnet0, host=192.168.168.230)
2019-05-13 05:32:57,588 [cuckoo.core.plugins] DEBUG: Started auxiliary module: Sniffer
2019-05-13 05:32:57,684 [cuckoo.machinery.virtualbox] DEBUG: Starting vm win7x6430
2019-05-13 05:32:58,404 [cuckoo.machinery.virtualbox] DEBUG: Restoring virtual machine win7x6430 to vmcloak
2019-05-13 05:33:09,386 [cuckoo.core.guest] INFO: Starting analysis on guest (id=win7x6430, ip=192.168.168.230)
2019-05-13 05:33:10,478 [cuckoo.core.guest] DEBUG: win7x6430: not ready yet
2019-05-13 05:33:11,422 [cuckoo.core.guest] INFO: Guest is running Cuckoo Agent 0.8 (id=win7x6430, ip=192.168.168.230)
2019-05-13 05:33:11,672 [cuckoo.core.guest] DEBUG: Uploading analyzer to guest (id=win7x6430, ip=192.168.168.230, monitor=latest, size=4122890)
2019-05-13 05:33:12,385 [cuckoo.core.guest] DEBUG: win7x6430: analysis still processing
2019-05-13 05:33:13,271 [cuckoo.core.resultserver] DEBUG: LogHandler for live analysis.log initialized.
2019-05-13 05:33:13,442 [cuckoo.core.guest] DEBUG: win7x6430: analysis still processing
2019-05-13 05:33:14,534 [cuckoo.core.guest] DEBUG: win7x6430: analysis still processing
2019-05-13 05:33:15,554 [cuckoo.core.guest] DEBUG: win7x6430: analysis still processing
2019-05-13 05:33:16,143 [cuckoo.core.resultserver] DEBUG: New process (pid=2372, ppid=780, name=68b27ccb779220022d9bcb8bad4d79b5d7f88ada6dd519273de4481f4b519700.exe)
2019-05-13 05:33:16,604 [cuckoo.core.guest] DEBUG: win7x6430: analysis still processing
2019-05-13 05:33:16,869 [cuckoo.core.resultserver] DEBUG: File upload request for shots/0001.jpg
2019-05-13 05:33:16,882 [cuckoo.core.resultserver] DEBUG: Uploaded file length: 69467
2019-05-13 05:33:17,627 [cuckoo.core.guest] DEBUG: win7x6430: analysis still processing
2019-05-13 05:33:18,647 [cuckoo.core.guest] DEBUG: win7x6430: analysis still processing
2019-05-13 05:33:19,670 [cuckoo.core.guest] DEBUG: win7x6430: analysis still processing
2019-05-13 05:33:19,893 [cuckoo.core.resultserver] DEBUG: New process (pid=2632, ppid=2372, name=dw20.exe)
2019-05-13 05:33:20,244 [cuckoo.core.resultserver] DEBUG: File upload request for curtain/1557721879.94.curtain.log
2019-05-13 05:33:20,253 [cuckoo.core.resultserver] DEBUG: Uploaded file length: 36
2019-05-13 05:33:20,688 [cuckoo.core.guest] DEBUG: win7x6430: analysis still processing
2019-05-13 05:33:21,157 [cuckoo.core.resultserver] DEBUG: File upload request for sysmon/1557721880.84.sysmon.xml
2019-05-13 05:33:21,165 [cuckoo.core.resultserver] DEBUG: Uploaded file length: 13702
2019-05-13 05:33:21,709 [cuckoo.core.guest] DEBUG: win7x6430: analysis still processing
2019-05-13 05:33:22,343 [cuckoo.core.resultserver] DEBUG: File upload request for shots/0002.jpg
2019-05-13 05:33:22,366 [cuckoo.core.resultserver] DEBUG: Uploaded file length: 76136
2019-05-13 05:33:22,752 [cuckoo.core.guest] DEBUG: win7x6430: analysis still processing
2019-05-13 05:33:23,535 [cuckoo.core.resultserver] DEBUG: File upload request for shots/0003.jpg
2019-05-13 05:33:23,559 [cuckoo.core.resultserver] DEBUG: Uploaded file length: 77750
2019-05-13 05:33:23,567 [cuckoo.core.resultserver] DEBUG: File upload request for files/e3b0c44298fc1c14_WER99FD.tmp
2019-05-13 05:33:23,953 [cuckoo.core.guest] DEBUG: win7x6430: analysis still processing
2019-05-13 05:33:24,697 [cuckoo.core.resultserver] DEBUG: File upload request for shots/0004.jpg
2019-05-13 05:33:24,736 [cuckoo.core.resultserver] DEBUG: Uploaded file length: 76066
2019-05-13 05:33:24,996 [cuckoo.core.guest] DEBUG: win7x6430: analysis still processing
2019-05-13 05:33:25,859 [cuckoo.core.resultserver] DEBUG: File upload request for shots/0005.jpg
2019-05-13 05:33:25,869 [cuckoo.core.resultserver] DEBUG: Uploaded file length: 75474
2019-05-13 05:33:26,027 [cuckoo.core.guest] DEBUG: win7x6430: analysis still processing
2019-05-13 05:33:27,048 [cuckoo.core.guest] DEBUG: win7x6430: analysis still processing
2019-05-13 05:33:28,078 [cuckoo.core.guest] DEBUG: win7x6430: analysis still processing
2019-05-13 05:33:29,099 [cuckoo.core.guest] DEBUG: win7x6430: analysis still processing
2019-05-13 05:33:30,163 [cuckoo.core.resultserver] DEBUG: File upload request for shots/0006.jpg
2019-05-13 05:33:30,166 [cuckoo.core.guest] DEBUG: win7x6430: analysis still processing
2019-05-13 05:33:30,172 [cuckoo.core.resultserver] DEBUG: Uploaded file length: 76120
2019-05-13 05:33:31,196 [cuckoo.core.guest] DEBUG: win7x6430: analysis still processing
2019-05-13 05:33:31,291 [cuckoo.core.resultserver] DEBUG: File upload request for shots/0007.jpg
2019-05-13 05:33:31,304 [cuckoo.core.resultserver] DEBUG: Uploaded file length: 75527
2019-05-13 05:33:32,214 [cuckoo.core.guest] DEBUG: win7x6430: analysis still processing
2019-05-13 05:33:33,481 [cuckoo.core.guest] DEBUG: win7x6430: analysis still processing
2019-05-13 05:33:34,790 [cuckoo.core.guest] DEBUG: win7x6430: analysis still processing
2019-05-13 05:33:35,830 [cuckoo.core.guest] DEBUG: win7x6430: analysis still processing
2019-05-13 05:33:36,880 [cuckoo.core.guest] DEBUG: win7x6430: analysis still processing
2019-05-13 05:33:37,916 [cuckoo.core.guest] DEBUG: win7x6430: analysis still processing
2019-05-13 05:33:38,942 [cuckoo.core.guest] DEBUG: win7x6430: analysis still processing
2019-05-13 05:33:39,971 [cuckoo.core.guest] DEBUG: win7x6430: analysis still processing
2019-05-13 05:33:40,432 [cuckoo.core.resultserver] DEBUG: File upload request for curtain/1557721900.12.curtain.log
2019-05-13 05:33:40,444 [cuckoo.core.resultserver] DEBUG: Uploaded file length: 36
2019-05-13 05:33:40,993 [cuckoo.core.guest] DEBUG: win7x6430: analysis still processing
2019-05-13 05:33:41,460 [cuckoo.core.resultserver] DEBUG: File upload request for sysmon/1557721901.14.sysmon.xml
2019-05-13 05:33:41,490 [cuckoo.core.resultserver] DEBUG: Uploaded file length: 442137
2019-05-13 05:33:42,035 [cuckoo.core.guest] DEBUG: win7x6430: analysis still processing
2019-05-13 05:33:42,432 [cuckoo.core.resultserver] DEBUG: File upload request for shots/0008.jpg
2019-05-13 05:33:42,458 [cuckoo.core.resultserver] DEBUG: Uploaded file length: 92871
2019-05-13 05:33:43,068 [cuckoo.core.guest] DEBUG: win7x6430: analysis still processing
2019-05-13 05:33:43,699 [cuckoo.core.resultserver] DEBUG: File upload request for shots/0009.jpg
2019-05-13 05:33:43,723 [cuckoo.core.resultserver] DEBUG: Uploaded file length: 76214
2019-05-13 05:33:44,089 [cuckoo.core.guest] DEBUG: win7x6430: analysis still processing
2019-05-13 05:33:45,136 [cuckoo.core.guest] DEBUG: win7x6430: analysis still processing
2019-05-13 05:33:51,574 [cuckoo.core.guest] INFO: Virtual Machine /status failed (CuckooGuestError('Cuckoo Agent failed without error status, please try upgrading to the latest version of agent.py (>= 0.8) and notify us if the issue persists.',))
2019-05-13 05:33:51,584 [cuckoo.core.guest] DEBUG: win7x6430: analysis still processing
2019-05-13 05:33:52,526 [cuckoo.core.resultserver] DEBUG: File upload request for shots/0010.jpg
2019-05-13 05:33:52,536 [cuckoo.core.resultserver] DEBUG: Uploaded file length: 78408
2019-05-13 05:33:53,667 [cuckoo.core.resultserver] DEBUG: File upload request for shots/0011.jpg
2019-05-13 05:33:53,676 [cuckoo.core.resultserver] DEBUG: Uploaded file length: 76304
2019-05-13 05:33:57,109 [cuckoo.core.resultserver] DEBUG: File upload request for shots/0012.jpg
2019-05-13 05:33:57,131 [cuckoo.core.resultserver] DEBUG: Uploaded file length: 78936
2019-05-13 05:33:57,601 [cuckoo.core.guest] INFO: Virtual Machine /status failed (CuckooGuestError('Cuckoo Agent failed without error status, please try upgrading to the latest version of agent.py (>= 0.8) and notify us if the issue persists.',))
2019-05-13 05:33:57,624 [cuckoo.core.guest] DEBUG: win7x6430: analysis still processing
2019-05-13 05:33:58,273 [cuckoo.core.resultserver] DEBUG: File upload request for shots/0013.jpg
2019-05-13 05:33:58,285 [cuckoo.core.resultserver] DEBUG: Uploaded file length: 75672
2019-05-13 05:34:00,338 [cuckoo.core.resultserver] DEBUG: File upload request for shots/0014.jpg
2019-05-13 05:34:00,359 [cuckoo.core.resultserver] DEBUG: Uploaded file length: 76285
2019-05-13 05:34:00,727 [cuckoo.core.resultserver] DEBUG: File upload request for curtain/1557721920.38.curtain.log
2019-05-13 05:34:00,733 [cuckoo.core.resultserver] DEBUG: Uploaded file length: 36
2019-05-13 05:34:01,718 [cuckoo.core.resultserver] DEBUG: File upload request for shots/0015.jpg
2019-05-13 05:34:01,738 [cuckoo.core.resultserver] DEBUG: Uploaded file length: 75729
2019-05-13 05:34:01,947 [cuckoo.core.resultserver] DEBUG: File upload request for sysmon/1557721921.62.sysmon.xml
2019-05-13 05:34:01,969 [cuckoo.core.resultserver] DEBUG: Uploaded file length: 849445
2019-05-13 05:34:03,658 [cuckoo.core.guest] INFO: Virtual Machine /status failed (CuckooGuestError('Cuckoo Agent failed without error status, please try upgrading to the latest version of agent.py (>= 0.8) and notify us if the issue persists.',))
2019-05-13 05:34:03,671 [cuckoo.core.guest] DEBUG: win7x6430: analysis still processing
2019-05-13 05:34:06,084 [cuckoo.core.resultserver] DEBUG: File upload request for shots/0016.jpg
2019-05-13 05:34:06,099 [cuckoo.core.resultserver] DEBUG: Uploaded file length: 76330
2019-05-13 05:34:08,296 [cuckoo.core.resultserver] DEBUG: File upload request for shots/0017.jpg
2019-05-13 05:34:08,314 [cuckoo.core.resultserver] DEBUG: Uploaded file length: 75753
2019-05-13 05:34:09,685 [cuckoo.core.guest] INFO: Virtual Machine /status failed (CuckooGuestError('Cuckoo Agent failed without error status, please try upgrading to the latest version of agent.py (>= 0.8) and notify us if the issue persists.',))
2019-05-13 05:34:09,698 [cuckoo.core.guest] DEBUG: win7x6430: analysis still processing
2019-05-13 05:34:10,555 [cuckoo.core.resultserver] DEBUG: File upload request for shots/0018.jpg
2019-05-13 05:34:10,576 [cuckoo.core.resultserver] DEBUG: Uploaded file length: 78277
2019-05-13 05:34:12,095 [cuckoo.core.resultserver] DEBUG: File upload request for shots/0019.jpg
2019-05-13 05:34:12,118 [cuckoo.core.resultserver] DEBUG: Uploaded file length: 76283
2019-05-13 05:34:14,161 [cuckoo.core.resultserver] DEBUG: File upload request for shots/0020.jpg
2019-05-13 05:34:14,180 [cuckoo.core.resultserver] DEBUG: Uploaded file length: 77083
2019-05-13 05:34:15,362 [cuckoo.core.resultserver] DEBUG: File upload request for shots/0021.jpg
2019-05-13 05:34:15,374 [cuckoo.core.resultserver] DEBUG: Uploaded file length: 76103
2019-05-13 05:34:15,722 [cuckoo.core.guest] INFO: Virtual Machine /status failed (CuckooGuestError('Cuckoo Agent failed without error status, please try upgrading to the latest version of agent.py (>= 0.8) and notify us if the issue persists.',))
2019-05-13 05:34:15,753 [cuckoo.core.guest] DEBUG: win7x6430: analysis still processing
2019-05-13 05:34:16,586 [cuckoo.core.resultserver] DEBUG: File upload request for shots/0022.jpg
2019-05-13 05:34:16,606 [cuckoo.core.resultserver] DEBUG: Uploaded file length: 78436
2019-05-13 05:34:17,759 [cuckoo.core.resultserver] DEBUG: File upload request for shots/0023.jpg
2019-05-13 05:34:17,769 [cuckoo.core.resultserver] DEBUG: Uploaded file length: 77012
2019-05-13 05:34:18,873 [cuckoo.core.resultserver] DEBUG: File upload request for shots/0024.jpg
2019-05-13 05:34:18,879 [cuckoo.core.resultserver] DEBUG: Uploaded file length: 76142
2019-05-13 05:34:20,066 [cuckoo.core.resultserver] DEBUG: File upload request for shots/0025.jpg
2019-05-13 05:34:20,085 [cuckoo.core.resultserver] DEBUG: Uploaded file length: 78472
2019-05-13 05:34:21,211 [cuckoo.core.resultserver] DEBUG: File upload request for shots/0026.jpg
2019-05-13 05:34:21,223 [cuckoo.core.resultserver] DEBUG: Uploaded file length: 77074
2019-05-13 05:34:21,224 [cuckoo.core.resultserver] DEBUG: File upload request for curtain/1557721940.88.curtain.log
2019-05-13 05:34:21,237 [cuckoo.core.resultserver] DEBUG: Uploaded file length: 36
2019-05-13 05:34:21,778 [cuckoo.core.guest] INFO: Virtual Machine /status failed (CuckooGuestError('Cuckoo Agent failed without error status, please try upgrading to the latest version of agent.py (>= 0.8) and notify us if the issue persists.',))
2019-05-13 05:34:21,791 [cuckoo.core.guest] DEBUG: win7x6430: analysis still processing
2019-05-13 05:34:22,390 [cuckoo.core.resultserver] DEBUG: File upload request for shots/0027.jpg
2019-05-13 05:34:22,400 [cuckoo.core.resultserver] DEBUG: Uploaded file length: 76241
2019-05-13 05:34:22,442 [cuckoo.core.resultserver] DEBUG: File upload request for sysmon/1557721942.11.sysmon.xml
2019-05-13 05:34:22,489 [cuckoo.core.resultserver] DEBUG: Uploaded file length: 1224222
2019-05-13 05:34:24,877 [cuckoo.core.resultserver] DEBUG: File upload request for shots/0028.jpg
2019-05-13 05:34:24,888 [cuckoo.core.resultserver] DEBUG: Uploaded file length: 78515
2019-05-13 05:34:25,944 [cuckoo.core.resultserver] DEBUG: File upload request for shots/0029.jpg
2019-05-13 05:34:25,959 [cuckoo.core.resultserver] DEBUG: Uploaded file length: 76348
2019-05-13 05:34:27,147 [cuckoo.core.resultserver] DEBUG: File upload request for shots/0030.jpg
2019-05-13 05:34:27,169 [cuckoo.core.resultserver] DEBUG: Uploaded file length: 75683
2019-05-13 05:34:27,814 [cuckoo.core.guest] INFO: Virtual Machine /status failed (CuckooGuestError('Cuckoo Agent failed without error status, please try upgrading to the latest version of agent.py (>= 0.8) and notify us if the issue persists.',))
2019-05-13 05:34:27,829 [cuckoo.core.guest] DEBUG: win7x6430: analysis still processing
2019-05-13 05:34:28,323 [cuckoo.core.resultserver] DEBUG: File upload request for shots/0031.jpg
2019-05-13 05:34:28,334 [cuckoo.core.resultserver] DEBUG: Uploaded file length: 76275
2019-05-13 05:34:29,507 [cuckoo.core.resultserver] DEBUG: File upload request for shots/0032.jpg
2019-05-13 05:34:29,517 [cuckoo.core.resultserver] DEBUG: Uploaded file length: 75699
2019-05-13 05:34:30,995 [cuckoo.core.resultserver] DEBUG: File upload request for shots/0033.jpg
2019-05-13 05:34:31,008 [cuckoo.core.resultserver] DEBUG: Uploaded file length: 78240
2019-05-13 05:34:33,315 [cuckoo.core.resultserver] DEBUG: File upload request for shots/0034.jpg
2019-05-13 05:34:33,327 [cuckoo.core.resultserver] DEBUG: Uploaded file length: 76181
2019-05-13 05:34:33,863 [cuckoo.core.guest] INFO: Virtual Machine /status failed (CuckooGuestError('Cuckoo Agent failed without error status, please try upgrading to the latest version of agent.py (>= 0.8) and notify us if the issue persists.',))
2019-05-13 05:34:33,880 [cuckoo.core.guest] DEBUG: win7x6430: analysis still processing
2019-05-13 05:34:34,543 [cuckoo.core.resultserver] DEBUG: File upload request for shots/0035.jpg
2019-05-13 05:34:34,671 [cuckoo.core.resultserver] DEBUG: Uploaded file length: 77117
2019-05-13 05:34:36,015 [cuckoo.core.resultserver] DEBUG: File upload request for shots/0036.jpg
2019-05-13 05:34:36,044 [cuckoo.core.resultserver] DEBUG: Uploaded file length: 76186
2019-05-13 05:34:37,414 [cuckoo.core.resultserver] DEBUG: File upload request for shots/0037.jpg
2019-05-13 05:34:37,465 [cuckoo.core.resultserver] DEBUG: Uploaded file length: 66456
2019-05-13 05:34:38,975 [cuckoo.core.resultserver] DEBUG: File upload request for shots/0038.jpg
2019-05-13 05:34:38,990 [cuckoo.core.resultserver] DEBUG: Uploaded file length: 69289
2019-05-13 05:34:39,913 [cuckoo.core.guest] INFO: Virtual Machine /status failed (CuckooGuestError('Cuckoo Agent failed without error status, please try upgrading to the latest version of agent.py (>= 0.8) and notify us if the issue persists.',))
2019-05-13 05:34:39,926 [cuckoo.core.guest] DEBUG: win7x6430: analysis still processing
2019-05-13 05:34:40,567 [cuckoo.core.resultserver] DEBUG: File upload request for shots/0039.jpg
2019-05-13 05:34:40,595 [cuckoo.core.resultserver] DEBUG: Uploaded file length: 76323
2019-05-13 05:34:41,796 [cuckoo.core.resultserver] DEBUG: File upload request for shots/0040.jpg
2019-05-13 05:34:41,810 [cuckoo.core.resultserver] DEBUG: Uploaded file length: 76989
2019-05-13 05:34:42,854 [cuckoo.core.resultserver] DEBUG: File upload request for curtain/1557721962.45.curtain.log
2019-05-13 05:34:42,974 [cuckoo.core.resultserver] DEBUG: Uploaded file length: 36
2019-05-13 05:34:42,987 [cuckoo.core.resultserver] DEBUG: File upload request for shots/0041.jpg
2019-05-13 05:34:42,999 [cuckoo.core.resultserver] DEBUG: Uploaded file length: 76207
2019-05-13 05:34:44,125 [cuckoo.core.resultserver] DEBUG: File upload request for sysmon/1557721963.73.sysmon.xml
2019-05-13 05:34:44,193 [cuckoo.core.resultserver] DEBUG: Uploaded file length: 1781166
2019-05-13 05:34:45,949 [cuckoo.core.guest] INFO: Virtual Machine /status failed (CuckooGuestError('Cuckoo Agent failed without error status, please try upgrading to the latest version of agent.py (>= 0.8) and notify us if the issue persists.',))
2019-05-13 05:34:45,958 [cuckoo.core.guest] DEBUG: win7x6430: analysis still processing
2019-05-13 05:34:47,307 [cuckoo.core.resultserver] DEBUG: File upload request for shots/0042.jpg
2019-05-13 05:34:47,337 [cuckoo.core.resultserver] DEBUG: Uploaded file length: 78520
2019-05-13 05:34:48,490 [cuckoo.core.resultserver] DEBUG: File upload request for shots/0043.jpg
2019-05-13 05:34:48,502 [cuckoo.core.resultserver] DEBUG: Uploaded file length: 76365
2019-05-13 05:34:50,158 [cuckoo.core.resultserver] DEBUG: File upload request for shots/0044.jpg
2019-05-13 05:34:50,243 [cuckoo.core.resultserver] DEBUG: Uploaded file length: 75739
2019-05-13 05:34:51,983 [cuckoo.core.guest] INFO: Virtual Machine /status failed (CuckooGuestError('Cuckoo Agent failed without error status, please try upgrading to the latest version of agent.py (>= 0.8) and notify us if the issue persists.',))
2019-05-13 05:34:51,995 [cuckoo.core.guest] DEBUG: win7x6430: analysis still processing
2019-05-13 05:34:53,134 [cuckoo.core.resultserver] DEBUG: File upload request for shots/0045.jpg
2019-05-13 05:34:53,197 [cuckoo.core.resultserver] DEBUG: Uploaded file length: 76321
2019-05-13 05:34:56,414 [cuckoo.core.resultserver] DEBUG: File upload request for shots/0046.jpg
2019-05-13 05:34:56,448 [cuckoo.core.resultserver] DEBUG: Uploaded file length: 70391
2019-05-13 05:34:58,010 [cuckoo.core.guest] INFO: Virtual Machine /status failed (CuckooGuestError('Cuckoo Agent failed without error status, please try upgrading to the latest version of agent.py (>= 0.8) and notify us if the issue persists.',))
2019-05-13 05:34:58,020 [cuckoo.core.guest] DEBUG: win7x6430: analysis still processing
2019-05-13 05:34:58,726 [cuckoo.core.resultserver] DEBUG: File upload request for shots/0047.jpg
2019-05-13 05:34:58,741 [cuckoo.core.resultserver] DEBUG: Uploaded file length: 62242
2019-05-13 05:34:59,949 [cuckoo.core.resultserver] DEBUG: File upload request for shots/0048.jpg
2019-05-13 05:34:59,962 [cuckoo.core.resultserver] DEBUG: Uploaded file length: 61556
2019-05-13 05:35:01,312 [cuckoo.core.resultserver] DEBUG: File upload request for shots/0049.jpg
2019-05-13 05:35:01,323 [cuckoo.core.resultserver] DEBUG: Uploaded file length: 70389
2019-05-13 05:35:03,731 [cuckoo.core.resultserver] DEBUG: File upload request for curtain/1557721983.27.curtain.log
2019-05-13 05:35:03,742 [cuckoo.core.resultserver] DEBUG: Uploaded file length: 36
2019-05-13 05:35:03,867 [cuckoo.core.resultserver] DEBUG: File upload request for shots/0050.jpg
2019-05-13 05:35:03,877 [cuckoo.core.resultserver] DEBUG: Uploaded file length: 73076
2019-05-13 05:35:04,042 [cuckoo.core.guest] INFO: Virtual Machine /status failed (CuckooGuestError('Cuckoo Agent failed without error status, please try upgrading to the latest version of agent.py (>= 0.8) and notify us if the issue persists.',))
2019-05-13 05:35:04,053 [cuckoo.core.guest] DEBUG: win7x6430: analysis still processing
2019-05-13 05:35:05,102 [cuckoo.core.resultserver] DEBUG: File upload request for shots/0051.jpg
2019-05-13 05:35:05,134 [cuckoo.core.resultserver] DEBUG: Uploaded file length: 79088
2019-05-13 05:35:05,434 [cuckoo.core.resultserver] DEBUG: File upload request for sysmon/1557721984.97.sysmon.xml
2019-05-13 05:35:05,482 [cuckoo.core.resultserver] DEBUG: Uploaded file length: 2161595
2019-05-13 05:35:06,248 [cuckoo.core.resultserver] DEBUG: File upload request for shots/0052.jpg
2019-05-13 05:35:06,273 [cuckoo.core.resultserver] DEBUG: Uploaded file length: 78524
2019-05-13 05:35:10,126 [cuckoo.core.guest] INFO: Virtual Machine /status failed (CuckooGuestError('Cuckoo Agent failed without error status, please try upgrading to the latest version of agent.py (>= 0.8) and notify us if the issue persists.',))
2019-05-13 05:35:10,173 [cuckoo.core.guest] DEBUG: win7x6430: analysis still processing
2019-05-13 05:35:14,806 [cuckoo.core.resultserver] DEBUG: File upload request for shots/0053.jpg
2019-05-13 05:35:14,819 [cuckoo.core.resultserver] DEBUG: Uploaded file length: 79108
2019-05-13 05:35:15,985 [cuckoo.core.resultserver] DEBUG: File upload request for shots/0054.jpg
2019-05-13 05:35:16,011 [cuckoo.core.resultserver] DEBUG: Uploaded file length: 78499
2019-05-13 05:35:16,243 [cuckoo.core.guest] INFO: Virtual Machine /status failed (CuckooGuestError('Cuckoo Agent failed without error status, please try upgrading to the latest version of agent.py (>= 0.8) and notify us if the issue persists.',))
2019-05-13 05:35:16,250 [cuckoo.core.guest] DEBUG: win7x6430: analysis still processing
2019-05-13 05:35:17,313 [cuckoo.core.resultserver] DEBUG: File upload request for shots/0055.jpg
2019-05-13 05:35:17,326 [cuckoo.core.resultserver] DEBUG: Uploaded file length: 81359
2019-05-13 05:35:18,442 [cuckoo.core.resultserver] DEBUG: File upload request for shots/0056.jpg
2019-05-13 05:35:18,455 [cuckoo.core.resultserver] DEBUG: Uploaded file length: 79027
2019-05-13 05:35:19,880 [cuckoo.core.resultserver] DEBUG: File upload request for shots/0057.jpg
2019-05-13 05:35:19,892 [cuckoo.core.resultserver] DEBUG: Uploaded file length: 81303
2019-05-13 05:35:20,878 [cuckoo.core.resultserver] DEBUG: File upload request for shots/0058.jpg
2019-05-13 05:35:20,894 [cuckoo.core.resultserver] DEBUG: Uploaded file length: 81555
2019-05-13 05:35:22,071 [cuckoo.core.resultserver] DEBUG: File upload request for shots/0059.jpg
2019-05-13 05:35:22,094 [cuckoo.core.resultserver] DEBUG: Uploaded file length: 81273
2019-05-13 05:35:22,463 [cuckoo.core.guest] INFO: Virtual Machine /status failed (CuckooGuestError('Cuckoo Agent failed without error status, please try upgrading to the latest version of agent.py (>= 0.8) and notify us if the issue persists.',))
2019-05-13 05:35:22,521 [cuckoo.core.guest] DEBUG: win7x6430: analysis still processing
2019-05-13 05:35:23,271 [cuckoo.core.resultserver] DEBUG: File upload request for shots/0060.jpg
2019-05-13 05:35:23,307 [cuckoo.core.resultserver] DEBUG: Uploaded file length: 79062
2019-05-13 05:35:24,242 [cuckoo.core.resultserver] DEBUG: File upload request for curtain/1557722003.77.curtain.log
2019-05-13 05:35:24,255 [cuckoo.core.resultserver] DEBUG: Uploaded file length: 36
2019-05-13 05:35:25,513 [cuckoo.core.resultserver] DEBUG: File upload request for shots/0061.jpg
2019-05-13 05:35:25,527 [cuckoo.core.resultserver] DEBUG: Uploaded file length: 79816
2019-05-13 05:35:26,485 [cuckoo.core.resultserver] DEBUG: File upload request for sysmon/1557722006.0.sysmon.xml
2019-05-13 05:35:26,534 [cuckoo.core.resultserver] DEBUG: Uploaded file length: 2423664
2019-05-13 05:35:27,756 [cuckoo.core.resultserver] DEBUG: File upload request for shots/0062.jpg
2019-05-13 05:35:27,779 [cuckoo.core.resultserver] DEBUG: Uploaded file length: 77467
2019-05-13 05:35:28,573 [cuckoo.core.guest] INFO: Virtual Machine /status failed (CuckooGuestError('Cuckoo Agent failed without error status, please try upgrading to the latest version of agent.py (>= 0.8) and notify us if the issue persists.',))
2019-05-13 05:35:28,585 [cuckoo.core.guest] DEBUG: win7x6430: analysis still processing
2019-05-13 05:35:29,067 [cuckoo.core.resultserver] DEBUG: File upload request for shots/0063.jpg
2019-05-13 05:35:29,092 [cuckoo.core.resultserver] DEBUG: Uploaded file length: 73886
2019-05-13 05:35:34,846 [cuckoo.core.guest] INFO: Virtual Machine /status failed (CuckooGuestError('Cuckoo Agent failed without error status, please try upgrading to the latest version of agent.py (>= 0.8) and notify us if the issue persists.',))
2019-05-13 05:35:34,922 [cuckoo.core.guest] DEBUG: win7x6430: analysis still processing
2019-05-13 05:35:39,787 [cuckoo.core.resultserver] DEBUG: File upload request for shots/0064.jpg
2019-05-13 05:35:39,795 [cuckoo.core.resultserver] DEBUG: Uploaded file length: 74398
2019-05-13 05:35:40,946 [cuckoo.core.resultserver] DEBUG: File upload request for shots/0065.jpg
2019-05-13 05:35:40,968 [cuckoo.core.guest] INFO: Virtual Machine /status failed (CuckooGuestError('Cuckoo Agent failed without error status, please try upgrading to the latest version of agent.py (>= 0.8) and notify us if the issue persists.',))
2019-05-13 05:35:40,980 [cuckoo.core.guest] DEBUG: win7x6430: analysis still processing
2019-05-13 05:35:41,030 [cuckoo.core.resultserver] DEBUG: Uploaded file length: 76850
2019-05-13 05:35:42,252 [cuckoo.core.resultserver] DEBUG: File upload request for shots/0066.jpg
2019-05-13 05:35:42,266 [cuckoo.core.resultserver] DEBUG: Uploaded file length: 59328
2019-05-13 05:35:43,418 [cuckoo.core.resultserver] DEBUG: File upload request for shots/0067.jpg
2019-05-13 05:35:43,439 [cuckoo.core.resultserver] DEBUG: Uploaded file length: 78916
2019-05-13 05:35:44,748 [cuckoo.core.resultserver] DEBUG: File upload request for shots/0068.jpg
2019-05-13 05:35:44,766 [cuckoo.core.resultserver] DEBUG: Uploaded file length: 73827
2019-05-13 05:35:44,796 [cuckoo.core.resultserver] DEBUG: File upload request for curtain/1557722024.17.curtain.log
2019-05-13 05:35:44,811 [cuckoo.core.resultserver] DEBUG: Uploaded file length: 36
2019-05-13 05:35:47,209 [cuckoo.core.guest] INFO: Virtual Machine /status failed (CuckooGuestError('Cuckoo Agent failed without error status, please try upgrading to the latest version of agent.py (>= 0.8) and notify us if the issue persists.',))
2019-05-13 05:35:47,277 [cuckoo.core.guest] DEBUG: win7x6430: analysis still processing
2019-05-13 05:35:48,010 [cuckoo.core.resultserver] DEBUG: File upload request for sysmon/1557722027.5.sysmon.xml
2019-05-13 05:35:48,114 [cuckoo.core.resultserver] DEBUG: Uploaded file length: 3085045
2019-05-13 05:35:53,341 [cuckoo.core.guest] INFO: Virtual Machine /status failed (CuckooGuestError('Cuckoo Agent failed without error status, please try upgrading to the latest version of agent.py (>= 0.8) and notify us if the issue persists.',))
2019-05-13 05:35:53,354 [cuckoo.core.guest] DEBUG: win7x6430: analysis still processing
2019-05-13 05:35:55,429 [cuckoo.core.resultserver] DEBUG: File upload request for shots/0069.jpg
2019-05-13 05:35:55,452 [cuckoo.core.resultserver] DEBUG: Uploaded file length: 76975
2019-05-13 05:35:58,007 [cuckoo.core.resultserver] DEBUG: File upload request for shots/0070.jpg
2019-05-13 05:35:58,030 [cuckoo.core.resultserver] DEBUG: Uploaded file length: 74228
2019-05-13 05:35:59,027 [cuckoo.core.resultserver] DEBUG: File upload request for shots/0071.jpg
2019-05-13 05:35:59,050 [cuckoo.core.resultserver] DEBUG: Uploaded file length: 81202
2019-05-13 05:35:59,380 [cuckoo.core.guest] INFO: Virtual Machine /status failed (CuckooGuestError('Cuckoo Agent failed without error status, please try upgrading to the latest version of agent.py (>= 0.8) and notify us if the issue persists.',))
2019-05-13 05:35:59,394 [cuckoo.core.guest] DEBUG: win7x6430: analysis still processing
2019-05-13 05:36:00,302 [cuckoo.core.resultserver] DEBUG: File upload request for shots/0072.jpg
2019-05-13 05:36:00,325 [cuckoo.core.resultserver] DEBUG: Uploaded file length: 68809
2019-05-13 05:36:01,444 [cuckoo.core.resultserver] DEBUG: File upload request for shots/0073.jpg
2019-05-13 05:36:01,455 [cuckoo.core.resultserver] DEBUG: Uploaded file length: 79284
2019-05-13 05:36:03,688 [cuckoo.core.resultserver] DEBUG: File upload request for shots/0074.jpg
2019-05-13 05:36:03,727 [cuckoo.core.resultserver] DEBUG: Uploaded file length: 72141
2019-05-13 05:36:04,822 [cuckoo.core.resultserver] DEBUG: File upload request for shots/0075.jpg
2019-05-13 05:36:04,836 [cuckoo.core.resultserver] DEBUG: Uploaded file length: 70460
2019-05-13 05:36:05,425 [cuckoo.core.guest] INFO: Virtual Machine /status failed (CuckooGuestError('Cuckoo Agent failed without error status, please try upgrading to the latest version of agent.py (>= 0.8) and notify us if the issue persists.',))
2019-05-13 05:36:05,447 [cuckoo.core.guest] DEBUG: win7x6430: analysis still processing
2019-05-13 05:36:05,494 [cuckoo.core.resultserver] DEBUG: File upload request for curtain/1557722044.83.curtain.log
2019-05-13 05:36:05,508 [cuckoo.core.resultserver] DEBUG: Uploaded file length: 36
2019-05-13 05:36:06,248 [cuckoo.core.resultserver] DEBUG: File upload request for shots/0076.jpg
2019-05-13 05:36:06,279 [cuckoo.core.resultserver] DEBUG: Uploaded file length: 79201
2019-05-13 05:36:09,924 [cuckoo.core.resultserver] DEBUG: File upload request for sysmon/1557722049.36.sysmon.xml
2019-05-13 05:36:10,081 [cuckoo.core.resultserver] DEBUG: Uploaded file length: 3736531
2019-05-13 05:36:10,907 [cuckoo.core.resultserver] DEBUG: File upload request for shots/0077.jpg
2019-05-13 05:36:10,953 [cuckoo.core.resultserver] DEBUG: Uploaded file length: 80097
2019-05-13 05:36:11,469 [cuckoo.core.guest] INFO: Virtual Machine /status failed (CuckooGuestError('Cuckoo Agent failed without error status, please try upgrading to the latest version of agent.py (>= 0.8) and notify us if the issue persists.',))
2019-05-13 05:36:11,498 [cuckoo.core.guest] DEBUG: win7x6430: analysis still processing
2019-05-13 05:36:12,216 [cuckoo.core.resultserver] DEBUG: File upload request for shots/0078.jpg
2019-05-13 05:36:12,242 [cuckoo.core.resultserver] DEBUG: Uploaded file length: 79570
2019-05-13 05:36:16,683 [cuckoo.core.resultserver] DEBUG: File upload request for shots/0079.jpg
2019-05-13 05:36:16,708 [cuckoo.core.resultserver] DEBUG: Uploaded file length: 81438
2019-05-13 05:36:17,519 [cuckoo.core.guest] INFO: Virtual Machine /status failed (CuckooGuestError('Cuckoo Agent failed without error status, please try upgrading to the latest version of agent.py (>= 0.8) and notify us if the issue persists.',))
2019-05-13 05:36:17,531 [cuckoo.core.guest] DEBUG: win7x6430: analysis still processing
2019-05-13 05:36:18,168 [cuckoo.core.resultserver] DEBUG: File upload request for shots/0080.jpg
2019-05-13 05:36:18,192 [cuckoo.core.resultserver] DEBUG: Uploaded file length: 79306
2019-05-13 05:36:19,750 [cuckoo.core.resultserver] DEBUG: File upload request for memory/2372-1.dmp
2019-05-13 05:36:21,414 [cuckoo.core.resultserver] DEBUG: File upload request for shots/0081.jpg
2019-05-13 05:36:21,435 [cuckoo.core.resultserver] DEBUG: Uploaded file length: 71440
2019-05-13 05:36:21,503 [cuckoo.core.resultserver] DEBUG: Uploaded file length: 82821928
2019-05-13 05:36:22,664 [cuckoo.core.resultserver] DEBUG: File upload request for shots/0082.jpg
2019-05-13 05:36:22,671 [cuckoo.core.resultserver] DEBUG: Uploaded file length: 79286
2019-05-13 05:36:23,557 [cuckoo.core.guest] INFO: Virtual Machine /status failed (CuckooGuestError('Cuckoo Agent failed without error status, please try upgrading to the latest version of agent.py (>= 0.8) and notify us if the issue persists.',))
2019-05-13 05:36:23,566 [cuckoo.core.guest] DEBUG: win7x6430: analysis still processing
2019-05-13 05:36:25,190 [cuckoo.core.resultserver] DEBUG: File upload request for shots/0083.jpg
2019-05-13 05:36:26,604 [cuckoo.core.resultserver] DEBUG: File upload request for curtain/1557722065.98.curtain.log
2019-05-13 05:36:26,610 [cuckoo.core.resultserver] DEBUG: Uploaded file length: 36
2019-05-13 05:36:26,606 [cuckoo.core.resultserver] DEBUG: File upload request for shots/0084.jpg
2019-05-13 05:36:26,617 [cuckoo.core.resultserver] DEBUG: File upload request for curtain/1557722066.0.curtain.log
2019-05-13 05:36:26,626 [cuckoo.core.resultserver] DEBUG: Uploaded file length: 36
2019-05-13 05:36:26,974 [cuckoo.core.resultserver] DEBUG: Uploaded file length: 77300
2019-05-13 05:36:28,668 [cuckoo.core.resultserver] DEBUG: Uploaded file length: 79560
2019-05-13 05:36:29,607 [cuckoo.core.guest] INFO: Virtual Machine /status failed (CuckooGuestError('Cuckoo Agent failed without error status, please try upgrading to the latest version of agent.py (>= 0.8) and notify us if the issue persists.',))
2019-05-13 05:36:29,702 [cuckoo.core.guest] DEBUG: win7x6430: analysis still processing
2019-05-13 05:36:31,767 [cuckoo.core.resultserver] DEBUG: File upload request for sysmon/1557722071.14.sysmon.xml
2019-05-13 05:36:31,908 [cuckoo.core.resultserver] DEBUG: Uploaded file length: 4520939
2019-05-13 05:36:32,109 [cuckoo.core.resultserver] DEBUG: File upload request for files/b20e5f2a89709f30_wer99fd.tmp.werinternalmetadata.xml
2019-05-13 05:36:32,126 [cuckoo.core.resultserver] DEBUG: Uploaded file length: 2662
2019-05-13 05:36:33,778 [cuckoo.core.resultserver] DEBUG: File upload request for sysmon/1557722073.08.sysmon.xml
2019-05-13 05:36:33,911 [cuckoo.core.resultserver] DEBUG: Uploaded file length: 4520939
2019-05-13 05:36:35,866 [cuckoo.core.guest] INFO: Virtual Machine /status failed (CuckooGuestError('Cuckoo Agent failed without error status, please try upgrading to the latest version of agent.py (>= 0.8) and notify us if the issue persists.',))
2019-05-13 05:36:35,893 [cuckoo.core.guest] DEBUG: win7x6430: analysis still processing
2019-05-13 05:36:42,297 [cuckoo.core.guest] INFO: Virtual Machine /status failed (CuckooGuestError('Cuckoo Agent failed without error status, please try upgrading to the latest version of agent.py (>= 0.8) and notify us if the issue persists.',))
2019-05-13 05:36:42,361 [cuckoo.core.guest] DEBUG: win7x6430: analysis still processing
2019-05-13 05:36:47,497 [cuckoo.core.resultserver] DEBUG: File upload request for curtain/1557722086.83.curtain.log
2019-05-13 05:36:47,509 [cuckoo.core.resultserver] DEBUG: Uploaded file length: 36
2019-05-13 05:36:48,417 [cuckoo.core.guest] INFO: Virtual Machine /status failed (CuckooGuestError('Cuckoo Agent failed without error status, please try upgrading to the latest version of agent.py (>= 0.8) and notify us if the issue persists.',))
2019-05-13 05:36:48,430 [cuckoo.core.guest] DEBUG: win7x6430: analysis still processing
2019-05-13 05:36:54,642 [cuckoo.core.guest] INFO: Virtual Machine /status failed (CuckooGuestError('Cuckoo Agent failed without error status, please try upgrading to the latest version of agent.py (>= 0.8) and notify us if the issue persists.',))
2019-05-13 05:36:54,705 [cuckoo.core.guest] DEBUG: win7x6430: analysis still processing
2019-05-13 05:37:00,835 [cuckoo.core.guest] INFO: Virtual Machine /status failed (CuckooGuestError('Cuckoo Agent failed without error status, please try upgrading to the latest version of agent.py (>= 0.8) and notify us if the issue persists.',))
2019-05-13 05:37:00,889 [cuckoo.core.guest] DEBUG: win7x6430: analysis still processing
2019-05-13 05:37:06,949 [cuckoo.core.guest] INFO: Virtual Machine /status failed (CuckooGuestError('Cuckoo Agent failed without error status, please try upgrading to the latest version of agent.py (>= 0.8) and notify us if the issue persists.',))
2019-05-13 05:37:06,962 [cuckoo.core.guest] DEBUG: win7x6430: analysis still processing
2019-05-13 05:37:07,847 [cuckoo.core.resultserver] DEBUG: File upload request for curtain/1557722107.08.curtain.log
2019-05-13 05:37:07,860 [cuckoo.core.resultserver] DEBUG: Uploaded file length: 36
2019-05-13 05:37:13,078 [cuckoo.core.guest] INFO: Virtual Machine /status failed (CuckooGuestError('Cuckoo Agent failed without error status, please try upgrading to the latest version of agent.py (>= 0.8) and notify us if the issue persists.',))
2019-05-13 05:37:13,122 [cuckoo.core.guest] DEBUG: win7x6430: analysis still processing
2019-05-13 05:37:19,161 [cuckoo.core.guest] INFO: Virtual Machine /status failed (CuckooGuestError('Cuckoo Agent failed without error status, please try upgrading to the latest version of agent.py (>= 0.8) and notify us if the issue persists.',))
2019-05-13 05:37:19,173 [cuckoo.core.guest] DEBUG: win7x6430: analysis still processing
2019-05-13 05:37:25,598 [cuckoo.core.guest] INFO: Virtual Machine /status failed (CuckooGuestError('Cuckoo Agent failed without error status, please try upgrading to the latest version of agent.py (>= 0.8) and notify us if the issue persists.',))
2019-05-13 05:37:25,645 [cuckoo.core.guest] DEBUG: win7x6430: analysis still processing
2019-05-13 05:37:28,477 [cuckoo.core.resultserver] DEBUG: File upload request for curtain/1557722127.62.curtain.log
2019-05-13 05:37:28,489 [cuckoo.core.resultserver] DEBUG: Uploaded file length: 36
2019-05-13 05:37:31,698 [cuckoo.core.guest] INFO: Virtual Machine /status failed (CuckooGuestError('Cuckoo Agent failed without error status, please try upgrading to the latest version of agent.py (>= 0.8) and notify us if the issue persists.',))
2019-05-13 05:37:31,705 [cuckoo.core.guest] DEBUG: win7x6430: analysis still processing
2019-05-13 05:37:37,731 [cuckoo.core.guest] INFO: Virtual Machine /status failed (CuckooGuestError('Cuckoo Agent failed without error status, please try upgrading to the latest version of agent.py (>= 0.8) and notify us if the issue persists.',))
2019-05-13 05:37:37,956 [cuckoo.core.guest] DEBUG: win7x6430: analysis still processing
2019-05-13 05:37:44,342 [cuckoo.core.guest] INFO: Virtual Machine /status failed (CuckooGuestError('Cuckoo Agent failed without error status, please try upgrading to the latest version of agent.py (>= 0.8) and notify us if the issue persists.',))
2019-05-13 05:37:44,695 [cuckoo.core.guest] DEBUG: win7x6430: analysis still processing
2019-05-13 05:37:45,933 [cuckoo.core.guest] INFO: win7x6430: end of analysis reached!
2019-05-13 05:37:46,034 [cuckoo.core.plugins] DEBUG: Stopped auxiliary module: Replay
2019-05-13 05:37:46,220 [cuckoo.core.plugins] DEBUG: Stopped auxiliary module: Sniffer
2019-05-13 05:37:46,221 [cuckoo.machinery.virtualbox] DEBUG: Stopping vm win7x6430
2019-05-13 05:37:54,554 [cuckoo.core.scheduler] DEBUG: Released database task #1075906
2019-05-13 05:37:54,748 [cuckoo.core.scheduler] INFO: Task #1075906: analysis procedure completed
