2019-05-13 06:31:13,092 [analyzer] DEBUG: Starting analyzer from: C:\tmplnazrk
2019-05-13 06:31:13,108 [analyzer] DEBUG: Pipe server name: \??\PIPE\QMJuRqHzyypgXazpYTob
2019-05-13 06:31:13,108 [analyzer] DEBUG: Log pipe server name: \??\PIPE\zCwNrYEWCMWEChnoytLhwhng
2019-05-13 06:31:13,562 [analyzer] DEBUG: Started auxiliary module Curtain
2019-05-13 06:31:13,562 [analyzer] DEBUG: Started auxiliary module DbgView
2019-05-13 06:31:14,358 [analyzer] DEBUG: Started auxiliary module Disguise
2019-05-13 06:31:14,703 [analyzer] DEBUG: Loaded monitor into process with pid 488
2019-05-13 06:31:14,717 [analyzer] DEBUG: Started auxiliary module DumpTLSMasterSecrets
2019-05-13 06:31:14,733 [analyzer] DEBUG: Started auxiliary module Human
2019-05-13 06:31:14,733 [analyzer] DEBUG: Started auxiliary module InstallCertificate
2019-05-13 06:31:14,733 [analyzer] DEBUG: Started auxiliary module Reboot
2019-05-13 06:31:14,812 [analyzer] DEBUG: Started auxiliary module RecentFiles
2019-05-13 06:31:14,812 [analyzer] DEBUG: Started auxiliary module Screenshots
2019-05-13 06:31:14,828 [analyzer] DEBUG: Started auxiliary module Sysmon
2019-05-13 06:31:14,828 [analyzer] DEBUG: Started auxiliary module LoadZer0m0n
2019-05-13 06:31:15,187 [lib.api.process] INFO: Successfully executed process from path u'C:\\Users\\ADMINI~1\\AppData\\Local\\Temp\\25b841db7d2090418b06244e5ef0e7640a84750ad9d3e923847ecb2e84736538.exe' with arguments '' and pid 2256
2019-05-13 06:31:15,437 [analyzer] DEBUG: Loaded monitor into process with pid 2256
2019-05-13 06:31:18,530 [analyzer] INFO: Injected into process with pid 2512 and name u'dw20.exe'
2019-05-13 06:31:18,858 [analyzer] DEBUG: Loaded monitor into process with pid 2512
2019-05-13 06:31:20,608 [modules.auxiliary.human] INFO: Found a window with a specific handler: #32770
2019-05-13 06:31:20,608 [modules.auxiliary.human] WARNING: Unexpected window title: Firefox
2019-05-13 06:31:20,625 [modules.auxiliary.human] INFO: Found button u'Check online for a solution and close the program', clicking it
2019-05-13 06:31:21,687 [modules.auxiliary.human] INFO: Found button u'Close the program', clicking it
2019-05-13 06:31:22,280 [analyzer] INFO: Added new file to list with pid 2512 and path C:\Users\Administrator\AppData\Local\Temp\WER98C5.tmp.WERInternalMetadata.xml
2019-05-13 06:31:23,875 [modules.auxiliary.human] INFO: Found a window with a specific handler: #32770
2019-05-13 06:31:23,875 [modules.auxiliary.human] WARNING: Unexpected window title: Firefox
2019-05-13 06:31:24,921 [modules.auxiliary.human] INFO: Found a window with a specific handler: #32770
2019-05-13 06:31:24,921 [modules.auxiliary.human] WARNING: Unexpected window title: Firefox
2019-05-13 06:31:25,967 [modules.auxiliary.human] INFO: Found a window with a specific handler: #32770
2019-05-13 06:31:25,967 [modules.auxiliary.human] WARNING: Unexpected window title: Firefox
2019-05-13 06:31:27,030 [modules.auxiliary.human] INFO: Found a window with a specific handler: #32770
2019-05-13 06:31:27,030 [modules.auxiliary.human] WARNING: Unexpected window title: Firefox
2019-05-13 06:31:28,092 [modules.auxiliary.human] INFO: Found a window with a specific handler: #32770
2019-05-13 06:31:28,092 [modules.auxiliary.human] WARNING: Unexpected window title: Firefox
2019-05-13 06:31:29,187 [modules.auxiliary.human] INFO: Found a window with a specific handler: #32770
2019-05-13 06:31:29,187 [modules.auxiliary.human] WARNING: Unexpected window title: Firefox
2019-05-13 06:31:30,217 [modules.auxiliary.human] INFO: Found a window with a specific handler: #32770
2019-05-13 06:31:30,217 [modules.auxiliary.human] WARNING: Unexpected window title: Firefox
2019-05-13 06:31:31,342 [modules.auxiliary.human] INFO: Found a window with a specific handler: #32770
2019-05-13 06:31:31,358 [modules.auxiliary.human] WARNING: Unexpected window title: Firefox
2019-05-13 06:31:32,437 [modules.auxiliary.human] INFO: Found a window with a specific handler: #32770
2019-05-13 06:31:32,437 [modules.auxiliary.human] WARNING: Unexpected window title: Firefox
2019-05-13 06:31:33,500 [modules.auxiliary.human] INFO: Found a window with a specific handler: #32770
2019-05-13 06:31:33,500 [modules.auxiliary.human] WARNING: Unexpected window title: Firefox
2019-05-13 06:31:34,530 [modules.auxiliary.human] INFO: Found a window with a specific handler: #32770
2019-05-13 06:31:34,530 [modules.auxiliary.human] WARNING: Unexpected window title: Firefox
2019-05-13 06:31:35,592 [modules.auxiliary.human] INFO: Found a window with a specific handler: #32770
2019-05-13 06:31:35,858 [modules.auxiliary.human] WARNING: Unexpected window title: Firefox
2019-05-13 06:31:36,967 [modules.auxiliary.human] INFO: Found a window with a specific handler: #32770
2019-05-13 06:31:36,967 [modules.auxiliary.human] WARNING: Unexpected window title: Firefox
2019-05-13 06:31:38,030 [modules.auxiliary.human] INFO: Found a window with a specific handler: #32770
2019-05-13 06:31:38,030 [modules.auxiliary.human] WARNING: Unexpected window title: Firefox
2019-05-13 06:31:39,500 [modules.auxiliary.human] INFO: Found a window with a specific handler: #32770
2019-05-13 06:31:39,500 [modules.auxiliary.human] WARNING: Unexpected window title: Firefox
2019-05-13 06:31:40,562 [modules.auxiliary.human] INFO: Found a window with a specific handler: #32770
2019-05-13 06:31:40,562 [modules.auxiliary.human] WARNING: Unexpected window title: Firefox
2019-05-13 06:31:41,765 [modules.auxiliary.human] INFO: Found a window with a specific handler: #32770
2019-05-13 06:31:41,765 [modules.auxiliary.human] WARNING: Unexpected window title: Firefox
2019-05-13 06:31:43,921 [modules.auxiliary.human] INFO: Found a window with a specific handler: #32770
2019-05-13 06:31:43,921 [modules.auxiliary.human] WARNING: Unexpected window title: Firefox
2019-05-13 06:31:44,953 [modules.auxiliary.human] INFO: Found a window with a specific handler: #32770
2019-05-13 06:31:44,953 [modules.auxiliary.human] WARNING: Unexpected window title: Firefox
2019-05-13 06:31:46,608 [modules.auxiliary.human] INFO: Found a window with a specific handler: #32770
2019-05-13 06:31:46,796 [modules.auxiliary.human] WARNING: Unexpected window title: Firefox
2019-05-13 06:31:48,625 [modules.auxiliary.human] INFO: Found a window with a specific handler: #32770
2019-05-13 06:31:48,625 [modules.auxiliary.human] WARNING: Unexpected window title: Firefox
2019-05-13 06:31:50,671 [modules.auxiliary.human] INFO: Found a window with a specific handler: #32770
2019-05-13 06:31:50,687 [modules.auxiliary.human] WARNING: Unexpected window title: Firefox
2019-05-13 06:31:53,640 [modules.auxiliary.human] INFO: Found a window with a specific handler: #32770
2019-05-13 06:31:53,640 [modules.auxiliary.human] WARNING: Unexpected window title: Firefox
2019-05-13 06:31:55,250 [modules.auxiliary.human] INFO: Found a window with a specific handler: #32770
2019-05-13 06:31:55,250 [modules.auxiliary.human] WARNING: Unexpected window title: Firefox
2019-05-13 06:31:56,703 [modules.auxiliary.human] INFO: Found a window with a specific handler: #32770
2019-05-13 06:31:56,703 [modules.auxiliary.human] WARNING: Unexpected window title: Firefox
2019-05-13 06:31:58,125 [modules.auxiliary.human] INFO: Found a window with a specific handler: #32770
2019-05-13 06:31:58,125 [modules.auxiliary.human] WARNING: Unexpected window title: Firefox
2019-05-13 06:32:00,687 [modules.auxiliary.human] INFO: Found a window with a specific handler: #32770
2019-05-13 06:32:00,687 [modules.auxiliary.human] WARNING: Unexpected window title: Firefox
2019-05-13 06:32:02,390 [modules.auxiliary.human] INFO: Found a window with a specific handler: #32770
2019-05-13 06:32:02,390 [modules.auxiliary.human] WARNING: Unexpected window title: Firefox
2019-05-13 06:32:04,687 [modules.auxiliary.human] INFO: Found a window with a specific handler: #32770
2019-05-13 06:32:04,687 [modules.auxiliary.human] WARNING: Unexpected window title: Firefox
2019-05-13 06:32:05,828 [modules.auxiliary.human] INFO: Found a window with a specific handler: #32770
2019-05-13 06:32:05,828 [modules.auxiliary.human] WARNING: Unexpected window title: Firefox
2019-05-13 06:32:06,937 [modules.auxiliary.human] INFO: Found a window with a specific handler: #32770
2019-05-13 06:32:06,937 [modules.auxiliary.human] WARNING: Unexpected window title: Firefox
2019-05-13 06:32:08,046 [modules.auxiliary.human] INFO: Found a window with a specific handler: #32770
2019-05-13 06:32:08,046 [modules.auxiliary.human] WARNING: Unexpected window title: Firefox
2019-05-13 06:32:09,562 [modules.auxiliary.human] INFO: Found a window with a specific handler: #32770
2019-05-13 06:32:09,562 [modules.auxiliary.human] WARNING: Unexpected window title: Firefox
2019-05-13 06:32:10,953 [modules.auxiliary.human] INFO: Found a window with a specific handler: #32770
2019-05-13 06:32:10,953 [modules.auxiliary.human] WARNING: Unexpected window title: Firefox
2019-05-13 06:32:12,467 [modules.auxiliary.human] INFO: Found a window with a specific handler: #32770
2019-05-13 06:32:12,483 [modules.auxiliary.human] WARNING: Unexpected window title: Firefox
2019-05-13 06:32:13,608 [modules.auxiliary.human] INFO: Found a window with a specific handler: #32770
2019-05-13 06:32:13,608 [modules.auxiliary.human] WARNING: Unexpected window title: Firefox
2019-05-13 06:32:15,500 [modules.auxiliary.human] INFO: Found a window with a specific handler: #32770
2019-05-13 06:32:15,500 [modules.auxiliary.human] WARNING: Unexpected window title: Firefox
2019-05-13 06:32:16,592 [modules.auxiliary.human] INFO: Found a window with a specific handler: #32770
2019-05-13 06:32:16,592 [modules.auxiliary.human] WARNING: Unexpected window title: Firefox
2019-05-13 06:32:18,140 [modules.auxiliary.human] INFO: Found a window with a specific handler: #32770
2019-05-13 06:32:18,187 [modules.auxiliary.human] WARNING: Unexpected window title: Firefox
2019-05-13 06:32:19,296 [modules.auxiliary.human] INFO: Found a window with a specific handler: #32770
2019-05-13 06:32:19,296 [modules.auxiliary.human] WARNING: Unexpected window title: Firefox
2019-05-13 06:32:20,358 [modules.auxiliary.human] INFO: Found a window with a specific handler: #32770
2019-05-13 06:32:20,358 [modules.auxiliary.human] WARNING: Unexpected window title: Firefox
2019-05-13 06:32:21,530 [modules.auxiliary.human] INFO: Found a window with a specific handler: #32770
2019-05-13 06:32:21,530 [modules.auxiliary.human] WARNING: Unexpected window title: Firefox
2019-05-13 06:32:23,546 [modules.auxiliary.human] INFO: Found a window with a specific handler: #32770
2019-05-13 06:32:23,546 [modules.auxiliary.human] WARNING: Unexpected window title: Firefox
2019-05-13 06:32:26,655 [modules.auxiliary.human] INFO: Found a window with a specific handler: #32770
2019-05-13 06:32:27,015 [modules.auxiliary.human] WARNING: Unexpected window title: Firefox
2019-05-13 06:32:29,046 [modules.auxiliary.human] INFO: Found a window with a specific handler: #32770
2019-05-13 06:32:29,046 [modules.auxiliary.human] WARNING: Unexpected window title: Firefox
2019-05-13 06:32:30,937 [modules.auxiliary.human] INFO: Found a window with a specific handler: #32770
2019-05-13 06:32:30,953 [modules.auxiliary.human] WARNING: Unexpected window title: Firefox
2019-05-13 06:32:32,453 [modules.auxiliary.human] INFO: Found a window with a specific handler: #32770
2019-05-13 06:32:32,453 [modules.auxiliary.human] WARNING: Unexpected window title: Firefox
2019-05-13 06:32:34,108 [modules.auxiliary.human] INFO: Found a window with a specific handler: #32770
2019-05-13 06:32:34,108 [modules.auxiliary.human] WARNING: Unexpected window title: Firefox
2019-05-13 06:32:35,687 [modules.auxiliary.human] INFO: Found a window with a specific handler: #32770
2019-05-13 06:32:35,703 [modules.auxiliary.human] WARNING: Unexpected window title: Firefox
2019-05-13 06:32:36,796 [modules.auxiliary.human] INFO: Found a window with a specific handler: #32770
2019-05-13 06:32:36,796 [modules.auxiliary.human] WARNING: Unexpected window title: Firefox
2019-05-13 06:32:37,921 [modules.auxiliary.human] INFO: Found a window with a specific handler: #32770
2019-05-13 06:32:37,921 [modules.auxiliary.human] WARNING: Unexpected window title: Firefox
2019-05-13 06:32:38,967 [modules.auxiliary.human] INFO: Found a window with a specific handler: #32770
2019-05-13 06:32:38,967 [modules.auxiliary.human] WARNING: Unexpected window title: Firefox
2019-05-13 06:32:40,125 [modules.auxiliary.human] INFO: Found a window with a specific handler: #32770
2019-05-13 06:32:40,140 [modules.auxiliary.human] WARNING: Unexpected window title: Firefox
2019-05-13 06:32:41,342 [modules.auxiliary.human] INFO: Found a window with a specific handler: #32770
2019-05-13 06:32:41,437 [modules.auxiliary.human] WARNING: Unexpected window title: Firefox
2019-05-13 06:32:42,842 [modules.auxiliary.human] INFO: Found a window with a specific handler: #32770
2019-05-13 06:32:42,905 [modules.auxiliary.human] WARNING: Unexpected window title: Firefox
2019-05-13 06:32:44,546 [modules.auxiliary.human] INFO: Found a window with a specific handler: #32770
2019-05-13 06:32:44,562 [modules.auxiliary.human] WARNING: Unexpected window title: Firefox
2019-05-13 06:32:47,125 [modules.auxiliary.human] INFO: Found a window with a specific handler: #32770
2019-05-13 06:32:47,250 [modules.auxiliary.human] WARNING: Unexpected window title: Firefox
2019-05-13 06:32:48,500 [modules.auxiliary.human] INFO: Found a window with a specific handler: #32770
2019-05-13 06:32:48,500 [modules.auxiliary.human] WARNING: Unexpected window title: Firefox
2019-05-13 06:32:49,687 [modules.auxiliary.human] INFO: Found a window with a specific handler: #32770
2019-05-13 06:32:49,687 [modules.auxiliary.human] WARNING: Unexpected window title: Firefox
2019-05-13 06:32:50,937 [modules.auxiliary.human] INFO: Found a window with a specific handler: #32770
2019-05-13 06:32:50,937 [modules.auxiliary.human] WARNING: Unexpected window title: Firefox
2019-05-13 06:32:52,140 [modules.auxiliary.human] INFO: Found a window with a specific handler: #32770
2019-05-13 06:32:52,140 [modules.auxiliary.human] WARNING: Unexpected window title: Firefox
2019-05-13 06:32:53,296 [modules.auxiliary.human] INFO: Found a window with a specific handler: #32770
2019-05-13 06:32:53,296 [modules.auxiliary.human] WARNING: Unexpected window title: Firefox
2019-05-13 06:32:54,342 [modules.auxiliary.human] INFO: Found a window with a specific handler: #32770
2019-05-13 06:32:54,342 [modules.auxiliary.human] WARNING: Unexpected window title: Firefox
2019-05-13 06:32:56,000 [modules.auxiliary.human] INFO: Found a window with a specific handler: #32770
2019-05-13 06:32:56,000 [modules.auxiliary.human] WARNING: Unexpected window title: Firefox
2019-05-13 06:33:10,937 [modules.auxiliary.human] INFO: Found a window with a specific handler: #32770
2019-05-13 06:33:10,953 [modules.auxiliary.human] WARNING: Unexpected window title: Firefox
2019-05-13 06:33:12,062 [modules.auxiliary.human] INFO: Found a window with a specific handler: #32770
2019-05-13 06:33:12,062 [modules.auxiliary.human] WARNING: Unexpected window title: Firefox
2019-05-13 06:33:13,140 [modules.auxiliary.human] INFO: Found a window with a specific handler: #32770
2019-05-13 06:33:13,140 [modules.auxiliary.human] WARNING: Unexpected window title: Firefox
2019-05-13 06:33:14,405 [modules.auxiliary.human] INFO: Found a window with a specific handler: #32770
2019-05-13 06:33:14,405 [modules.auxiliary.human] WARNING: Unexpected window title: Firefox
2019-05-13 06:33:15,812 [modules.auxiliary.human] INFO: Found a window with a specific handler: #32770
2019-05-13 06:33:15,812 [modules.auxiliary.human] WARNING: Unexpected window title: Firefox
2019-05-13 06:33:16,967 [modules.auxiliary.human] INFO: Found a window with a specific handler: #32770
2019-05-13 06:33:16,983 [modules.auxiliary.human] WARNING: Unexpected window title: Firefox
2019-05-13 06:33:18,858 [modules.auxiliary.human] INFO: Found a window with a specific handler: #32770
2019-05-13 06:33:18,858 [modules.auxiliary.human] WARNING: Unexpected window title: Firefox
2019-05-13 06:33:20,500 [modules.auxiliary.human] INFO: Found a window with a specific handler: #32770
2019-05-13 06:33:20,500 [modules.auxiliary.human] WARNING: Unexpected window title: Firefox
2019-05-13 06:33:21,733 [modules.auxiliary.human] INFO: Found a window with a specific handler: #32770
2019-05-13 06:33:21,796 [modules.auxiliary.human] WARNING: Unexpected window title: Firefox
2019-05-13 06:33:24,437 [modules.auxiliary.human] INFO: Found a window with a specific handler: #32770
2019-05-13 06:33:24,453 [modules.auxiliary.human] WARNING: Unexpected window title: Firefox
2019-05-13 06:33:25,625 [modules.auxiliary.human] INFO: Found a window with a specific handler: #32770
2019-05-13 06:33:25,625 [modules.auxiliary.human] WARNING: Unexpected window title: Firefox
2019-05-13 06:33:27,108 [modules.auxiliary.human] INFO: Found a window with a specific handler: #32770
2019-05-13 06:33:27,125 [modules.auxiliary.human] WARNING: Unexpected window title: Firefox
2019-05-13 06:33:28,328 [modules.auxiliary.human] INFO: Found a window with a specific handler: #32770
2019-05-13 06:33:28,328 [modules.auxiliary.human] WARNING: Unexpected window title: Firefox
2019-05-13 06:33:29,483 [modules.auxiliary.human] INFO: Found a window with a specific handler: #32770
2019-05-13 06:33:29,500 [modules.auxiliary.human] WARNING: Unexpected window title: Firefox
2019-05-13 06:33:30,937 [modules.auxiliary.human] INFO: Found a window with a specific handler: #32770
2019-05-13 06:33:30,937 [modules.auxiliary.human] WARNING: Unexpected window title: Firefox
2019-05-13 06:33:32,250 [modules.auxiliary.human] INFO: Found a window with a specific handler: #32770
2019-05-13 06:33:32,250 [modules.auxiliary.human] WARNING: Unexpected window title: Firefox
2019-05-13 06:33:33,546 [modules.auxiliary.human] INFO: Found a window with a specific handler: #32770
2019-05-13 06:33:33,562 [modules.auxiliary.human] WARNING: Unexpected window title: Firefox
2019-05-13 06:33:35,062 [modules.auxiliary.human] INFO: Found a window with a specific handler: #32770
2019-05-13 06:33:35,062 [modules.auxiliary.human] WARNING: Unexpected window title: Firefox
2019-05-13 06:33:36,280 [modules.auxiliary.human] INFO: Found a window with a specific handler: #32770
2019-05-13 06:33:36,280 [modules.auxiliary.human] WARNING: Unexpected window title: Firefox
2019-05-13 06:33:38,108 [modules.auxiliary.human] INFO: Found a window with a specific handler: #32770
2019-05-13 06:33:38,108 [modules.auxiliary.human] WARNING: Unexpected window title: Firefox
2019-05-13 06:33:39,655 [modules.auxiliary.human] INFO: Found a window with a specific handler: #32770
2019-05-13 06:33:39,655 [modules.auxiliary.human] WARNING: Unexpected window title: Firefox
2019-05-13 06:33:40,983 [modules.auxiliary.human] INFO: Found a window with a specific handler: #32770
2019-05-13 06:33:40,983 [modules.auxiliary.human] WARNING: Unexpected window title: Firefox
2019-05-13 06:33:42,655 [modules.auxiliary.human] INFO: Found a window with a specific handler: #32770
2019-05-13 06:33:42,655 [modules.auxiliary.human] WARNING: Unexpected window title: Firefox
2019-05-13 06:33:44,483 [modules.auxiliary.human] INFO: Found a window with a specific handler: #32770
2019-05-13 06:33:44,500 [modules.auxiliary.human] WARNING: Unexpected window title: Firefox
2019-05-13 06:33:45,733 [modules.auxiliary.human] INFO: Found a window with a specific handler: #32770
2019-05-13 06:33:45,750 [modules.auxiliary.human] WARNING: Unexpected window title: Firefox
2019-05-13 06:33:46,967 [modules.auxiliary.human] INFO: Found a window with a specific handler: #32770
2019-05-13 06:33:46,967 [modules.auxiliary.human] WARNING: Unexpected window title: Firefox
2019-05-13 06:33:48,828 [modules.auxiliary.human] INFO: Found a window with a specific handler: #32770
2019-05-13 06:33:48,828 [modules.auxiliary.human] WARNING: Unexpected window title: Firefox
2019-05-13 06:33:51,717 [modules.auxiliary.human] INFO: Found a window with a specific handler: #32770
2019-05-13 06:33:51,717 [modules.auxiliary.human] WARNING: Unexpected window title: Firefox
2019-05-13 06:33:52,812 [modules.auxiliary.human] INFO: Found a window with a specific handler: #32770
2019-05-13 06:33:52,812 [modules.auxiliary.human] WARNING: Unexpected window title: Firefox
2019-05-13 06:33:54,750 [modules.auxiliary.human] INFO: Found a window with a specific handler: #32770
2019-05-13 06:33:54,750 [modules.auxiliary.human] WARNING: Unexpected window title: Firefox
2019-05-13 06:33:56,453 [modules.auxiliary.human] INFO: Found a window with a specific handler: #32770
2019-05-13 06:33:56,453 [modules.auxiliary.human] WARNING: Unexpected window title: Firefox
2019-05-13 06:33:57,717 [modules.auxiliary.human] INFO: Found a window with a specific handler: #32770
2019-05-13 06:33:57,717 [modules.auxiliary.human] WARNING: Unexpected window title: Firefox
2019-05-13 06:33:59,983 [modules.auxiliary.human] INFO: Found a window with a specific handler: #32770
2019-05-13 06:33:59,983 [modules.auxiliary.human] WARNING: Unexpected window title: Firefox
2019-05-13 06:34:01,108 [modules.auxiliary.human] INFO: Found a window with a specific handler: #32770
2019-05-13 06:34:01,125 [modules.auxiliary.human] WARNING: Unexpected window title: Firefox
2019-05-13 06:34:02,280 [modules.auxiliary.human] INFO: Found a window with a specific handler: #32770
2019-05-13 06:34:02,280 [modules.auxiliary.human] WARNING: Unexpected window title: Firefox
2019-05-13 06:34:04,578 [modules.auxiliary.human] INFO: Found a window with a specific handler: #32770
2019-05-13 06:34:04,625 [modules.auxiliary.human] WARNING: Unexpected window title: Firefox
2019-05-13 06:34:05,671 [modules.auxiliary.human] INFO: Found a window with a specific handler: #32770
2019-05-13 06:34:05,671 [modules.auxiliary.human] WARNING: Unexpected window title: Firefox
2019-05-13 06:34:06,750 [modules.auxiliary.human] INFO: Found a window with a specific handler: #32770
2019-05-13 06:34:06,765 [modules.auxiliary.human] WARNING: Unexpected window title: Firefox
2019-05-13 06:34:08,437 [modules.auxiliary.human] INFO: Found a window with a specific handler: #32770
2019-05-13 06:34:08,437 [modules.auxiliary.human] WARNING: Unexpected window title: Firefox
2019-05-13 06:34:09,812 [modules.auxiliary.human] INFO: Found a window with a specific handler: #32770
2019-05-13 06:34:09,812 [modules.auxiliary.human] WARNING: Unexpected window title: Firefox
2019-05-13 06:34:11,515 [modules.auxiliary.human] INFO: Found a window with a specific handler: #32770
2019-05-13 06:34:11,515 [modules.auxiliary.human] WARNING: Unexpected window title: Firefox
2019-05-13 06:34:13,625 [modules.auxiliary.human] INFO: Found a window with a specific handler: #32770
2019-05-13 06:34:13,625 [modules.auxiliary.human] WARNING: Unexpected window title: Firefox
2019-05-13 06:34:17,265 [modules.auxiliary.human] INFO: Found a window with a specific handler: #32770
2019-05-13 06:34:17,265 [modules.auxiliary.human] WARNING: Unexpected window title: Firefox
2019-05-13 06:34:19,062 [modules.auxiliary.human] INFO: Found a window with a specific handler: #32770
2019-05-13 06:34:19,062 [modules.auxiliary.human] WARNING: Unexpected window title: Firefox
2019-05-13 06:34:20,092 [modules.auxiliary.human] INFO: Found a window with a specific handler: #32770
2019-05-13 06:34:20,092 [modules.auxiliary.human] WARNING: Unexpected window title: Firefox
2019-05-13 06:34:21,467 [modules.auxiliary.human] INFO: Found a window with a specific handler: #32770
2019-05-13 06:34:21,467 [modules.auxiliary.human] WARNING: Unexpected window title: Firefox
2019-05-13 06:34:23,905 [modules.auxiliary.human] INFO: Found a window with a specific handler: #32770
2019-05-13 06:34:23,921 [modules.auxiliary.human] WARNING: Unexpected window title: Firefox
2019-05-13 06:34:25,515 [modules.auxiliary.human] INFO: Found a window with a specific handler: #32770
2019-05-13 06:34:25,515 [modules.auxiliary.human] WARNING: Unexpected window title: Firefox
2019-05-13 06:34:28,358 [modules.auxiliary.human] INFO: Found a window with a specific handler: #32770
2019-05-13 06:34:28,358 [modules.auxiliary.human] WARNING: Unexpected window title: Firefox
2019-05-13 06:34:31,140 [modules.auxiliary.human] INFO: Found a window with a specific handler: #32770
2019-05-13 06:34:31,140 [modules.auxiliary.human] WARNING: Unexpected window title: Firefox
2019-05-13 06:34:32,203 [modules.auxiliary.human] INFO: Found a window with a specific handler: #32770
2019-05-13 06:34:32,203 [modules.auxiliary.human] WARNING: Unexpected window title: Firefox
2019-05-13 06:34:33,437 [modules.auxiliary.human] INFO: Found a window with a specific handler: #32770
2019-05-13 06:34:33,437 [modules.auxiliary.human] WARNING: Unexpected window title: Firefox
2019-05-13 06:34:34,500 [modules.auxiliary.human] INFO: Found a window with a specific handler: #32770
2019-05-13 06:34:34,500 [modules.auxiliary.human] WARNING: Unexpected window title: Firefox
2019-05-13 06:34:36,030 [modules.auxiliary.human] INFO: Found a window with a specific handler: #32770
2019-05-13 06:34:36,030 [modules.auxiliary.human] WARNING: Unexpected window title: Firefox
2019-05-13 06:34:37,967 [analyzer] INFO: Analysis timeout hit, terminating analysis.
2019-05-13 06:34:38,780 [modules.auxiliary.human] INFO: Found a window with a specific handler: #32770
2019-05-13 06:34:38,780 [modules.auxiliary.human] WARNING: Unexpected window title: Firefox
2019-05-13 06:34:40,030 [modules.auxiliary.human] INFO: Found a window with a specific handler: #32770
2019-05-13 06:34:40,030 [modules.auxiliary.human] WARNING: Unexpected window title: Firefox
2019-05-13 06:34:42,250 [modules.auxiliary.human] INFO: Found a window with a specific handler: #32770
2019-05-13 06:34:42,250 [modules.auxiliary.human] WARNING: Unexpected window title: Firefox
2019-05-13 06:34:42,358 [analyzer] WARNING: The package "modules.packages.exe" finish function raised an exception: [Error 32] The process cannot access the file because it is being used by another process: 'c:\\users\\admini~1\\appdata\\local\\temp\\tmpvasvmc'
2019-05-13 06:34:43,546 [modules.auxiliary.human] INFO: Found a window with a specific handler: #32770
2019-05-13 06:34:43,546 [modules.auxiliary.human] WARNING: Unexpected window title: Firefox
2019-05-13 06:34:44,828 [modules.auxiliary.human] INFO: Found a window with a specific handler: #32770
2019-05-13 06:34:44,828 [modules.auxiliary.human] WARNING: Unexpected window title: Firefox
2019-05-13 06:34:46,467 [modules.auxiliary.human] INFO: Found a window with a specific handler: #32770
2019-05-13 06:34:46,467 [modules.auxiliary.human] WARNING: Unexpected window title: Firefox
2019-05-13 06:34:47,780 [modules.auxiliary.human] INFO: Found a window with a specific handler: #32770
2019-05-13 06:34:47,780 [modules.auxiliary.human] WARNING: Unexpected window title: Firefox
2019-05-13 06:34:57,796 [analyzer] INFO: Terminating remaining processes before shutdown.
2019-05-13 06:34:57,796 [lib.api.process] INFO: Successfully terminated process with pid 2256.
2019-05-13 06:34:57,796 [lib.api.process] INFO: Successfully terminated process with pid 2512.
2019-05-13 06:34:57,828 [analyzer] INFO: Analysis completed.
