2019-05-13 05:32:17,469 [cuckoo.core.scheduler] INFO: Task #1075903: acquired machine win7x6429 (label=win7x6429)
2019-05-13 05:32:17,471 [cuckoo.core.plugins] DEBUG: Started auxiliary module: Replay
2019-05-13 05:32:17,835 [cuckoo.auxiliary.sniffer] INFO: Started sniffer with PID 50879 (interface=vboxnet0, host=192.168.168.229)
2019-05-13 05:32:17,838 [cuckoo.core.plugins] DEBUG: Started auxiliary module: Sniffer
2019-05-13 05:32:17,903 [cuckoo.machinery.virtualbox] DEBUG: Starting vm win7x6429
2019-05-13 05:32:18,573 [cuckoo.machinery.virtualbox] DEBUG: Restoring virtual machine win7x6429 to vmcloak
2019-05-13 05:32:29,291 [cuckoo.core.guest] INFO: Starting analysis on guest (id=win7x6429, ip=192.168.168.229)
2019-05-13 05:32:30,303 [cuckoo.core.guest] DEBUG: win7x6429: not ready yet
2019-05-13 05:32:31,316 [cuckoo.core.guest] DEBUG: win7x6429: not ready yet
2019-05-13 05:32:31,763 [cuckoo.core.guest] INFO: Guest is running Cuckoo Agent 0.8 (id=win7x6429, ip=192.168.168.229)
2019-05-13 05:32:32,088 [cuckoo.core.guest] DEBUG: Uploading analyzer to guest (id=win7x6429, ip=192.168.168.229, monitor=latest, size=4122890)
2019-05-13 05:32:32,799 [cuckoo.core.guest] DEBUG: win7x6429: analysis still processing
2019-05-13 05:32:33,987 [cuckoo.core.resultserver] DEBUG: LogHandler for live analysis.log initialized.
2019-05-13 05:32:33,992 [cuckoo.core.guest] DEBUG: win7x6429: analysis still processing
2019-05-13 05:32:35,290 [cuckoo.core.guest] DEBUG: win7x6429: analysis still processing
2019-05-13 05:32:36,204 [cuckoo.core.resultserver] DEBUG: New process (pid=2256, ppid=3012, name=25b841db7d2090418b06244e5ef0e7640a84750ad9d3e923847ecb2e84736538.exe)
2019-05-13 05:32:36,339 [cuckoo.core.guest] DEBUG: win7x6429: analysis still processing
2019-05-13 05:32:36,899 [cuckoo.core.resultserver] DEBUG: File upload request for shots/0001.jpg
2019-05-13 05:32:36,906 [cuckoo.core.resultserver] DEBUG: Uploaded file length: 69467
2019-05-13 05:32:37,357 [cuckoo.core.guest] DEBUG: win7x6429: analysis still processing
2019-05-13 05:32:38,370 [cuckoo.core.guest] DEBUG: win7x6429: analysis still processing
2019-05-13 05:32:39,384 [cuckoo.core.guest] DEBUG: win7x6429: analysis still processing
2019-05-13 05:32:39,576 [cuckoo.core.resultserver] DEBUG: New process (pid=2512, ppid=2256, name=dw20.exe)
2019-05-13 05:32:40,230 [cuckoo.core.resultserver] DEBUG: File upload request for shots/0002.jpg
2019-05-13 05:32:40,245 [cuckoo.core.resultserver] DEBUG: Uploaded file length: 72540
2019-05-13 05:32:40,402 [cuckoo.core.guest] DEBUG: win7x6429: analysis still processing
2019-05-13 05:32:40,815 [cuckoo.core.resultserver] DEBUG: File upload request for curtain/1557721879.86.curtain.log
2019-05-13 05:32:40,823 [cuckoo.core.resultserver] DEBUG: Uploaded file length: 36
2019-05-13 05:32:41,411 [cuckoo.core.resultserver] DEBUG: File upload request for shots/0003.jpg
2019-05-13 05:32:41,426 [cuckoo.core.resultserver] DEBUG: Uploaded file length: 70341
2019-05-13 05:32:41,563 [cuckoo.core.guest] DEBUG: win7x6429: analysis still processing
2019-05-13 05:32:41,565 [cuckoo.core.resultserver] DEBUG: File upload request for sysmon/1557721880.61.sysmon.xml
2019-05-13 05:32:41,567 [cuckoo.core.resultserver] DEBUG: Uploaded file length: 9671
2019-05-13 05:32:42,525 [cuckoo.core.resultserver] DEBUG: File upload request for shots/0004.jpg
2019-05-13 05:32:42,552 [cuckoo.core.resultserver] DEBUG: Uploaded file length: 82280
2019-05-13 05:32:42,586 [cuckoo.core.guest] DEBUG: win7x6429: analysis still processing
2019-05-13 05:32:43,199 [cuckoo.core.resultserver] DEBUG: File upload request for files/e3b0c44298fc1c14_WER98C5.tmp
2019-05-13 05:32:43,606 [cuckoo.core.guest] DEBUG: win7x6429: analysis still processing
2019-05-13 05:32:43,789 [cuckoo.core.resultserver] DEBUG: File upload request for shots/0005.jpg
2019-05-13 05:32:43,833 [cuckoo.core.resultserver] DEBUG: Uploaded file length: 76985
2019-05-13 05:32:44,699 [cuckoo.core.guest] DEBUG: win7x6429: analysis still processing
2019-05-13 05:32:44,923 [cuckoo.core.resultserver] DEBUG: File upload request for shots/0006.jpg
2019-05-13 05:32:44,938 [cuckoo.core.resultserver] DEBUG: Uploaded file length: 76242
2019-05-13 05:32:45,907 [cuckoo.core.guest] DEBUG: win7x6429: analysis still processing
2019-05-13 05:32:46,076 [cuckoo.core.resultserver] DEBUG: File upload request for shots/0007.jpg
2019-05-13 05:32:46,087 [cuckoo.core.resultserver] DEBUG: Uploaded file length: 78460
2019-05-13 05:32:46,930 [cuckoo.core.guest] DEBUG: win7x6429: analysis still processing
2019-05-13 05:32:47,413 [cuckoo.core.resultserver] DEBUG: File upload request for shots/0008.jpg
2019-05-13 05:32:47,425 [cuckoo.core.resultserver] DEBUG: Uploaded file length: 76169
2019-05-13 05:32:47,954 [cuckoo.core.guest] DEBUG: win7x6429: analysis still processing
2019-05-13 05:32:48,973 [cuckoo.core.guest] DEBUG: win7x6429: analysis still processing
2019-05-13 05:32:49,447 [cuckoo.core.resultserver] DEBUG: File upload request for shots/0009.jpg
2019-05-13 05:32:49,451 [cuckoo.core.resultserver] DEBUG: Uploaded file length: 77109
2019-05-13 05:32:49,994 [cuckoo.core.guest] DEBUG: win7x6429: analysis still processing
2019-05-13 05:32:50,589 [cuckoo.core.resultserver] DEBUG: File upload request for shots/0010.jpg
2019-05-13 05:32:50,602 [cuckoo.core.resultserver] DEBUG: Uploaded file length: 76090
2019-05-13 05:32:51,011 [cuckoo.core.guest] DEBUG: win7x6429: analysis still processing
2019-05-13 05:32:52,030 [cuckoo.core.guest] DEBUG: win7x6429: analysis still processing
2019-05-13 05:32:52,790 [cuckoo.core.resultserver] DEBUG: File upload request for shots/0011.jpg
2019-05-13 05:32:52,806 [cuckoo.core.resultserver] DEBUG: Uploaded file length: 78512
2019-05-13 05:32:53,051 [cuckoo.core.guest] DEBUG: win7x6429: analysis still processing
2019-05-13 05:32:53,899 [cuckoo.core.resultserver] DEBUG: File upload request for shots/0012.jpg
2019-05-13 05:32:53,910 [cuckoo.core.resultserver] DEBUG: Uploaded file length: 76112
2019-05-13 05:32:54,069 [cuckoo.core.guest] DEBUG: win7x6429: analysis still processing
2019-05-13 05:32:55,087 [cuckoo.core.guest] DEBUG: win7x6429: analysis still processing
2019-05-13 05:32:56,110 [cuckoo.core.resultserver] DEBUG: File upload request for shots/0013.jpg
2019-05-13 05:32:56,123 [cuckoo.core.resultserver] DEBUG: Uploaded file length: 68628
2019-05-13 05:32:56,134 [cuckoo.core.guest] DEBUG: win7x6429: analysis still processing
2019-05-13 05:32:57,153 [cuckoo.core.guest] DEBUG: win7x6429: analysis still processing
2019-05-13 05:32:57,328 [cuckoo.core.resultserver] DEBUG: File upload request for shots/0014.jpg
2019-05-13 05:32:57,338 [cuckoo.core.resultserver] DEBUG: Uploaded file length: 76717
2019-05-13 05:32:58,177 [cuckoo.core.guest] DEBUG: win7x6429: analysis still processing
2019-05-13 05:32:58,599 [cuckoo.core.resultserver] DEBUG: File upload request for shots/0015.jpg
2019-05-13 05:32:58,609 [cuckoo.core.resultserver] DEBUG: Uploaded file length: 75759
2019-05-13 05:32:59,196 [cuckoo.core.guest] DEBUG: win7x6429: analysis still processing
2019-05-13 05:33:00,213 [cuckoo.core.guest] DEBUG: win7x6429: analysis still processing
2019-05-13 05:33:00,806 [cuckoo.core.resultserver] DEBUG: File upload request for shots/0016.jpg
2019-05-13 05:33:00,825 [cuckoo.core.resultserver] DEBUG: Uploaded file length: 78512
2019-05-13 05:33:01,156 [cuckoo.core.resultserver] DEBUG: File upload request for curtain/1557721900.19.curtain.log
2019-05-13 05:33:01,163 [cuckoo.core.resultserver] DEBUG: Uploaded file length: 36
2019-05-13 05:33:01,286 [cuckoo.core.guest] DEBUG: win7x6429: analysis still processing
2019-05-13 05:33:02,077 [cuckoo.core.resultserver] DEBUG: File upload request for shots/0017.jpg
2019-05-13 05:33:02,087 [cuckoo.core.resultserver] DEBUG: Uploaded file length: 76143
2019-05-13 05:33:02,305 [cuckoo.core.guest] DEBUG: win7x6429: analysis still processing
2019-05-13 05:33:02,378 [cuckoo.core.resultserver] DEBUG: File upload request for sysmon/1557721901.41.sysmon.xml
2019-05-13 05:33:02,388 [cuckoo.core.resultserver] DEBUG: Uploaded file length: 383705
2019-05-13 05:33:03,321 [cuckoo.core.guest] DEBUG: win7x6429: analysis still processing
2019-05-13 05:33:04,339 [cuckoo.core.guest] DEBUG: win7x6429: analysis still processing
2019-05-13 05:33:05,763 [cuckoo.core.guest] DEBUG: win7x6429: analysis still processing
2019-05-13 05:33:06,355 [cuckoo.core.resultserver] DEBUG: File upload request for shots/0018.jpg
2019-05-13 05:33:06,363 [cuckoo.core.resultserver] DEBUG: Uploaded file length: 77007
2019-05-13 05:33:06,788 [cuckoo.core.guest] DEBUG: win7x6429: analysis still processing
2019-05-13 05:33:08,159 [cuckoo.core.resultserver] DEBUG: File upload request for shots/0019.jpg
2019-05-13 05:33:08,542 [cuckoo.core.resultserver] DEBUG: Uploaded file length: 76127
2019-05-13 05:33:09,348 [cuckoo.core.guest] DEBUG: win7x6429: analysis still processing
2019-05-13 05:33:10,549 [cuckoo.core.guest] DEBUG: win7x6429: analysis still processing
2019-05-13 05:33:11,620 [cuckoo.core.guest] DEBUG: win7x6429: analysis still processing
2019-05-13 05:33:14,533 [cuckoo.core.guest] DEBUG: win7x6429: analysis still processing
2019-05-13 05:33:15,567 [cuckoo.core.guest] DEBUG: win7x6429: analysis still processing
2019-05-13 05:33:15,923 [cuckoo.core.resultserver] DEBUG: File upload request for shots/0020.jpg
2019-05-13 05:33:15,934 [cuckoo.core.resultserver] DEBUG: Uploaded file length: 76950
2019-05-13 05:33:16,605 [cuckoo.core.guest] DEBUG: win7x6429: analysis still processing
2019-05-13 05:33:17,650 [cuckoo.core.guest] DEBUG: win7x6429: analysis still processing
2019-05-13 05:33:18,140 [cuckoo.core.resultserver] DEBUG: File upload request for shots/0021.jpg
2019-05-13 05:33:18,153 [cuckoo.core.resultserver] DEBUG: Uploaded file length: 79894
2019-05-13 05:33:18,672 [cuckoo.core.guest] DEBUG: win7x6429: analysis still processing
2019-05-13 05:33:19,234 [cuckoo.core.resultserver] DEBUG: File upload request for shots/0022.jpg
2019-05-13 05:33:19,242 [cuckoo.core.resultserver] DEBUG: Uploaded file length: 77305
2019-05-13 05:33:19,690 [cuckoo.core.guest] DEBUG: win7x6429: analysis still processing
2019-05-13 05:33:21,628 [cuckoo.core.guest] DEBUG: win7x6429: analysis still processing
2019-05-13 05:33:22,537 [cuckoo.core.resultserver] DEBUG: File upload request for shots/0023.jpg
2019-05-13 05:33:22,551 [cuckoo.core.resultserver] DEBUG: Uploaded file length: 76181
2019-05-13 05:33:22,800 [cuckoo.core.guest] DEBUG: win7x6429: analysis still processing
2019-05-13 05:33:23,979 [cuckoo.core.guest] DEBUG: win7x6429: analysis still processing
2019-05-13 05:33:24,572 [cuckoo.core.resultserver] DEBUG: File upload request for shots/0024.jpg
2019-05-13 05:33:24,575 [cuckoo.core.resultserver] DEBUG: File upload request for curtain/1557721922.8.curtain.log
2019-05-13 05:33:24,578 [cuckoo.core.resultserver] DEBUG: Uploaded file length: 36
2019-05-13 05:33:24,663 [cuckoo.core.resultserver] DEBUG: Uploaded file length: 76981
2019-05-13 05:33:25,021 [cuckoo.core.guest] DEBUG: win7x6429: analysis still processing
2019-05-13 05:33:25,823 [cuckoo.core.resultserver] DEBUG: File upload request for shots/0025.jpg
2019-05-13 05:33:25,839 [cuckoo.core.resultserver] DEBUG: Uploaded file length: 76494
2019-05-13 05:33:26,124 [cuckoo.core.guest] DEBUG: win7x6429: analysis still processing
2019-05-13 05:33:26,989 [cuckoo.core.resultserver] DEBUG: File upload request for shots/0026.jpg
2019-05-13 05:33:27,001 [cuckoo.core.resultserver] DEBUG: Uploaded file length: 78811
2019-05-13 05:33:27,886 [cuckoo.core.guest] DEBUG: win7x6429: analysis still processing
2019-05-13 05:33:27,898 [cuckoo.core.resultserver] DEBUG: File upload request for sysmon/1557721926.34.sysmon.xml
2019-05-13 05:33:27,914 [cuckoo.core.resultserver] DEBUG: Uploaded file length: 702586
2019-05-13 05:33:28,192 [cuckoo.core.resultserver] DEBUG: File upload request for shots/0027.jpg
2019-05-13 05:33:28,210 [cuckoo.core.resultserver] DEBUG: Uploaded file length: 76817
2019-05-13 05:33:29,162 [cuckoo.core.guest] DEBUG: win7x6429: analysis still processing
2019-05-13 05:33:29,376 [cuckoo.core.resultserver] DEBUG: File upload request for shots/0028.jpg
2019-05-13 05:33:29,392 [cuckoo.core.resultserver] DEBUG: Uploaded file length: 77041
2019-05-13 05:33:30,239 [cuckoo.core.guest] DEBUG: win7x6429: analysis still processing
2019-05-13 05:33:30,523 [cuckoo.core.resultserver] DEBUG: File upload request for shots/0029.jpg
2019-05-13 05:33:30,549 [cuckoo.core.resultserver] DEBUG: Uploaded file length: 78159
2019-05-13 05:33:31,711 [cuckoo.core.resultserver] DEBUG: File upload request for shots/0030.jpg
2019-05-13 05:33:31,750 [cuckoo.core.resultserver] DEBUG: Uploaded file length: 76304
2019-05-13 05:33:31,825 [cuckoo.core.guest] DEBUG: win7x6429: analysis still processing
2019-05-13 05:33:32,845 [cuckoo.core.guest] DEBUG: win7x6429: analysis still processing
2019-05-13 05:33:32,936 [cuckoo.core.resultserver] DEBUG: File upload request for shots/0031.jpg
2019-05-13 05:33:32,942 [cuckoo.core.resultserver] DEBUG: Uploaded file length: 77031
2019-05-13 05:33:34,259 [cuckoo.core.guest] DEBUG: win7x6429: analysis still processing
2019-05-13 05:33:34,283 [cuckoo.core.resultserver] DEBUG: File upload request for shots/0032.jpg
2019-05-13 05:33:34,320 [cuckoo.core.resultserver] DEBUG: Uploaded file length: 74205
2019-05-13 05:33:35,389 [cuckoo.core.resultserver] DEBUG: File upload request for shots/0033.jpg
2019-05-13 05:33:35,404 [cuckoo.core.guest] DEBUG: win7x6429: analysis still processing
2019-05-13 05:33:35,409 [cuckoo.core.resultserver] DEBUG: Uploaded file length: 71086
2019-05-13 05:33:36,434 [cuckoo.core.guest] DEBUG: win7x6429: analysis still processing
2019-05-13 05:33:37,460 [cuckoo.core.guest] DEBUG: win7x6429: analysis still processing
2019-05-13 05:33:38,484 [cuckoo.core.guest] DEBUG: win7x6429: analysis still processing
2019-05-13 05:33:38,727 [cuckoo.core.resultserver] DEBUG: File upload request for shots/0034.jpg
2019-05-13 05:33:38,737 [cuckoo.core.resultserver] DEBUG: Uploaded file length: 73271
2019-05-13 05:33:39,525 [cuckoo.core.guest] DEBUG: win7x6429: analysis still processing
2019-05-13 05:33:39,865 [cuckoo.core.resultserver] DEBUG: File upload request for shots/0035.jpg
2019-05-13 05:33:39,873 [cuckoo.core.resultserver] DEBUG: Uploaded file length: 70391
2019-05-13 05:33:40,559 [cuckoo.core.guest] DEBUG: win7x6429: analysis still processing
2019-05-13 05:33:41,582 [cuckoo.core.guest] DEBUG: win7x6429: analysis still processing
2019-05-13 05:33:42,607 [cuckoo.core.guest] DEBUG: win7x6429: analysis still processing
2019-05-13 05:33:43,748 [cuckoo.core.guest] DEBUG: win7x6429: analysis still processing
2019-05-13 05:33:44,137 [cuckoo.core.resultserver] DEBUG: File upload request for shots/0036.jpg
2019-05-13 05:33:44,144 [cuckoo.core.resultserver] DEBUG: Uploaded file length: 68176
2019-05-13 05:33:44,792 [cuckoo.core.guest] DEBUG: win7x6429: analysis still processing
2019-05-13 05:33:45,097 [cuckoo.core.resultserver] DEBUG: File upload request for curtain/1557721944.12.curtain.log
2019-05-13 05:33:45,106 [cuckoo.core.resultserver] DEBUG: Uploaded file length: 36
2019-05-13 05:33:45,284 [cuckoo.core.resultserver] DEBUG: File upload request for shots/0037.jpg
2019-05-13 05:33:45,289 [cuckoo.core.resultserver] DEBUG: Uploaded file length: 76301
2019-05-13 05:33:48,062 [cuckoo.core.resultserver] DEBUG: File upload request for shots/0038.jpg
2019-05-13 05:33:48,073 [cuckoo.core.resultserver] DEBUG: Uploaded file length: 75671
2019-05-13 05:33:49,933 [cuckoo.core.resultserver] DEBUG: File upload request for sysmon/1557721948.97.sysmon.xml
2019-05-13 05:33:49,992 [cuckoo.core.resultserver] DEBUG: Uploaded file length: 1228316
2019-05-13 05:33:50,821 [cuckoo.core.guest] INFO: Virtual Machine /status failed (ReadTimeout(ReadTimeoutError("HTTPConnectionPool(host='192.168.168.229', port=8000): Read timed out. (read timeout=5)",),))
2019-05-13 05:33:50,831 [cuckoo.core.guest] DEBUG: win7x6429: analysis still processing
2019-05-13 05:33:55,031 [cuckoo.core.resultserver] DEBUG: File upload request for shots/0039.jpg
2019-05-13 05:33:55,053 [cuckoo.core.resultserver] DEBUG: Uploaded file length: 78477
2019-05-13 05:33:56,280 [cuckoo.core.resultserver] DEBUG: File upload request for shots/0040.jpg
2019-05-13 05:33:56,293 [cuckoo.core.resultserver] DEBUG: Uploaded file length: 76220
2019-05-13 05:33:56,846 [cuckoo.core.guest] INFO: Virtual Machine /status failed (CuckooGuestError('Cuckoo Agent failed without error status, please try upgrading to the latest version of agent.py (>= 0.8) and notify us if the issue persists.',))
2019-05-13 05:33:56,857 [cuckoo.core.guest] DEBUG: win7x6429: analysis still processing
2019-05-13 05:33:58,600 [cuckoo.core.resultserver] DEBUG: File upload request for shots/0041.jpg
2019-05-13 05:33:58,628 [cuckoo.core.resultserver] DEBUG: Uploaded file length: 78476
2019-05-13 05:34:00,339 [cuckoo.core.resultserver] DEBUG: File upload request for shots/0042.jpg
2019-05-13 05:34:00,369 [cuckoo.core.resultserver] DEBUG: Uploaded file length: 76157
2019-05-13 05:34:01,237 [cuckoo.core.resultserver] DEBUG: File upload request for shots/0043.jpg
2019-05-13 05:34:01,250 [cuckoo.core.resultserver] DEBUG: Uploaded file length: 66339
2019-05-13 05:34:02,706 [cuckoo.core.resultserver] DEBUG: File upload request for shots/0044.jpg
2019-05-13 05:34:02,724 [cuckoo.core.resultserver] DEBUG: Uploaded file length: 76264
2019-05-13 05:34:02,937 [cuckoo.core.guest] INFO: Virtual Machine /status failed (CuckooGuestError('Cuckoo Agent failed without error status, please try upgrading to the latest version of agent.py (>= 0.8) and notify us if the issue persists.',))
2019-05-13 05:34:02,948 [cuckoo.core.guest] DEBUG: win7x6429: analysis still processing
2019-05-13 05:34:06,343 [cuckoo.core.resultserver] DEBUG: File upload request for curtain/1557721965.38.curtain.log
2019-05-13 05:34:06,351 [cuckoo.core.resultserver] DEBUG: Uploaded file length: 36
2019-05-13 05:34:07,753 [cuckoo.core.resultserver] DEBUG: File upload request for shots/0045.jpg
2019-05-13 05:34:07,767 [cuckoo.core.resultserver] DEBUG: Uploaded file length: 69154
2019-05-13 05:34:08,880 [cuckoo.core.resultserver] DEBUG: File upload request for shots/0046.jpg
2019-05-13 05:34:08,890 [cuckoo.core.resultserver] DEBUG: Uploaded file length: 67381
2019-05-13 05:34:08,970 [cuckoo.core.guest] INFO: Virtual Machine /status failed (CuckooGuestError('Cuckoo Agent failed without error status, please try upgrading to the latest version of agent.py (>= 0.8) and notify us if the issue persists.',))
2019-05-13 05:34:08,982 [cuckoo.core.guest] DEBUG: win7x6429: analysis still processing
2019-05-13 05:34:11,413 [cuckoo.core.resultserver] DEBUG: File upload request for shots/0047.jpg
2019-05-13 05:34:11,449 [cuckoo.core.resultserver] DEBUG: Uploaded file length: 76257
2019-05-13 05:34:14,749 [cuckoo.core.resultserver] DEBUG: File upload request for shots/0048.jpg
2019-05-13 05:34:14,772 [cuckoo.core.resultserver] DEBUG: Uploaded file length: 78438
2019-05-13 05:34:15,009 [cuckoo.core.guest] INFO: Virtual Machine /status failed (CuckooGuestError('Cuckoo Agent failed without error status, please try upgrading to the latest version of agent.py (>= 0.8) and notify us if the issue persists.',))
2019-05-13 05:34:15,022 [cuckoo.core.guest] DEBUG: win7x6429: analysis still processing
2019-05-13 05:34:15,531 [cuckoo.core.resultserver] DEBUG: File upload request for sysmon/1557721974.55.sysmon.xml
2019-05-13 05:34:15,596 [cuckoo.core.resultserver] DEBUG: Uploaded file length: 1708348
2019-05-13 05:34:16,101 [cuckoo.core.resultserver] DEBUG: File upload request for shots/0049.jpg
2019-05-13 05:34:16,118 [cuckoo.core.resultserver] DEBUG: Uploaded file length: 76220
2019-05-13 05:34:21,038 [cuckoo.core.guest] INFO: Virtual Machine /status failed (CuckooGuestError('Cuckoo Agent failed without error status, please try upgrading to the latest version of agent.py (>= 0.8) and notify us if the issue persists.',))
2019-05-13 05:34:21,059 [cuckoo.core.guest] DEBUG: win7x6429: analysis still processing
2019-05-13 05:34:22,480 [cuckoo.core.resultserver] DEBUG: File upload request for shots/0050.jpg
2019-05-13 05:34:22,490 [cuckoo.core.resultserver] DEBUG: Uploaded file length: 68883
2019-05-13 05:34:23,712 [cuckoo.core.resultserver] DEBUG: File upload request for shots/0051.jpg
2019-05-13 05:34:23,725 [cuckoo.core.resultserver] DEBUG: Uploaded file length: 76860
2019-05-13 05:34:27,097 [cuckoo.core.guest] INFO: Virtual Machine /status failed (CuckooGuestError('Cuckoo Agent failed without error status, please try upgrading to the latest version of agent.py (>= 0.8) and notify us if the issue persists.',))
2019-05-13 05:34:27,108 [cuckoo.core.guest] DEBUG: win7x6429: analysis still processing
2019-05-13 05:34:27,487 [cuckoo.core.resultserver] DEBUG: File upload request for curtain/1557721986.52.curtain.log
2019-05-13 05:34:27,505 [cuckoo.core.resultserver] DEBUG: Uploaded file length: 36
2019-05-13 05:34:31,102 [cuckoo.core.resultserver] DEBUG: File upload request for shots/0052.jpg
2019-05-13 05:34:31,114 [cuckoo.core.resultserver] DEBUG: Uploaded file length: 70826
2019-05-13 05:34:32,436 [cuckoo.core.resultserver] DEBUG: File upload request for shots/0053.jpg
2019-05-13 05:34:32,446 [cuckoo.core.resultserver] DEBUG: Uploaded file length: 70163
2019-05-13 05:34:33,145 [cuckoo.core.guest] INFO: Virtual Machine /status failed (CuckooGuestError('Cuckoo Agent failed without error status, please try upgrading to the latest version of agent.py (>= 0.8) and notify us if the issue persists.',))
2019-05-13 05:34:33,156 [cuckoo.core.guest] DEBUG: win7x6429: analysis still processing
2019-05-13 05:34:34,800 [cuckoo.core.resultserver] DEBUG: File upload request for shots/0054.jpg
2019-05-13 05:34:34,824 [cuckoo.core.resultserver] DEBUG: Uploaded file length: 76239
2019-05-13 05:34:35,967 [cuckoo.core.resultserver] DEBUG: File upload request for shots/0055.jpg
2019-05-13 05:34:35,984 [cuckoo.core.resultserver] DEBUG: Uploaded file length: 78423
2019-05-13 05:34:37,789 [cuckoo.core.resultserver] DEBUG: File upload request for shots/0056.jpg
2019-05-13 05:34:37,800 [cuckoo.core.resultserver] DEBUG: Uploaded file length: 76191
2019-05-13 05:34:39,169 [cuckoo.core.guest] INFO: Virtual Machine /status failed (CuckooGuestError('Cuckoo Agent failed without error status, please try upgrading to the latest version of agent.py (>= 0.8) and notify us if the issue persists.',))
2019-05-13 05:34:39,191 [cuckoo.core.guest] DEBUG: win7x6429: analysis still processing
2019-05-13 05:34:39,747 [cuckoo.core.resultserver] DEBUG: File upload request for sysmon/1557721998.52.sysmon.xml
2019-05-13 05:34:39,815 [cuckoo.core.resultserver] DEBUG: Uploaded file length: 2279849
2019-05-13 05:34:42,213 [cuckoo.core.resultserver] DEBUG: File upload request for shots/0057.jpg
2019-05-13 05:34:42,247 [cuckoo.core.resultserver] DEBUG: Uploaded file length: 77022
2019-05-13 05:34:43,393 [cuckoo.core.resultserver] DEBUG: File upload request for shots/0058.jpg
2019-05-13 05:34:43,415 [cuckoo.core.resultserver] DEBUG: Uploaded file length: 79597
2019-05-13 05:34:44,570 [cuckoo.core.resultserver] DEBUG: File upload request for shots/0059.jpg
2019-05-13 05:34:44,579 [cuckoo.core.resultserver] DEBUG: Uploaded file length: 76318
2019-05-13 05:34:45,215 [cuckoo.core.guest] INFO: Virtual Machine /status failed (CuckooGuestError('Cuckoo Agent failed without error status, please try upgrading to the latest version of agent.py (>= 0.8) and notify us if the issue persists.',))
2019-05-13 05:34:45,230 [cuckoo.core.guest] DEBUG: win7x6429: analysis still processing
2019-05-13 05:34:45,692 [cuckoo.core.resultserver] DEBUG: File upload request for shots/0060.jpg
2019-05-13 05:34:45,711 [cuckoo.core.resultserver] DEBUG: Uploaded file length: 73929
2019-05-13 05:34:47,959 [cuckoo.core.resultserver] DEBUG: File upload request for shots/0061.jpg
2019-05-13 05:34:47,987 [cuckoo.core.resultserver] DEBUG: Uploaded file length: 76259
2019-05-13 05:34:50,150 [cuckoo.core.resultserver] DEBUG: File upload request for shots/0062.jpg
2019-05-13 05:34:50,233 [cuckoo.core.resultserver] DEBUG: Uploaded file length: 76590
2019-05-13 05:34:50,672 [cuckoo.core.resultserver] DEBUG: File upload request for shots/0063.jpg
2019-05-13 05:34:50,697 [cuckoo.core.resultserver] DEBUG: Uploaded file length: 76320
2019-05-13 05:34:51,253 [cuckoo.core.guest] INFO: Virtual Machine /status failed (CuckooGuestError('Cuckoo Agent failed without error status, please try upgrading to the latest version of agent.py (>= 0.8) and notify us if the issue persists.',))
2019-05-13 05:34:51,273 [cuckoo.core.guest] DEBUG: win7x6429: analysis still processing
2019-05-13 05:34:51,903 [cuckoo.core.resultserver] DEBUG: File upload request for curtain/1557722010.88.curtain.log
2019-05-13 05:34:51,923 [cuckoo.core.resultserver] DEBUG: Uploaded file length: 36
2019-05-13 05:34:53,186 [cuckoo.core.resultserver] DEBUG: File upload request for shots/0064.jpg
2019-05-13 05:34:53,204 [cuckoo.core.resultserver] DEBUG: Uploaded file length: 78527
2019-05-13 05:34:54,489 [cuckoo.core.resultserver] DEBUG: File upload request for shots/0065.jpg
2019-05-13 05:34:54,514 [cuckoo.core.resultserver] DEBUG: Uploaded file length: 76316
2019-05-13 05:34:56,004 [cuckoo.core.resultserver] DEBUG: File upload request for shots/0066.jpg
2019-05-13 05:34:56,066 [cuckoo.core.resultserver] DEBUG: Uploaded file length: 78882
2019-05-13 05:34:57,097 [cuckoo.core.resultserver] DEBUG: File upload request for shots/0067.jpg
2019-05-13 05:34:57,122 [cuckoo.core.resultserver] DEBUG: Uploaded file length: 76653
2019-05-13 05:34:57,299 [cuckoo.core.guest] INFO: Virtual Machine /status failed (CuckooGuestError('Cuckoo Agent failed without error status, please try upgrading to the latest version of agent.py (>= 0.8) and notify us if the issue persists.',))
2019-05-13 05:34:57,314 [cuckoo.core.guest] DEBUG: win7x6429: analysis still processing
2019-05-13 05:34:59,385 [cuckoo.core.resultserver] DEBUG: File upload request for shots/0068.jpg
2019-05-13 05:34:59,399 [cuckoo.core.resultserver] DEBUG: Uploaded file length: 78461
2019-05-13 05:35:00,563 [cuckoo.core.resultserver] DEBUG: File upload request for shots/0069.jpg
2019-05-13 05:35:00,599 [cuckoo.core.resultserver] DEBUG: Uploaded file length: 81212
2019-05-13 05:35:02,099 [cuckoo.core.resultserver] DEBUG: File upload request for shots/0070.jpg
2019-05-13 05:35:02,115 [cuckoo.core.resultserver] DEBUG: Uploaded file length: 79795
2019-05-13 05:35:02,146 [cuckoo.core.resultserver] DEBUG: File upload request for sysmon/1557722020.83.sysmon.xml
2019-05-13 05:35:02,232 [cuckoo.core.resultserver] DEBUG: Uploaded file length: 2727486
2019-05-13 05:35:03,135 [cuckoo.core.resultserver] DEBUG: File upload request for shots/0071.jpg
2019-05-13 05:35:03,171 [cuckoo.core.resultserver] DEBUG: Uploaded file length: 78899
2019-05-13 05:35:03,362 [cuckoo.core.guest] INFO: Virtual Machine /status failed (CuckooGuestError('Cuckoo Agent failed without error status, please try upgrading to the latest version of agent.py (>= 0.8) and notify us if the issue persists.',))
2019-05-13 05:35:03,386 [cuckoo.core.guest] DEBUG: win7x6429: analysis still processing
2019-05-13 05:35:06,709 [cuckoo.core.resultserver] DEBUG: File upload request for shots/0072.jpg
2019-05-13 05:35:06,722 [cuckoo.core.resultserver] DEBUG: Uploaded file length: 81353
2019-05-13 05:35:07,950 [cuckoo.core.resultserver] DEBUG: File upload request for shots/0073.jpg
2019-05-13 05:35:07,982 [cuckoo.core.resultserver] DEBUG: Uploaded file length: 70149
2019-05-13 05:35:09,430 [cuckoo.core.guest] INFO: Virtual Machine /status failed (CuckooGuestError('Cuckoo Agent failed without error status, please try upgrading to the latest version of agent.py (>= 0.8) and notify us if the issue persists.',))
2019-05-13 05:35:09,483 [cuckoo.core.guest] DEBUG: win7x6429: analysis still processing
2019-05-13 05:35:09,543 [cuckoo.core.resultserver] DEBUG: File upload request for shots/0074.jpg
2019-05-13 05:35:09,565 [cuckoo.core.resultserver] DEBUG: Uploaded file length: 81184
2019-05-13 05:35:10,249 [cuckoo.core.resultserver] DEBUG: File upload request for shots/0075.jpg
2019-05-13 05:35:10,269 [cuckoo.core.resultserver] DEBUG: Uploaded file length: 78942
2019-05-13 05:35:13,067 [cuckoo.core.resultserver] DEBUG: File upload request for curtain/1557722032.08.curtain.log
2019-05-13 05:35:13,081 [cuckoo.core.resultserver] DEBUG: Uploaded file length: 36
2019-05-13 05:35:13,467 [cuckoo.core.resultserver] DEBUG: File upload request for shots/0076.jpg
2019-05-13 05:35:13,487 [cuckoo.core.resultserver] DEBUG: Uploaded file length: 81288
2019-05-13 05:35:14,626 [cuckoo.core.resultserver] DEBUG: File upload request for shots/0077.jpg
2019-05-13 05:35:14,636 [cuckoo.core.resultserver] DEBUG: Uploaded file length: 78960
2019-05-13 05:35:15,551 [cuckoo.core.guest] INFO: Virtual Machine /status failed (CuckooGuestError('Cuckoo Agent failed without error status, please try upgrading to the latest version of agent.py (>= 0.8) and notify us if the issue persists.',))
2019-05-13 05:35:15,567 [cuckoo.core.guest] DEBUG: win7x6429: analysis still processing
2019-05-13 05:35:16,897 [cuckoo.core.resultserver] DEBUG: File upload request for shots/0078.jpg
2019-05-13 05:35:16,910 [cuckoo.core.resultserver] DEBUG: Uploaded file length: 79829
2019-05-13 05:35:18,084 [cuckoo.core.resultserver] DEBUG: File upload request for shots/0079.jpg
2019-05-13 05:35:18,094 [cuckoo.core.resultserver] DEBUG: Uploaded file length: 68780
2019-05-13 05:35:19,225 [cuckoo.core.resultserver] DEBUG: File upload request for shots/0080.jpg
2019-05-13 05:35:19,260 [cuckoo.core.resultserver] DEBUG: Uploaded file length: 81220
2019-05-13 05:35:21,470 [cuckoo.core.resultserver] DEBUG: File upload request for shots/0081.jpg
2019-05-13 05:35:21,483 [cuckoo.core.resultserver] DEBUG: Uploaded file length: 79068
2019-05-13 05:35:21,614 [cuckoo.core.guest] INFO: Virtual Machine /status failed (CuckooGuestError('Cuckoo Agent failed without error status, please try upgrading to the latest version of agent.py (>= 0.8) and notify us if the issue persists.',))
2019-05-13 05:35:21,627 [cuckoo.core.guest] DEBUG: win7x6429: analysis still processing
2019-05-13 05:35:23,114 [cuckoo.core.resultserver] DEBUG: File upload request for shots/0082.jpg
2019-05-13 05:35:23,138 [cuckoo.core.resultserver] DEBUG: Uploaded file length: 81304
2019-05-13 05:35:23,736 [cuckoo.core.resultserver] DEBUG: File upload request for sysmon/1557722042.64.sysmon.xml
2019-05-13 05:35:23,786 [cuckoo.core.resultserver] DEBUG: Uploaded file length: 3004007
2019-05-13 05:35:23,955 [cuckoo.core.resultserver] DEBUG: File upload request for shots/0083.jpg
2019-05-13 05:35:23,976 [cuckoo.core.resultserver] DEBUG: Uploaded file length: 78832
2019-05-13 05:35:25,383 [cuckoo.core.resultserver] DEBUG: File upload request for shots/0084.jpg
2019-05-13 05:35:25,402 [cuckoo.core.resultserver] DEBUG: Uploaded file length: 79909
2019-05-13 05:35:26,521 [cuckoo.core.resultserver] DEBUG: File upload request for shots/0085.jpg
2019-05-13 05:35:26,556 [cuckoo.core.resultserver] DEBUG: Uploaded file length: 81195
2019-05-13 05:35:27,719 [cuckoo.core.resultserver] DEBUG: File upload request for shots/0086.jpg
2019-05-13 05:35:27,736 [cuckoo.core.resultserver] DEBUG: Uploaded file length: 79054
2019-05-13 05:35:28,117 [cuckoo.core.guest] INFO: Virtual Machine /status failed (CuckooGuestError('Cuckoo Agent failed without error status, please try upgrading to the latest version of agent.py (>= 0.8) and notify us if the issue persists.',))
2019-05-13 05:35:28,131 [cuckoo.core.guest] DEBUG: win7x6429: analysis still processing
2019-05-13 05:35:28,958 [cuckoo.core.resultserver] DEBUG: File upload request for shots/0087.jpg
2019-05-13 05:35:28,981 [cuckoo.core.resultserver] DEBUG: Uploaded file length: 69368
2019-05-13 05:35:30,333 [cuckoo.core.resultserver] DEBUG: File upload request for shots/0088.jpg
2019-05-13 05:35:30,348 [cuckoo.core.resultserver] DEBUG: Uploaded file length: 78468
2019-05-13 05:35:31,725 [cuckoo.core.resultserver] DEBUG: File upload request for shots/0089.jpg
2019-05-13 05:35:31,759 [cuckoo.core.resultserver] DEBUG: Uploaded file length: 81157
2019-05-13 05:35:32,808 [cuckoo.core.resultserver] DEBUG: File upload request for shots/0090.jpg
2019-05-13 05:35:32,823 [cuckoo.core.resultserver] DEBUG: Uploaded file length: 79342
2019-05-13 05:35:33,985 [cuckoo.core.resultserver] DEBUG: File upload request for curtain/1557722052.92.curtain.log
2019-05-13 05:35:34,021 [cuckoo.core.resultserver] DEBUG: Uploaded file length: 36
2019-05-13 05:35:34,155 [cuckoo.core.guest] INFO: Virtual Machine /status failed (CuckooGuestError('Cuckoo Agent failed without error status, please try upgrading to the latest version of agent.py (>= 0.8) and notify us if the issue persists.',))
2019-05-13 05:35:34,171 [cuckoo.core.guest] DEBUG: win7x6429: analysis still processing
2019-05-13 05:35:35,115 [cuckoo.core.resultserver] DEBUG: File upload request for shots/0091.jpg
2019-05-13 05:35:35,161 [cuckoo.core.resultserver] DEBUG: Uploaded file length: 79709
2019-05-13 05:35:39,849 [cuckoo.core.resultserver] DEBUG: File upload request for shots/0092.jpg
2019-05-13 05:35:39,864 [cuckoo.core.resultserver] DEBUG: Uploaded file length: 71799
2019-05-13 05:35:40,569 [cuckoo.core.guest] INFO: Virtual Machine /status failed (CuckooGuestError('Cuckoo Agent failed without error status, please try upgrading to the latest version of agent.py (>= 0.8) and notify us if the issue persists.',))
2019-05-13 05:35:40,583 [cuckoo.core.guest] DEBUG: win7x6429: analysis still processing
2019-05-13 05:35:41,027 [cuckoo.core.resultserver] DEBUG: File upload request for shots/0093.jpg
2019-05-13 05:35:41,040 [cuckoo.core.resultserver] DEBUG: Uploaded file length: 71040
2019-05-13 05:35:42,277 [cuckoo.core.resultserver] DEBUG: File upload request for shots/0094.jpg
2019-05-13 05:35:42,289 [cuckoo.core.resultserver] DEBUG: Uploaded file length: 70262
2019-05-13 05:35:43,419 [cuckoo.core.resultserver] DEBUG: File upload request for shots/0095.jpg
2019-05-13 05:35:43,486 [cuckoo.core.resultserver] DEBUG: Uploaded file length: 79462
2019-05-13 05:35:45,842 [cuckoo.core.resultserver] DEBUG: File upload request for shots/0096.jpg
2019-05-13 05:35:45,863 [cuckoo.core.resultserver] DEBUG: Uploaded file length: 78944
2019-05-13 05:35:46,642 [cuckoo.core.guest] INFO: Virtual Machine /status failed (CuckooGuestError('Cuckoo Agent failed without error status, please try upgrading to the latest version of agent.py (>= 0.8) and notify us if the issue persists.',))
2019-05-13 05:35:46,696 [cuckoo.core.guest] DEBUG: win7x6429: analysis still processing
2019-05-13 05:35:47,295 [cuckoo.core.resultserver] DEBUG: File upload request for shots/0097.jpg
2019-05-13 05:35:47,629 [cuckoo.core.resultserver] DEBUG: Uploaded file length: 81275
2019-05-13 05:35:47,947 [cuckoo.core.resultserver] DEBUG: File upload request for sysmon/1557722066.84.sysmon.xml
2019-05-13 05:35:48,086 [cuckoo.core.resultserver] DEBUG: Uploaded file length: 3535838
2019-05-13 05:35:49,439 [cuckoo.core.resultserver] DEBUG: File upload request for shots/0098.jpg
2019-05-13 05:35:49,463 [cuckoo.core.resultserver] DEBUG: Uploaded file length: 79041
2019-05-13 05:35:52,729 [cuckoo.core.guest] INFO: Virtual Machine /status failed (CuckooGuestError('Cuckoo Agent failed without error status, please try upgrading to the latest version of agent.py (>= 0.8) and notify us if the issue persists.',))
2019-05-13 05:35:52,740 [cuckoo.core.guest] DEBUG: win7x6429: analysis still processing
2019-05-13 05:35:54,867 [cuckoo.core.resultserver] DEBUG: File upload request for shots/0099.jpg
2019-05-13 05:35:54,901 [cuckoo.core.resultserver] DEBUG: Uploaded file length: 80058
2019-05-13 05:35:54,949 [cuckoo.core.resultserver] DEBUG: File upload request for curtain/1557722073.75.curtain.log
2019-05-13 05:35:54,982 [cuckoo.core.resultserver] DEBUG: Uploaded file length: 36
2019-05-13 05:35:57,110 [cuckoo.core.resultserver] DEBUG: File upload request for shots/0100.jpg
2019-05-13 05:35:57,132 [cuckoo.core.resultserver] DEBUG: Uploaded file length: 79203
2019-05-13 05:35:59,050 [cuckoo.core.guest] INFO: Virtual Machine /status failed (CuckooGuestError('Cuckoo Agent failed without error status, please try upgrading to the latest version of agent.py (>= 0.8) and notify us if the issue persists.',))
2019-05-13 05:35:59,066 [cuckoo.core.guest] DEBUG: win7x6429: analysis still processing
2019-05-13 05:36:00,590 [cuckoo.core.resultserver] DEBUG: File upload request for shots/0101.jpg
2019-05-13 05:36:00,603 [cuckoo.core.resultserver] DEBUG: Uploaded file length: 81372
2019-05-13 05:36:01,918 [cuckoo.core.resultserver] DEBUG: File upload request for shots/0102.jpg
2019-05-13 05:36:01,954 [cuckoo.core.resultserver] DEBUG: Uploaded file length: 79175
2019-05-13 05:36:02,567 [cuckoo.core.resultserver] DEBUG: File upload request for memory/2256-1.dmp
2019-05-13 05:36:04,355 [cuckoo.core.resultserver] DEBUG: File upload request for shots/0103.jpg
2019-05-13 05:36:04,465 [cuckoo.core.resultserver] DEBUG: Uploaded file length: 74498
2019-05-13 05:36:05,265 [cuckoo.core.guest] INFO: Virtual Machine /status failed (CuckooGuestError('Cuckoo Agent failed without error status, please try upgrading to the latest version of agent.py (>= 0.8) and notify us if the issue persists.',))
2019-05-13 05:36:05,341 [cuckoo.core.guest] DEBUG: win7x6429: analysis still processing
2019-05-13 05:36:05,523 [cuckoo.core.resultserver] DEBUG: File upload request for shots/0104.jpg
2019-05-13 05:36:05,544 [cuckoo.core.resultserver] DEBUG: Uploaded file length: 73022
2019-05-13 05:36:07,094 [cuckoo.core.resultserver] DEBUG: Uploaded file length: 82477912
2019-05-13 05:36:08,035 [cuckoo.core.resultserver] DEBUG: File upload request for shots/0105.jpg
2019-05-13 05:36:08,082 [cuckoo.core.resultserver] DEBUG: Uploaded file length: 79149
2019-05-13 05:36:09,834 [cuckoo.core.resultserver] DEBUG: File upload request for curtain/1557722088.69.curtain.log
2019-05-13 05:36:09,843 [cuckoo.core.resultserver] DEBUG: Uploaded file length: 36
2019-05-13 05:36:10,236 [cuckoo.core.resultserver] DEBUG: File upload request for shots/0106.jpg
2019-05-13 05:36:10,261 [cuckoo.core.resultserver] DEBUG: Uploaded file length: 74330
2019-05-13 05:36:11,387 [cuckoo.core.guest] INFO: Virtual Machine /status failed (CuckooGuestError('Cuckoo Agent failed without error status, please try upgrading to the latest version of agent.py (>= 0.8) and notify us if the issue persists.',))
2019-05-13 05:36:11,395 [cuckoo.core.guest] DEBUG: win7x6429: analysis still processing
2019-05-13 05:36:12,276 [cuckoo.core.resultserver] DEBUG: File upload request for sysmon/1557722091.09.sysmon.xml
2019-05-13 05:36:12,332 [cuckoo.core.resultserver] DEBUG: Uploaded file length: 1906508
2019-05-13 05:36:16,033 [cuckoo.core.resultserver] DEBUG: File upload request for curtain/1557722094.69.curtain.log
2019-05-13 05:36:16,134 [cuckoo.core.resultserver] DEBUG: Uploaded file length: 36
2019-05-13 05:36:17,423 [cuckoo.core.guest] INFO: Virtual Machine /status failed (CuckooGuestError('Cuckoo Agent failed without error status, please try upgrading to the latest version of agent.py (>= 0.8) and notify us if the issue persists.',))
2019-05-13 05:36:17,451 [cuckoo.core.guest] DEBUG: win7x6429: analysis still processing
2019-05-13 05:36:18,760 [cuckoo.core.resultserver] DEBUG: File upload request for sysmon/1557722097.67.sysmon.xml
2019-05-13 05:36:18,853 [cuckoo.core.resultserver] DEBUG: Uploaded file length: 5252871
2019-05-13 05:36:18,998 [cuckoo.core.resultserver] DEBUG: File upload request for files/b5280cdd7589f2b7_wer98c5.tmp.werinternalmetadata.xml
2019-05-13 05:36:19,021 [cuckoo.core.resultserver] DEBUG: Uploaded file length: 2662
2019-05-13 05:36:23,508 [cuckoo.core.guest] INFO: Virtual Machine /status failed (CuckooGuestError('Cuckoo Agent failed without error status, please try upgrading to the latest version of agent.py (>= 0.8) and notify us if the issue persists.',))
2019-05-13 05:36:23,529 [cuckoo.core.guest] DEBUG: win7x6429: analysis still processing
2019-05-13 05:36:29,557 [cuckoo.core.guest] INFO: Virtual Machine /status failed (CuckooGuestError('Cuckoo Agent failed without error status, please try upgrading to the latest version of agent.py (>= 0.8) and notify us if the issue persists.',))
2019-05-13 05:36:29,643 [cuckoo.core.guest] DEBUG: win7x6429: analysis still processing
2019-05-13 05:36:35,903 [cuckoo.core.guest] INFO: Virtual Machine /status failed (CuckooGuestError('Cuckoo Agent failed without error status, please try upgrading to the latest version of agent.py (>= 0.8) and notify us if the issue persists.',))
2019-05-13 05:36:35,916 [cuckoo.core.guest] DEBUG: win7x6429: analysis still processing
2019-05-13 05:36:36,586 [cuckoo.core.resultserver] DEBUG: File upload request for curtain/1557722115.19.curtain.log
2019-05-13 05:36:36,615 [cuckoo.core.resultserver] DEBUG: Uploaded file length: 36
2019-05-13 05:36:42,299 [cuckoo.core.guest] INFO: Virtual Machine /status failed (CuckooGuestError('Cuckoo Agent failed without error status, please try upgrading to the latest version of agent.py (>= 0.8) and notify us if the issue persists.',))
2019-05-13 05:36:42,338 [cuckoo.core.guest] DEBUG: win7x6429: analysis still processing
2019-05-13 05:36:48,405 [cuckoo.core.guest] INFO: Virtual Machine /status failed (CuckooGuestError('Cuckoo Agent failed without error status, please try upgrading to the latest version of agent.py (>= 0.8) and notify us if the issue persists.',))
2019-05-13 05:36:48,435 [cuckoo.core.guest] DEBUG: win7x6429: analysis still processing
2019-05-13 05:36:54,648 [cuckoo.core.guest] INFO: Virtual Machine /status failed (CuckooGuestError('Cuckoo Agent failed without error status, please try upgrading to the latest version of agent.py (>= 0.8) and notify us if the issue persists.',))
2019-05-13 05:36:54,721 [cuckoo.core.guest] DEBUG: win7x6429: analysis still processing
2019-05-13 05:36:57,096 [cuckoo.core.resultserver] DEBUG: File upload request for curtain/1557722135.55.curtain.log
2019-05-13 05:36:57,143 [cuckoo.core.resultserver] DEBUG: Uploaded file length: 36
2019-05-13 05:37:00,866 [cuckoo.core.guest] INFO: Virtual Machine /status failed (CuckooGuestError('Cuckoo Agent failed without error status, please try upgrading to the latest version of agent.py (>= 0.8) and notify us if the issue persists.',))
2019-05-13 05:37:00,898 [cuckoo.core.guest] DEBUG: win7x6429: analysis still processing
2019-05-13 05:37:06,938 [cuckoo.core.guest] INFO: Virtual Machine /status failed (CuckooGuestError('Cuckoo Agent failed without error status, please try upgrading to the latest version of agent.py (>= 0.8) and notify us if the issue persists.',))
2019-05-13 05:37:06,957 [cuckoo.core.guest] DEBUG: win7x6429: analysis still processing
2019-05-13 05:37:07,967 [cuckoo.core.guest] INFO: win7x6429: end of analysis reached!
2019-05-13 05:37:08,042 [cuckoo.core.plugins] DEBUG: Stopped auxiliary module: Replay
2019-05-13 05:37:08,504 [cuckoo.core.plugins] DEBUG: Stopped auxiliary module: Sniffer
2019-05-13 05:37:08,532 [cuckoo.machinery.virtualbox] DEBUG: Stopping vm win7x6429
2019-05-13 05:37:16,459 [cuckoo.core.scheduler] DEBUG: Released database task #1075903
2019-05-13 05:37:16,599 [cuckoo.core.scheduler] INFO: Task #1075903: analysis procedure completed
