2019-05-13 06:31:13,015 [analyzer] DEBUG: Starting analyzer from: C:\tmp0bnybc
2019-05-13 06:31:13,015 [analyzer] DEBUG: Pipe server name: \??\PIPE\duUPUaWhrFcMoHyuweHKgnCPVezPrsOu
2019-05-13 06:31:13,015 [analyzer] DEBUG: Log pipe server name: \??\PIPE\RZksvONfrrjXBOEOeDNodWkZTFp
2019-05-13 06:31:13,467 [analyzer] DEBUG: Started auxiliary module Curtain
2019-05-13 06:31:13,467 [analyzer] DEBUG: Started auxiliary module DbgView
2019-05-13 06:31:14,515 [analyzer] DEBUG: Started auxiliary module Disguise
2019-05-13 06:31:14,875 [analyzer] DEBUG: Loaded monitor into process with pid 492
2019-05-13 06:31:14,875 [analyzer] DEBUG: Started auxiliary module DumpTLSMasterSecrets
2019-05-13 06:31:14,875 [analyzer] DEBUG: Started auxiliary module Human
2019-05-13 06:31:14,875 [analyzer] DEBUG: Started auxiliary module InstallCertificate
2019-05-13 06:31:14,875 [analyzer] DEBUG: Started auxiliary module Reboot
2019-05-13 06:31:14,983 [analyzer] DEBUG: Started auxiliary module RecentFiles
2019-05-13 06:31:14,983 [analyzer] DEBUG: Started auxiliary module Screenshots
2019-05-13 06:31:14,983 [analyzer] DEBUG: Started auxiliary module Sysmon
2019-05-13 06:31:14,983 [analyzer] DEBUG: Started auxiliary module LoadZer0m0n
2019-05-13 06:31:15,280 [lib.api.process] INFO: Successfully executed process from path u'C:\\Users\\ADMINI~1\\AppData\\Local\\Temp\\58b2b32cb6eb7756e91a14e27e21f5e5e709c719ead5297161bd5c2680010083.exe' with arguments '' and pid 1800
2019-05-13 06:31:15,515 [analyzer] DEBUG: Loaded monitor into process with pid 1800
2019-05-13 06:31:18,953 [analyzer] INFO: Injected into process with pid 2556 and name u'dw20.exe'
2019-05-13 06:31:19,217 [analyzer] DEBUG: Loaded monitor into process with pid 2556
2019-05-13 06:31:21,296 [modules.auxiliary.human] INFO: Found a window with a specific handler: #32770
2019-05-13 06:31:21,296 [modules.auxiliary.human] WARNING: Unexpected window title: Firefox
2019-05-13 06:31:21,312 [modules.auxiliary.human] INFO: Found button u'Check online for a solution and close the program', clicking it
2019-05-13 06:31:22,342 [modules.auxiliary.human] INFO: Found button u'Close the program', clicking it
2019-05-13 06:31:23,078 [analyzer] INFO: Added new file to list with pid 2556 and path C:\Users\Administrator\AppData\Local\Temp\WERA085.tmp.WERInternalMetadata.xml
2019-05-13 06:31:24,390 [modules.auxiliary.human] INFO: Found a window with a specific handler: #32770
2019-05-13 06:31:24,390 [modules.auxiliary.human] WARNING: Unexpected window title: Firefox
2019-05-13 06:31:25,421 [modules.auxiliary.human] INFO: Found a window with a specific handler: #32770
2019-05-13 06:31:25,421 [modules.auxiliary.human] WARNING: Unexpected window title: Firefox
2019-05-13 06:31:26,453 [modules.auxiliary.human] INFO: Found a window with a specific handler: #32770
2019-05-13 06:31:26,453 [modules.auxiliary.human] WARNING: Unexpected window title: Firefox
2019-05-13 06:31:27,500 [modules.auxiliary.human] INFO: Found a window with a specific handler: #32770
2019-05-13 06:31:27,500 [modules.auxiliary.human] WARNING: Unexpected window title: Firefox
2019-05-13 06:31:28,530 [modules.auxiliary.human] INFO: Found a window with a specific handler: #32770
2019-05-13 06:31:28,530 [modules.auxiliary.human] WARNING: Unexpected window title: Firefox
2019-05-13 06:31:29,640 [modules.auxiliary.human] INFO: Found a window with a specific handler: #32770
2019-05-13 06:31:29,640 [modules.auxiliary.human] WARNING: Unexpected window title: Firefox
2019-05-13 06:31:30,750 [modules.auxiliary.human] INFO: Found a window with a specific handler: #32770
2019-05-13 06:31:30,750 [modules.auxiliary.human] WARNING: Unexpected window title: Firefox
2019-05-13 06:31:31,875 [modules.auxiliary.human] INFO: Found a window with a specific handler: #32770
2019-05-13 06:31:31,875 [modules.auxiliary.human] WARNING: Unexpected window title: Firefox
2019-05-13 06:31:33,015 [modules.auxiliary.human] INFO: Found a window with a specific handler: #32770
2019-05-13 06:31:33,015 [modules.auxiliary.human] WARNING: Unexpected window title: Firefox
2019-05-13 06:31:34,108 [modules.auxiliary.human] INFO: Found a window with a specific handler: #32770
2019-05-13 06:31:34,108 [modules.auxiliary.human] WARNING: Unexpected window title: Firefox
2019-05-13 06:31:35,171 [modules.auxiliary.human] INFO: Found a window with a specific handler: #32770
2019-05-13 06:31:35,171 [modules.auxiliary.human] WARNING: Unexpected window title: Firefox
2019-05-13 06:31:36,405 [modules.auxiliary.human] INFO: Found a window with a specific handler: #32770
2019-05-13 06:31:36,405 [modules.auxiliary.human] WARNING: Unexpected window title: Firefox
2019-05-13 06:31:37,467 [modules.auxiliary.human] INFO: Found a window with a specific handler: #32770
2019-05-13 06:31:37,467 [modules.auxiliary.human] WARNING: Unexpected window title: Firefox
2019-05-13 06:31:38,530 [modules.auxiliary.human] INFO: Found a window with a specific handler: #32770
2019-05-13 06:31:38,530 [modules.auxiliary.human] WARNING: Unexpected window title: Firefox
2019-05-13 06:31:39,592 [modules.auxiliary.human] INFO: Found a window with a specific handler: #32770
2019-05-13 06:31:39,592 [modules.auxiliary.human] WARNING: Unexpected window title: Firefox
2019-05-13 06:31:40,655 [modules.auxiliary.human] INFO: Found a window with a specific handler: #32770
2019-05-13 06:31:40,655 [modules.auxiliary.human] WARNING: Unexpected window title: Firefox
2019-05-13 06:31:41,765 [modules.auxiliary.human] INFO: Found a window with a specific handler: #32770
2019-05-13 06:31:41,765 [modules.auxiliary.human] WARNING: Unexpected window title: Firefox
2019-05-13 06:31:42,921 [modules.auxiliary.human] INFO: Found a window with a specific handler: #32770
2019-05-13 06:31:43,015 [modules.auxiliary.human] WARNING: Unexpected window title: Firefox
2019-05-13 06:31:44,092 [modules.auxiliary.human] INFO: Found a window with a specific handler: #32770
2019-05-13 06:31:44,092 [modules.auxiliary.human] WARNING: Unexpected window title: Firefox
2019-05-13 06:31:45,125 [modules.auxiliary.human] INFO: Found a window with a specific handler: #32770
2019-05-13 06:31:45,125 [modules.auxiliary.human] WARNING: Unexpected window title: Firefox
2019-05-13 06:31:46,217 [modules.auxiliary.human] INFO: Found a window with a specific handler: #32770
2019-05-13 06:31:46,217 [modules.auxiliary.human] WARNING: Unexpected window title: Firefox
2019-05-13 06:31:47,328 [modules.auxiliary.human] INFO: Found a window with a specific handler: #32770
2019-05-13 06:31:47,342 [modules.auxiliary.human] WARNING: Unexpected window title: Firefox
2019-05-13 06:31:48,421 [modules.auxiliary.human] INFO: Found a window with a specific handler: #32770
2019-05-13 06:31:48,421 [modules.auxiliary.human] WARNING: Unexpected window title: Firefox
2019-05-13 06:31:49,500 [modules.auxiliary.human] INFO: Found a window with a specific handler: #32770
2019-05-13 06:31:49,500 [modules.auxiliary.human] WARNING: Unexpected window title: Firefox
2019-05-13 06:31:50,530 [modules.auxiliary.human] INFO: Found a window with a specific handler: #32770
2019-05-13 06:31:50,530 [modules.auxiliary.human] WARNING: Unexpected window title: Firefox
2019-05-13 06:31:51,592 [modules.auxiliary.human] INFO: Found a window with a specific handler: #32770
2019-05-13 06:31:51,592 [modules.auxiliary.human] WARNING: Unexpected window title: Firefox
2019-05-13 06:31:52,842 [modules.auxiliary.human] INFO: Found a window with a specific handler: #32770
2019-05-13 06:31:52,842 [modules.auxiliary.human] WARNING: Unexpected window title: Firefox
2019-05-13 06:31:54,015 [modules.auxiliary.human] INFO: Found a window with a specific handler: #32770
2019-05-13 06:31:54,015 [modules.auxiliary.human] WARNING: Unexpected window title: Firefox
2019-05-13 06:31:55,046 [modules.auxiliary.human] INFO: Found a window with a specific handler: #32770
2019-05-13 06:31:55,046 [modules.auxiliary.human] WARNING: Unexpected window title: Firefox
2019-05-13 06:31:56,375 [modules.auxiliary.human] INFO: Found a window with a specific handler: #32770
2019-05-13 06:31:56,375 [modules.auxiliary.human] WARNING: Unexpected window title: Firefox
2019-05-13 06:31:57,421 [modules.auxiliary.human] INFO: Found a window with a specific handler: #32770
2019-05-13 06:31:57,421 [modules.auxiliary.human] WARNING: Unexpected window title: Firefox
2019-05-13 06:31:59,078 [modules.auxiliary.human] INFO: Found a window with a specific handler: #32770
2019-05-13 06:31:59,078 [modules.auxiliary.human] WARNING: Unexpected window title: Firefox
2019-05-13 06:32:00,640 [modules.auxiliary.human] INFO: Found a window with a specific handler: #32770
2019-05-13 06:32:00,640 [modules.auxiliary.human] WARNING: Unexpected window title: Firefox
2019-05-13 06:32:01,703 [modules.auxiliary.human] INFO: Found a window with a specific handler: #32770
2019-05-13 06:32:01,703 [modules.auxiliary.human] WARNING: Unexpected window title: Firefox
2019-05-13 06:32:02,905 [modules.auxiliary.human] INFO: Found a window with a specific handler: #32770
2019-05-13 06:32:02,905 [modules.auxiliary.human] WARNING: Unexpected window title: Firefox
2019-05-13 06:32:03,953 [modules.auxiliary.human] INFO: Found a window with a specific handler: #32770
2019-05-13 06:32:03,967 [modules.auxiliary.human] WARNING: Unexpected window title: Firefox
2019-05-13 06:32:05,046 [modules.auxiliary.human] INFO: Found a window with a specific handler: #32770
2019-05-13 06:32:05,046 [modules.auxiliary.human] WARNING: Unexpected window title: Firefox
2019-05-13 06:32:06,625 [modules.auxiliary.human] INFO: Found a window with a specific handler: #32770
2019-05-13 06:32:06,625 [modules.auxiliary.human] WARNING: Unexpected window title: Firefox
2019-05-13 06:32:07,687 [modules.auxiliary.human] INFO: Found a window with a specific handler: #32770
2019-05-13 06:32:07,687 [modules.auxiliary.human] WARNING: Unexpected window title: Firefox
2019-05-13 06:32:08,780 [modules.auxiliary.human] INFO: Found a window with a specific handler: #32770
2019-05-13 06:32:08,780 [modules.auxiliary.human] WARNING: Unexpected window title: Firefox
2019-05-13 06:32:09,875 [modules.auxiliary.human] INFO: Found a window with a specific handler: #32770
2019-05-13 06:32:09,875 [modules.auxiliary.human] WARNING: Unexpected window title: Firefox
2019-05-13 06:32:11,967 [modules.auxiliary.human] INFO: Found a window with a specific handler: #32770
2019-05-13 06:32:11,967 [modules.auxiliary.human] WARNING: Unexpected window title: Firefox
2019-05-13 06:32:13,233 [modules.auxiliary.human] INFO: Found a window with a specific handler: #32770
2019-05-13 06:32:13,233 [modules.auxiliary.human] WARNING: Unexpected window title: Firefox
2019-05-13 06:32:14,312 [modules.auxiliary.human] INFO: Found a window with a specific handler: #32770
2019-05-13 06:32:14,312 [modules.auxiliary.human] WARNING: Unexpected window title: Firefox
2019-05-13 06:32:15,437 [modules.auxiliary.human] INFO: Found a window with a specific handler: #32770
2019-05-13 06:32:15,437 [modules.auxiliary.human] WARNING: Unexpected window title: Firefox
2019-05-13 06:32:16,717 [modules.auxiliary.human] INFO: Found a window with a specific handler: #32770
2019-05-13 06:32:16,717 [modules.auxiliary.human] WARNING: Unexpected window title: Firefox
2019-05-13 06:32:18,203 [modules.auxiliary.human] INFO: Found a window with a specific handler: #32770
2019-05-13 06:32:18,203 [modules.auxiliary.human] WARNING: Unexpected window title: Firefox
2019-05-13 06:32:19,405 [modules.auxiliary.human] INFO: Found a window with a specific handler: #32770
2019-05-13 06:32:19,405 [modules.auxiliary.human] WARNING: Unexpected window title: Firefox
2019-05-13 06:32:20,437 [modules.auxiliary.human] INFO: Found a window with a specific handler: #32770
2019-05-13 06:32:20,437 [modules.auxiliary.human] WARNING: Unexpected window title: Firefox
2019-05-13 06:32:21,546 [modules.auxiliary.human] INFO: Found a window with a specific handler: #32770
2019-05-13 06:32:21,546 [modules.auxiliary.human] WARNING: Unexpected window title: Firefox
2019-05-13 06:32:23,125 [modules.auxiliary.human] INFO: Found a window with a specific handler: #32770
2019-05-13 06:32:23,125 [modules.auxiliary.human] WARNING: Unexpected window title: Firefox
2019-05-13 06:32:25,328 [modules.auxiliary.human] INFO: Found a window with a specific handler: #32770
2019-05-13 06:32:25,328 [modules.auxiliary.human] WARNING: Unexpected window title: Firefox
2019-05-13 06:32:26,390 [modules.auxiliary.human] INFO: Found a window with a specific handler: #32770
2019-05-13 06:32:26,390 [modules.auxiliary.human] WARNING: Unexpected window title: Firefox
2019-05-13 06:32:27,453 [modules.auxiliary.human] INFO: Found a window with a specific handler: #32770
2019-05-13 06:32:27,453 [modules.auxiliary.human] WARNING: Unexpected window title: Firefox
2019-05-13 06:32:28,733 [modules.auxiliary.human] INFO: Found a window with a specific handler: #32770
2019-05-13 06:32:28,733 [modules.auxiliary.human] WARNING: Unexpected window title: Firefox
2019-05-13 06:32:30,108 [modules.auxiliary.human] INFO: Found a window with a specific handler: #32770
2019-05-13 06:32:30,108 [modules.auxiliary.human] WARNING: Unexpected window title: Firefox
2019-05-13 06:32:31,155 [modules.auxiliary.human] INFO: Found a window with a specific handler: #32770
2019-05-13 06:32:31,155 [modules.auxiliary.human] WARNING: Unexpected window title: Firefox
2019-05-13 06:32:32,328 [modules.auxiliary.human] INFO: Found a window with a specific handler: #32770
2019-05-13 06:32:32,328 [modules.auxiliary.human] WARNING: Unexpected window title: Firefox
2019-05-13 06:32:34,171 [modules.auxiliary.human] INFO: Found a window with a specific handler: #32770
2019-05-13 06:32:34,187 [modules.auxiliary.human] WARNING: Unexpected window title: Firefox
2019-05-13 06:32:38,250 [modules.auxiliary.human] INFO: Found a window with a specific handler: #32770
2019-05-13 06:32:38,358 [modules.auxiliary.human] WARNING: Unexpected window title: Firefox
2019-05-13 06:32:39,546 [modules.auxiliary.human] INFO: Found a window with a specific handler: #32770
2019-05-13 06:32:39,546 [modules.auxiliary.human] WARNING: Unexpected window title: Firefox
2019-05-13 06:32:41,155 [modules.auxiliary.human] INFO: Found a window with a specific handler: #32770
2019-05-13 06:32:41,155 [modules.auxiliary.human] WARNING: Unexpected window title: Firefox
2019-05-13 06:32:42,233 [modules.auxiliary.human] INFO: Found a window with a specific handler: #32770
2019-05-13 06:32:42,233 [modules.auxiliary.human] WARNING: Unexpected window title: Firefox
2019-05-13 06:32:43,296 [modules.auxiliary.human] INFO: Found a window with a specific handler: #32770
2019-05-13 06:32:43,296 [modules.auxiliary.human] WARNING: Unexpected window title: Firefox
2019-05-13 06:32:44,562 [modules.auxiliary.human] INFO: Found a window with a specific handler: #32770
2019-05-13 06:32:44,562 [modules.auxiliary.human] WARNING: Unexpected window title: Firefox
2019-05-13 06:32:45,592 [modules.auxiliary.human] INFO: Found a window with a specific handler: #32770
2019-05-13 06:32:45,592 [modules.auxiliary.human] WARNING: Unexpected window title: Firefox
2019-05-13 06:32:46,733 [modules.auxiliary.human] INFO: Found a window with a specific handler: #32770
2019-05-13 06:32:46,733 [modules.auxiliary.human] WARNING: Unexpected window title: Firefox
2019-05-13 06:32:48,796 [modules.auxiliary.human] INFO: Found a window with a specific handler: #32770
2019-05-13 06:32:48,796 [modules.auxiliary.human] WARNING: Unexpected window title: Firefox
2019-05-13 06:32:50,608 [modules.auxiliary.human] INFO: Found a window with a specific handler: #32770
2019-05-13 06:32:50,608 [modules.auxiliary.human] WARNING: Unexpected window title: Firefox
2019-05-13 06:32:51,671 [modules.auxiliary.human] INFO: Found a window with a specific handler: #32770
2019-05-13 06:32:51,671 [modules.auxiliary.human] WARNING: Unexpected window title: Firefox
2019-05-13 06:32:52,750 [modules.auxiliary.human] INFO: Found a window with a specific handler: #32770
2019-05-13 06:32:52,750 [modules.auxiliary.human] WARNING: Unexpected window title: Firefox
2019-05-13 06:32:53,953 [modules.auxiliary.human] INFO: Found a window with a specific handler: #32770
2019-05-13 06:32:53,953 [modules.auxiliary.human] WARNING: Unexpected window title: Firefox
2019-05-13 06:32:55,140 [modules.auxiliary.human] INFO: Found a window with a specific handler: #32770
2019-05-13 06:32:55,140 [modules.auxiliary.human] WARNING: Unexpected window title: Firefox
2019-05-13 06:32:56,187 [modules.auxiliary.human] INFO: Found a window with a specific handler: #32770
2019-05-13 06:32:56,187 [modules.auxiliary.human] WARNING: Unexpected window title: Firefox
2019-05-13 06:32:57,280 [modules.auxiliary.human] INFO: Found a window with a specific handler: #32770
2019-05-13 06:32:57,280 [modules.auxiliary.human] WARNING: Unexpected window title: Firefox
2019-05-13 06:32:58,858 [modules.auxiliary.human] INFO: Found a window with a specific handler: #32770
2019-05-13 06:32:58,858 [modules.auxiliary.human] WARNING: Unexpected window title: Firefox
2019-05-13 06:33:00,640 [modules.auxiliary.human] INFO: Found a window with a specific handler: #32770
2019-05-13 06:33:00,655 [modules.auxiliary.human] WARNING: Unexpected window title: Firefox
2019-05-13 06:33:01,921 [modules.auxiliary.human] INFO: Found a window with a specific handler: #32770
2019-05-13 06:33:01,921 [modules.auxiliary.human] WARNING: Unexpected window title: Firefox
2019-05-13 06:33:03,187 [modules.auxiliary.human] INFO: Found a window with a specific handler: #32770
2019-05-13 06:33:03,187 [modules.auxiliary.human] WARNING: Unexpected window title: Firefox
2019-05-13 06:33:04,625 [modules.auxiliary.human] INFO: Found a window with a specific handler: #32770
2019-05-13 06:33:04,625 [modules.auxiliary.human] WARNING: Unexpected window title: Firefox
2019-05-13 06:33:05,671 [modules.auxiliary.human] INFO: Found a window with a specific handler: #32770
2019-05-13 06:33:05,671 [modules.auxiliary.human] WARNING: Unexpected window title: Firefox
2019-05-13 06:33:07,015 [modules.auxiliary.human] INFO: Found a window with a specific handler: #32770
2019-05-13 06:33:07,015 [modules.auxiliary.human] WARNING: Unexpected window title: Firefox
2019-05-13 06:33:08,078 [modules.auxiliary.human] INFO: Found a window with a specific handler: #32770
2019-05-13 06:33:08,078 [modules.auxiliary.human] WARNING: Unexpected window title: Firefox
2019-05-13 06:33:09,280 [modules.auxiliary.human] INFO: Found a window with a specific handler: #32770
2019-05-13 06:33:09,280 [modules.auxiliary.human] WARNING: Unexpected window title: Firefox
2019-05-13 06:33:10,750 [modules.auxiliary.human] INFO: Found a window with a specific handler: #32770
2019-05-13 06:33:10,750 [modules.auxiliary.human] WARNING: Unexpected window title: Firefox
2019-05-13 06:33:11,921 [modules.auxiliary.human] INFO: Found a window with a specific handler: #32770
2019-05-13 06:33:11,921 [modules.auxiliary.human] WARNING: Unexpected window title: Firefox
2019-05-13 06:33:12,983 [modules.auxiliary.human] INFO: Found a window with a specific handler: #32770
2019-05-13 06:33:12,983 [modules.auxiliary.human] WARNING: Unexpected window title: Firefox
2019-05-13 06:33:14,375 [modules.auxiliary.human] INFO: Found a window with a specific handler: #32770
2019-05-13 06:33:14,375 [modules.auxiliary.human] WARNING: Unexpected window title: Firefox
2019-05-13 06:33:16,030 [modules.auxiliary.human] INFO: Found a window with a specific handler: #32770
2019-05-13 06:33:16,030 [modules.auxiliary.human] WARNING: Unexpected window title: Firefox
2019-05-13 06:33:17,125 [modules.auxiliary.human] INFO: Found a window with a specific handler: #32770
2019-05-13 06:33:17,125 [modules.auxiliary.human] WARNING: Unexpected window title: Firefox
2019-05-13 06:33:18,187 [modules.auxiliary.human] INFO: Found a window with a specific handler: #32770
2019-05-13 06:33:18,187 [modules.auxiliary.human] WARNING: Unexpected window title: Firefox
2019-05-13 06:33:19,421 [modules.auxiliary.human] INFO: Found a window with a specific handler: #32770
2019-05-13 06:33:19,421 [modules.auxiliary.human] WARNING: Unexpected window title: Firefox
2019-05-13 06:33:21,108 [modules.auxiliary.human] INFO: Found a window with a specific handler: #32770
2019-05-13 06:33:21,108 [modules.auxiliary.human] WARNING: Unexpected window title: Firefox
2019-05-13 06:33:22,750 [modules.auxiliary.human] INFO: Found a window with a specific handler: #32770
2019-05-13 06:33:22,750 [modules.auxiliary.human] WARNING: Unexpected window title: Firefox
2019-05-13 06:33:24,390 [modules.auxiliary.human] INFO: Found a window with a specific handler: #32770
2019-05-13 06:33:24,390 [modules.auxiliary.human] WARNING: Unexpected window title: Firefox
2019-05-13 06:33:25,687 [modules.auxiliary.human] INFO: Found a window with a specific handler: #32770
2019-05-13 06:33:25,687 [modules.auxiliary.human] WARNING: Unexpected window title: Firefox
2019-05-13 06:33:28,265 [modules.auxiliary.human] INFO: Found a window with a specific handler: #32770
2019-05-13 06:33:28,265 [modules.auxiliary.human] WARNING: Unexpected window title: Firefox
2019-05-13 06:33:29,983 [modules.auxiliary.human] INFO: Found a window with a specific handler: #32770
2019-05-13 06:33:29,983 [modules.auxiliary.human] WARNING: Unexpected window title: Firefox
2019-05-13 06:33:31,015 [modules.auxiliary.human] INFO: Found a window with a specific handler: #32770
2019-05-13 06:33:31,015 [modules.auxiliary.human] WARNING: Unexpected window title: Firefox
2019-05-13 06:33:32,530 [modules.auxiliary.human] INFO: Found a window with a specific handler: #32770
2019-05-13 06:33:32,530 [modules.auxiliary.human] WARNING: Unexpected window title: Firefox
2019-05-13 06:33:34,640 [modules.auxiliary.human] INFO: Found a window with a specific handler: #32770
2019-05-13 06:33:34,655 [modules.auxiliary.human] WARNING: Unexpected window title: Firefox
2019-05-13 06:33:37,312 [modules.auxiliary.human] INFO: Found a window with a specific handler: #32770
2019-05-13 06:33:37,312 [modules.auxiliary.human] WARNING: Unexpected window title: Firefox
2019-05-13 06:33:39,500 [modules.auxiliary.human] INFO: Found a window with a specific handler: #32770
2019-05-13 06:33:39,515 [modules.auxiliary.human] WARNING: Unexpected window title: Firefox
2019-05-13 06:33:43,328 [modules.auxiliary.human] INFO: Found a window with a specific handler: #32770
2019-05-13 06:33:43,328 [modules.auxiliary.human] WARNING: Unexpected window title: Firefox
2019-05-13 06:33:55,092 [modules.auxiliary.human] INFO: Found a window with a specific handler: #32770
2019-05-13 06:33:55,092 [modules.auxiliary.human] WARNING: Unexpected window title: Firefox
2019-05-13 06:33:56,155 [modules.auxiliary.human] INFO: Found a window with a specific handler: #32770
2019-05-13 06:33:56,155 [modules.auxiliary.human] WARNING: Unexpected window title: Firefox
2019-05-13 06:33:57,203 [modules.auxiliary.human] INFO: Found a window with a specific handler: #32770
2019-05-13 06:33:57,203 [modules.auxiliary.human] WARNING: Unexpected window title: Firefox
2019-05-13 06:33:58,717 [modules.auxiliary.human] INFO: Found a window with a specific handler: #32770
2019-05-13 06:33:58,717 [modules.auxiliary.human] WARNING: Unexpected window title: Firefox
2019-05-13 06:33:59,780 [modules.auxiliary.human] INFO: Found a window with a specific handler: #32770
2019-05-13 06:33:59,780 [modules.auxiliary.human] WARNING: Unexpected window title: Firefox
2019-05-13 06:34:00,858 [modules.auxiliary.human] INFO: Found a window with a specific handler: #32770
2019-05-13 06:34:00,858 [modules.auxiliary.human] WARNING: Unexpected window title: Firefox
2019-05-13 06:34:02,187 [modules.auxiliary.human] INFO: Found a window with a specific handler: #32770
2019-05-13 06:34:02,187 [modules.auxiliary.human] WARNING: Unexpected window title: Firefox
2019-05-13 06:34:03,280 [modules.auxiliary.human] INFO: Found a window with a specific handler: #32770
2019-05-13 06:34:03,280 [modules.auxiliary.human] WARNING: Unexpected window title: Firefox
2019-05-13 06:34:04,655 [modules.auxiliary.human] INFO: Found a window with a specific handler: #32770
2019-05-13 06:34:04,655 [modules.auxiliary.human] WARNING: Unexpected window title: Firefox
2019-05-13 06:34:05,703 [modules.auxiliary.human] INFO: Found a window with a specific handler: #32770
2019-05-13 06:34:05,703 [modules.auxiliary.human] WARNING: Unexpected window title: Firefox
2019-05-13 06:34:07,187 [modules.auxiliary.human] INFO: Found a window with a specific handler: #32770
2019-05-13 06:34:07,187 [modules.auxiliary.human] WARNING: Unexpected window title: Firefox
2019-05-13 06:34:10,062 [modules.auxiliary.human] INFO: Found a window with a specific handler: #32770
2019-05-13 06:34:10,062 [modules.auxiliary.human] WARNING: Unexpected window title: Firefox
2019-05-13 06:34:11,092 [modules.auxiliary.human] INFO: Found a window with a specific handler: #32770
2019-05-13 06:34:11,092 [modules.auxiliary.human] WARNING: Unexpected window title: Firefox
2019-05-13 06:34:13,858 [modules.auxiliary.human] INFO: Found a window with a specific handler: #32770
2019-05-13 06:34:13,858 [modules.auxiliary.human] WARNING: Unexpected window title: Firefox
2019-05-13 06:34:15,733 [modules.auxiliary.human] INFO: Found a window with a specific handler: #32770
2019-05-13 06:34:15,733 [modules.auxiliary.human] WARNING: Unexpected window title: Firefox
2019-05-13 06:34:17,625 [analyzer] INFO: Analysis timeout hit, terminating analysis.
2019-05-13 06:34:17,640 [modules.auxiliary.human] INFO: Found a window with a specific handler: #32770
2019-05-13 06:34:17,640 [modules.auxiliary.human] WARNING: Unexpected window title: Firefox
2019-05-13 06:34:19,233 [modules.auxiliary.human] INFO: Found a window with a specific handler: #32770
2019-05-13 06:34:19,233 [modules.auxiliary.human] WARNING: Unexpected window title: Firefox
2019-05-13 06:34:20,578 [modules.auxiliary.human] INFO: Found a window with a specific handler: #32770
2019-05-13 06:34:20,578 [modules.auxiliary.human] WARNING: Unexpected window title: Firefox
2019-05-13 06:34:21,108 [lib.api.process] INFO: Memory dump of process with pid 1800 completed
2019-05-13 06:34:22,483 [modules.auxiliary.human] INFO: Found a window with a specific handler: #32770
2019-05-13 06:34:22,483 [modules.auxiliary.human] WARNING: Unexpected window title: Firefox
2019-05-13 06:34:23,421 [lib.api.process] INFO: Memory dump of process with pid 2556 completed
2019-05-13 06:34:23,530 [modules.auxiliary.human] INFO: Found a window with a specific handler: #32770
2019-05-13 06:34:23,530 [modules.auxiliary.human] WARNING: Unexpected window title: Firefox
2019-05-13 06:34:25,703 [modules.auxiliary.human] INFO: Found a window with a specific handler: #32770
2019-05-13 06:34:25,703 [modules.auxiliary.human] WARNING: Unexpected window title: Firefox
2019-05-13 06:34:27,655 [modules.auxiliary.human] INFO: Found a window with a specific handler: #32770
2019-05-13 06:34:27,671 [modules.auxiliary.human] WARNING: Unexpected window title: Firefox
2019-05-13 06:34:35,921 [analyzer] INFO: Terminating remaining processes before shutdown.
2019-05-13 06:34:35,937 [lib.api.process] INFO: Successfully terminated process with pid 1800.
2019-05-13 06:34:35,937 [lib.api.process] INFO: Successfully terminated process with pid 2556.
2019-05-13 06:34:35,983 [analyzer] INFO: Analysis completed.
